[2025-12-12T20:00:32.450+0000] {processor.py:161} INFO - Started process (PID=1304) to work on /opt/airflow/dags/venv/Lib/site-packages/airflow/example_dags/example_setup_teardown_taskflow.py
[2025-12-12T20:00:32.452+0000] {processor.py:830} INFO - Processing file /opt/airflow/dags/venv/Lib/site-packages/airflow/example_dags/example_setup_teardown_taskflow.py for tasks to queue
[2025-12-12T20:00:32.459+0000] {logging_mixin.py:188} INFO - [2025-12-12T20:00:32.458+0000] {dagbag.py:545} INFO - Filling up the DagBag from /opt/airflow/dags/venv/Lib/site-packages/airflow/example_dags/example_setup_teardown_taskflow.py
[2025-12-12T20:00:32.469+0000] {logging_mixin.py:188} INFO - [2025-12-12T20:00:32.466+0000] {dagbag.py:355} ERROR - Failed to import: /opt/airflow/dags/venv/Lib/site-packages/airflow/example_dags/example_setup_teardown_taskflow.py
Traceback (most recent call last):
  File "/home/airflow/.local/lib/python3.11/site-packages/airflow/models/dagbag.py", line 351, in parse
    loader.exec_module(new_module)
  File "<frozen importlib._bootstrap_external>", line 940, in exec_module
  File "<frozen importlib._bootstrap>", line 241, in _call_with_frames_removed
  File "/opt/airflow/dags/venv/Lib/site-packages/airflow/example_dags/example_setup_teardown_taskflow.py", line 24, in <module>
    from airflow.sdk import DAG, setup, task, task_group, teardown
ModuleNotFoundError: No module named 'airflow.sdk'
[2025-12-12T20:00:32.470+0000] {processor.py:842} WARNING - No viable dags retrieved from /opt/airflow/dags/venv/Lib/site-packages/airflow/example_dags/example_setup_teardown_taskflow.py
[2025-12-12T20:00:32.525+0000] {processor.py:183} INFO - Processing /opt/airflow/dags/venv/Lib/site-packages/airflow/example_dags/example_setup_teardown_taskflow.py took 0.092 seconds
[2025-12-12T20:01:11.235+0000] {processor.py:161} INFO - Started process (PID=1743) to work on /opt/airflow/dags/venv/Lib/site-packages/airflow/example_dags/example_setup_teardown_taskflow.py
[2025-12-12T20:01:11.238+0000] {processor.py:830} INFO - Processing file /opt/airflow/dags/venv/Lib/site-packages/airflow/example_dags/example_setup_teardown_taskflow.py for tasks to queue
[2025-12-12T20:01:11.242+0000] {logging_mixin.py:188} INFO - [2025-12-12T20:01:11.241+0000] {dagbag.py:545} INFO - Filling up the DagBag from /opt/airflow/dags/venv/Lib/site-packages/airflow/example_dags/example_setup_teardown_taskflow.py
[2025-12-12T20:01:11.248+0000] {logging_mixin.py:188} INFO - [2025-12-12T20:01:11.246+0000] {dagbag.py:355} ERROR - Failed to import: /opt/airflow/dags/venv/Lib/site-packages/airflow/example_dags/example_setup_teardown_taskflow.py
Traceback (most recent call last):
  File "/home/airflow/.local/lib/python3.11/site-packages/airflow/models/dagbag.py", line 351, in parse
    loader.exec_module(new_module)
  File "<frozen importlib._bootstrap_external>", line 940, in exec_module
  File "<frozen importlib._bootstrap>", line 241, in _call_with_frames_removed
  File "/opt/airflow/dags/venv/Lib/site-packages/airflow/example_dags/example_setup_teardown_taskflow.py", line 24, in <module>
    from airflow.sdk import DAG, setup, task, task_group, teardown
ModuleNotFoundError: No module named 'airflow.sdk'
[2025-12-12T20:01:11.249+0000] {processor.py:842} WARNING - No viable dags retrieved from /opt/airflow/dags/venv/Lib/site-packages/airflow/example_dags/example_setup_teardown_taskflow.py
[2025-12-12T20:01:11.288+0000] {processor.py:183} INFO - Processing /opt/airflow/dags/venv/Lib/site-packages/airflow/example_dags/example_setup_teardown_taskflow.py took 0.066 seconds
[2025-12-12T20:01:44.544+0000] {processor.py:161} INFO - Started process (PID=2167) to work on /opt/airflow/dags/venv/Lib/site-packages/airflow/example_dags/example_setup_teardown_taskflow.py
[2025-12-12T20:01:44.552+0000] {processor.py:830} INFO - Processing file /opt/airflow/dags/venv/Lib/site-packages/airflow/example_dags/example_setup_teardown_taskflow.py for tasks to queue
[2025-12-12T20:01:44.556+0000] {logging_mixin.py:188} INFO - [2025-12-12T20:01:44.555+0000] {dagbag.py:545} INFO - Filling up the DagBag from /opt/airflow/dags/venv/Lib/site-packages/airflow/example_dags/example_setup_teardown_taskflow.py
[2025-12-12T20:01:44.571+0000] {logging_mixin.py:188} INFO - [2025-12-12T20:01:44.564+0000] {dagbag.py:355} ERROR - Failed to import: /opt/airflow/dags/venv/Lib/site-packages/airflow/example_dags/example_setup_teardown_taskflow.py
Traceback (most recent call last):
  File "/home/airflow/.local/lib/python3.11/site-packages/airflow/models/dagbag.py", line 351, in parse
    loader.exec_module(new_module)
  File "<frozen importlib._bootstrap_external>", line 940, in exec_module
  File "<frozen importlib._bootstrap>", line 241, in _call_with_frames_removed
  File "/opt/airflow/dags/venv/Lib/site-packages/airflow/example_dags/example_setup_teardown_taskflow.py", line 24, in <module>
    from airflow.sdk import DAG, setup, task, task_group, teardown
ModuleNotFoundError: No module named 'airflow.sdk'
[2025-12-12T20:01:44.572+0000] {processor.py:842} WARNING - No viable dags retrieved from /opt/airflow/dags/venv/Lib/site-packages/airflow/example_dags/example_setup_teardown_taskflow.py
[2025-12-12T20:01:44.652+0000] {processor.py:183} INFO - Processing /opt/airflow/dags/venv/Lib/site-packages/airflow/example_dags/example_setup_teardown_taskflow.py took 0.127 seconds
[2025-12-12T20:02:17.140+0000] {processor.py:161} INFO - Started process (PID=2577) to work on /opt/airflow/dags/venv/Lib/site-packages/airflow/example_dags/example_setup_teardown_taskflow.py
[2025-12-12T20:02:17.143+0000] {processor.py:830} INFO - Processing file /opt/airflow/dags/venv/Lib/site-packages/airflow/example_dags/example_setup_teardown_taskflow.py for tasks to queue
[2025-12-12T20:02:17.146+0000] {logging_mixin.py:188} INFO - [2025-12-12T20:02:17.146+0000] {dagbag.py:545} INFO - Filling up the DagBag from /opt/airflow/dags/venv/Lib/site-packages/airflow/example_dags/example_setup_teardown_taskflow.py
[2025-12-12T20:02:17.154+0000] {logging_mixin.py:188} INFO - [2025-12-12T20:02:17.152+0000] {dagbag.py:355} ERROR - Failed to import: /opt/airflow/dags/venv/Lib/site-packages/airflow/example_dags/example_setup_teardown_taskflow.py
Traceback (most recent call last):
  File "/home/airflow/.local/lib/python3.11/site-packages/airflow/models/dagbag.py", line 351, in parse
    loader.exec_module(new_module)
  File "<frozen importlib._bootstrap_external>", line 940, in exec_module
  File "<frozen importlib._bootstrap>", line 241, in _call_with_frames_removed
  File "/opt/airflow/dags/venv/Lib/site-packages/airflow/example_dags/example_setup_teardown_taskflow.py", line 24, in <module>
    from airflow.sdk import DAG, setup, task, task_group, teardown
ModuleNotFoundError: No module named 'airflow.sdk'
[2025-12-12T20:02:17.155+0000] {processor.py:842} WARNING - No viable dags retrieved from /opt/airflow/dags/venv/Lib/site-packages/airflow/example_dags/example_setup_teardown_taskflow.py
[2025-12-12T20:02:17.193+0000] {processor.py:183} INFO - Processing /opt/airflow/dags/venv/Lib/site-packages/airflow/example_dags/example_setup_teardown_taskflow.py took 0.066 seconds
[2025-12-12T20:02:49.772+0000] {processor.py:161} INFO - Started process (PID=3001) to work on /opt/airflow/dags/venv/Lib/site-packages/airflow/example_dags/example_setup_teardown_taskflow.py
[2025-12-12T20:02:49.776+0000] {processor.py:830} INFO - Processing file /opt/airflow/dags/venv/Lib/site-packages/airflow/example_dags/example_setup_teardown_taskflow.py for tasks to queue
[2025-12-12T20:02:49.781+0000] {logging_mixin.py:188} INFO - [2025-12-12T20:02:49.779+0000] {dagbag.py:545} INFO - Filling up the DagBag from /opt/airflow/dags/venv/Lib/site-packages/airflow/example_dags/example_setup_teardown_taskflow.py
[2025-12-12T20:02:49.787+0000] {logging_mixin.py:188} INFO - [2025-12-12T20:02:49.785+0000] {dagbag.py:355} ERROR - Failed to import: /opt/airflow/dags/venv/Lib/site-packages/airflow/example_dags/example_setup_teardown_taskflow.py
Traceback (most recent call last):
  File "/home/airflow/.local/lib/python3.11/site-packages/airflow/models/dagbag.py", line 351, in parse
    loader.exec_module(new_module)
  File "<frozen importlib._bootstrap_external>", line 940, in exec_module
  File "<frozen importlib._bootstrap>", line 241, in _call_with_frames_removed
  File "/opt/airflow/dags/venv/Lib/site-packages/airflow/example_dags/example_setup_teardown_taskflow.py", line 24, in <module>
    from airflow.sdk import DAG, setup, task, task_group, teardown
ModuleNotFoundError: No module named 'airflow.sdk'
[2025-12-12T20:02:49.788+0000] {processor.py:842} WARNING - No viable dags retrieved from /opt/airflow/dags/venv/Lib/site-packages/airflow/example_dags/example_setup_teardown_taskflow.py
[2025-12-12T20:02:49.826+0000] {processor.py:183} INFO - Processing /opt/airflow/dags/venv/Lib/site-packages/airflow/example_dags/example_setup_teardown_taskflow.py took 0.068 seconds
[2025-12-12T20:03:20.981+0000] {processor.py:161} INFO - Started process (PID=3426) to work on /opt/airflow/dags/venv/Lib/site-packages/airflow/example_dags/example_setup_teardown_taskflow.py
[2025-12-12T20:03:20.983+0000] {processor.py:830} INFO - Processing file /opt/airflow/dags/venv/Lib/site-packages/airflow/example_dags/example_setup_teardown_taskflow.py for tasks to queue
[2025-12-12T20:03:20.988+0000] {logging_mixin.py:188} INFO - [2025-12-12T20:03:20.988+0000] {dagbag.py:545} INFO - Filling up the DagBag from /opt/airflow/dags/venv/Lib/site-packages/airflow/example_dags/example_setup_teardown_taskflow.py
[2025-12-12T20:03:20.995+0000] {logging_mixin.py:188} INFO - [2025-12-12T20:03:20.993+0000] {dagbag.py:355} ERROR - Failed to import: /opt/airflow/dags/venv/Lib/site-packages/airflow/example_dags/example_setup_teardown_taskflow.py
Traceback (most recent call last):
  File "/home/airflow/.local/lib/python3.11/site-packages/airflow/models/dagbag.py", line 351, in parse
    loader.exec_module(new_module)
  File "<frozen importlib._bootstrap_external>", line 940, in exec_module
  File "<frozen importlib._bootstrap>", line 241, in _call_with_frames_removed
  File "/opt/airflow/dags/venv/Lib/site-packages/airflow/example_dags/example_setup_teardown_taskflow.py", line 24, in <module>
    from airflow.sdk import DAG, setup, task, task_group, teardown
ModuleNotFoundError: No module named 'airflow.sdk'
[2025-12-12T20:03:20.996+0000] {processor.py:842} WARNING - No viable dags retrieved from /opt/airflow/dags/venv/Lib/site-packages/airflow/example_dags/example_setup_teardown_taskflow.py
[2025-12-12T20:03:21.038+0000] {processor.py:183} INFO - Processing /opt/airflow/dags/venv/Lib/site-packages/airflow/example_dags/example_setup_teardown_taskflow.py took 0.072 seconds
[2025-12-12T20:03:52.557+0000] {processor.py:161} INFO - Started process (PID=3827) to work on /opt/airflow/dags/venv/Lib/site-packages/airflow/example_dags/example_setup_teardown_taskflow.py
[2025-12-12T20:03:52.560+0000] {processor.py:830} INFO - Processing file /opt/airflow/dags/venv/Lib/site-packages/airflow/example_dags/example_setup_teardown_taskflow.py for tasks to queue
[2025-12-12T20:03:52.564+0000] {logging_mixin.py:188} INFO - [2025-12-12T20:03:52.563+0000] {dagbag.py:545} INFO - Filling up the DagBag from /opt/airflow/dags/venv/Lib/site-packages/airflow/example_dags/example_setup_teardown_taskflow.py
[2025-12-12T20:03:52.572+0000] {logging_mixin.py:188} INFO - [2025-12-12T20:03:52.569+0000] {dagbag.py:355} ERROR - Failed to import: /opt/airflow/dags/venv/Lib/site-packages/airflow/example_dags/example_setup_teardown_taskflow.py
Traceback (most recent call last):
  File "/home/airflow/.local/lib/python3.11/site-packages/airflow/models/dagbag.py", line 351, in parse
    loader.exec_module(new_module)
  File "<frozen importlib._bootstrap_external>", line 940, in exec_module
  File "<frozen importlib._bootstrap>", line 241, in _call_with_frames_removed
  File "/opt/airflow/dags/venv/Lib/site-packages/airflow/example_dags/example_setup_teardown_taskflow.py", line 24, in <module>
    from airflow.sdk import DAG, setup, task, task_group, teardown
ModuleNotFoundError: No module named 'airflow.sdk'
[2025-12-12T20:03:52.573+0000] {processor.py:842} WARNING - No viable dags retrieved from /opt/airflow/dags/venv/Lib/site-packages/airflow/example_dags/example_setup_teardown_taskflow.py
[2025-12-12T20:03:52.617+0000] {processor.py:183} INFO - Processing /opt/airflow/dags/venv/Lib/site-packages/airflow/example_dags/example_setup_teardown_taskflow.py took 0.079 seconds
[2025-12-12T20:04:29.520+0000] {processor.py:161} INFO - Started process (PID=4250) to work on /opt/airflow/dags/venv/Lib/site-packages/airflow/example_dags/example_setup_teardown_taskflow.py
[2025-12-12T20:04:29.524+0000] {processor.py:830} INFO - Processing file /opt/airflow/dags/venv/Lib/site-packages/airflow/example_dags/example_setup_teardown_taskflow.py for tasks to queue
[2025-12-12T20:04:29.529+0000] {logging_mixin.py:188} INFO - [2025-12-12T20:04:29.529+0000] {dagbag.py:545} INFO - Filling up the DagBag from /opt/airflow/dags/venv/Lib/site-packages/airflow/example_dags/example_setup_teardown_taskflow.py
[2025-12-12T20:04:29.539+0000] {logging_mixin.py:188} INFO - [2025-12-12T20:04:29.536+0000] {dagbag.py:355} ERROR - Failed to import: /opt/airflow/dags/venv/Lib/site-packages/airflow/example_dags/example_setup_teardown_taskflow.py
Traceback (most recent call last):
  File "/home/airflow/.local/lib/python3.11/site-packages/airflow/models/dagbag.py", line 351, in parse
    loader.exec_module(new_module)
  File "<frozen importlib._bootstrap_external>", line 940, in exec_module
  File "<frozen importlib._bootstrap>", line 241, in _call_with_frames_removed
  File "/opt/airflow/dags/venv/Lib/site-packages/airflow/example_dags/example_setup_teardown_taskflow.py", line 24, in <module>
    from airflow.sdk import DAG, setup, task, task_group, teardown
ModuleNotFoundError: No module named 'airflow.sdk'
[2025-12-12T20:04:29.541+0000] {processor.py:842} WARNING - No viable dags retrieved from /opt/airflow/dags/venv/Lib/site-packages/airflow/example_dags/example_setup_teardown_taskflow.py
[2025-12-12T20:04:29.588+0000] {processor.py:183} INFO - Processing /opt/airflow/dags/venv/Lib/site-packages/airflow/example_dags/example_setup_teardown_taskflow.py took 0.086 seconds
[2025-12-12T20:05:02.526+0000] {processor.py:161} INFO - Started process (PID=4664) to work on /opt/airflow/dags/venv/Lib/site-packages/airflow/example_dags/example_setup_teardown_taskflow.py
[2025-12-12T20:05:02.530+0000] {processor.py:830} INFO - Processing file /opt/airflow/dags/venv/Lib/site-packages/airflow/example_dags/example_setup_teardown_taskflow.py for tasks to queue
[2025-12-12T20:05:02.534+0000] {logging_mixin.py:188} INFO - [2025-12-12T20:05:02.533+0000] {dagbag.py:545} INFO - Filling up the DagBag from /opt/airflow/dags/venv/Lib/site-packages/airflow/example_dags/example_setup_teardown_taskflow.py
[2025-12-12T20:05:02.540+0000] {logging_mixin.py:188} INFO - [2025-12-12T20:05:02.538+0000] {dagbag.py:355} ERROR - Failed to import: /opt/airflow/dags/venv/Lib/site-packages/airflow/example_dags/example_setup_teardown_taskflow.py
Traceback (most recent call last):
  File "/home/airflow/.local/lib/python3.11/site-packages/airflow/models/dagbag.py", line 351, in parse
    loader.exec_module(new_module)
  File "<frozen importlib._bootstrap_external>", line 940, in exec_module
  File "<frozen importlib._bootstrap>", line 241, in _call_with_frames_removed
  File "/opt/airflow/dags/venv/Lib/site-packages/airflow/example_dags/example_setup_teardown_taskflow.py", line 24, in <module>
    from airflow.sdk import DAG, setup, task, task_group, teardown
ModuleNotFoundError: No module named 'airflow.sdk'
[2025-12-12T20:05:02.541+0000] {processor.py:842} WARNING - No viable dags retrieved from /opt/airflow/dags/venv/Lib/site-packages/airflow/example_dags/example_setup_teardown_taskflow.py
[2025-12-12T20:05:02.580+0000] {processor.py:183} INFO - Processing /opt/airflow/dags/venv/Lib/site-packages/airflow/example_dags/example_setup_teardown_taskflow.py took 0.070 seconds
[2025-12-12T20:05:37.580+0000] {processor.py:161} INFO - Started process (PID=5077) to work on /opt/airflow/dags/venv/Lib/site-packages/airflow/example_dags/example_setup_teardown_taskflow.py
[2025-12-12T20:05:37.582+0000] {processor.py:830} INFO - Processing file /opt/airflow/dags/venv/Lib/site-packages/airflow/example_dags/example_setup_teardown_taskflow.py for tasks to queue
[2025-12-12T20:05:37.583+0000] {logging_mixin.py:188} INFO - [2025-12-12T20:05:37.583+0000] {dagbag.py:545} INFO - Filling up the DagBag from /opt/airflow/dags/venv/Lib/site-packages/airflow/example_dags/example_setup_teardown_taskflow.py
[2025-12-12T20:05:37.590+0000] {logging_mixin.py:188} INFO - [2025-12-12T20:05:37.588+0000] {dagbag.py:355} ERROR - Failed to import: /opt/airflow/dags/venv/Lib/site-packages/airflow/example_dags/example_setup_teardown_taskflow.py
Traceback (most recent call last):
  File "/home/airflow/.local/lib/python3.11/site-packages/airflow/models/dagbag.py", line 351, in parse
    loader.exec_module(new_module)
  File "<frozen importlib._bootstrap_external>", line 940, in exec_module
  File "<frozen importlib._bootstrap>", line 241, in _call_with_frames_removed
  File "/opt/airflow/dags/venv/Lib/site-packages/airflow/example_dags/example_setup_teardown_taskflow.py", line 24, in <module>
    from airflow.sdk import DAG, setup, task, task_group, teardown
ModuleNotFoundError: No module named 'airflow.sdk'
[2025-12-12T20:05:37.591+0000] {processor.py:842} WARNING - No viable dags retrieved from /opt/airflow/dags/venv/Lib/site-packages/airflow/example_dags/example_setup_teardown_taskflow.py
[2025-12-12T20:05:37.630+0000] {processor.py:183} INFO - Processing /opt/airflow/dags/venv/Lib/site-packages/airflow/example_dags/example_setup_teardown_taskflow.py took 0.064 seconds
[2025-12-12T20:06:11.256+0000] {processor.py:161} INFO - Started process (PID=5504) to work on /opt/airflow/dags/venv/Lib/site-packages/airflow/example_dags/example_setup_teardown_taskflow.py
[2025-12-12T20:06:11.259+0000] {processor.py:830} INFO - Processing file /opt/airflow/dags/venv/Lib/site-packages/airflow/example_dags/example_setup_teardown_taskflow.py for tasks to queue
[2025-12-12T20:06:11.260+0000] {logging_mixin.py:188} INFO - [2025-12-12T20:06:11.260+0000] {dagbag.py:545} INFO - Filling up the DagBag from /opt/airflow/dags/venv/Lib/site-packages/airflow/example_dags/example_setup_teardown_taskflow.py
[2025-12-12T20:06:11.268+0000] {logging_mixin.py:188} INFO - [2025-12-12T20:06:11.264+0000] {dagbag.py:355} ERROR - Failed to import: /opt/airflow/dags/venv/Lib/site-packages/airflow/example_dags/example_setup_teardown_taskflow.py
Traceback (most recent call last):
  File "/home/airflow/.local/lib/python3.11/site-packages/airflow/models/dagbag.py", line 351, in parse
    loader.exec_module(new_module)
  File "<frozen importlib._bootstrap_external>", line 940, in exec_module
  File "<frozen importlib._bootstrap>", line 241, in _call_with_frames_removed
  File "/opt/airflow/dags/venv/Lib/site-packages/airflow/example_dags/example_setup_teardown_taskflow.py", line 24, in <module>
    from airflow.sdk import DAG, setup, task, task_group, teardown
ModuleNotFoundError: No module named 'airflow.sdk'
[2025-12-12T20:06:11.269+0000] {processor.py:842} WARNING - No viable dags retrieved from /opt/airflow/dags/venv/Lib/site-packages/airflow/example_dags/example_setup_teardown_taskflow.py
[2025-12-12T20:06:11.309+0000] {processor.py:183} INFO - Processing /opt/airflow/dags/venv/Lib/site-packages/airflow/example_dags/example_setup_teardown_taskflow.py took 0.067 seconds
[2025-12-12T20:06:45.054+0000] {processor.py:161} INFO - Started process (PID=5903) to work on /opt/airflow/dags/venv/Lib/site-packages/airflow/example_dags/example_setup_teardown_taskflow.py
[2025-12-12T20:06:45.056+0000] {processor.py:830} INFO - Processing file /opt/airflow/dags/venv/Lib/site-packages/airflow/example_dags/example_setup_teardown_taskflow.py for tasks to queue
[2025-12-12T20:06:45.058+0000] {logging_mixin.py:188} INFO - [2025-12-12T20:06:45.057+0000] {dagbag.py:545} INFO - Filling up the DagBag from /opt/airflow/dags/venv/Lib/site-packages/airflow/example_dags/example_setup_teardown_taskflow.py
[2025-12-12T20:06:45.064+0000] {logging_mixin.py:188} INFO - [2025-12-12T20:06:45.062+0000] {dagbag.py:355} ERROR - Failed to import: /opt/airflow/dags/venv/Lib/site-packages/airflow/example_dags/example_setup_teardown_taskflow.py
Traceback (most recent call last):
  File "/home/airflow/.local/lib/python3.11/site-packages/airflow/models/dagbag.py", line 351, in parse
    loader.exec_module(new_module)
  File "<frozen importlib._bootstrap_external>", line 940, in exec_module
  File "<frozen importlib._bootstrap>", line 241, in _call_with_frames_removed
  File "/opt/airflow/dags/venv/Lib/site-packages/airflow/example_dags/example_setup_teardown_taskflow.py", line 24, in <module>
    from airflow.sdk import DAG, setup, task, task_group, teardown
ModuleNotFoundError: No module named 'airflow.sdk'
[2025-12-12T20:06:45.065+0000] {processor.py:842} WARNING - No viable dags retrieved from /opt/airflow/dags/venv/Lib/site-packages/airflow/example_dags/example_setup_teardown_taskflow.py
[2025-12-12T20:06:45.109+0000] {processor.py:183} INFO - Processing /opt/airflow/dags/venv/Lib/site-packages/airflow/example_dags/example_setup_teardown_taskflow.py took 0.069 seconds
[2025-12-12T20:07:18.662+0000] {processor.py:161} INFO - Started process (PID=6307) to work on /opt/airflow/dags/venv/Lib/site-packages/airflow/example_dags/example_setup_teardown_taskflow.py
[2025-12-12T20:07:18.664+0000] {processor.py:830} INFO - Processing file /opt/airflow/dags/venv/Lib/site-packages/airflow/example_dags/example_setup_teardown_taskflow.py for tasks to queue
[2025-12-12T20:07:18.666+0000] {logging_mixin.py:188} INFO - [2025-12-12T20:07:18.665+0000] {dagbag.py:545} INFO - Filling up the DagBag from /opt/airflow/dags/venv/Lib/site-packages/airflow/example_dags/example_setup_teardown_taskflow.py
[2025-12-12T20:07:18.673+0000] {logging_mixin.py:188} INFO - [2025-12-12T20:07:18.671+0000] {dagbag.py:355} ERROR - Failed to import: /opt/airflow/dags/venv/Lib/site-packages/airflow/example_dags/example_setup_teardown_taskflow.py
Traceback (most recent call last):
  File "/home/airflow/.local/lib/python3.11/site-packages/airflow/models/dagbag.py", line 351, in parse
    loader.exec_module(new_module)
  File "<frozen importlib._bootstrap_external>", line 940, in exec_module
  File "<frozen importlib._bootstrap>", line 241, in _call_with_frames_removed
  File "/opt/airflow/dags/venv/Lib/site-packages/airflow/example_dags/example_setup_teardown_taskflow.py", line 24, in <module>
    from airflow.sdk import DAG, setup, task, task_group, teardown
ModuleNotFoundError: No module named 'airflow.sdk'
[2025-12-12T20:07:18.675+0000] {processor.py:842} WARNING - No viable dags retrieved from /opt/airflow/dags/venv/Lib/site-packages/airflow/example_dags/example_setup_teardown_taskflow.py
[2025-12-12T20:07:18.726+0000] {processor.py:183} INFO - Processing /opt/airflow/dags/venv/Lib/site-packages/airflow/example_dags/example_setup_teardown_taskflow.py took 0.081 seconds
[2025-12-12T20:07:52.138+0000] {processor.py:161} INFO - Started process (PID=6735) to work on /opt/airflow/dags/venv/Lib/site-packages/airflow/example_dags/example_setup_teardown_taskflow.py
[2025-12-12T20:07:52.140+0000] {processor.py:830} INFO - Processing file /opt/airflow/dags/venv/Lib/site-packages/airflow/example_dags/example_setup_teardown_taskflow.py for tasks to queue
[2025-12-12T20:07:52.142+0000] {logging_mixin.py:188} INFO - [2025-12-12T20:07:52.141+0000] {dagbag.py:545} INFO - Filling up the DagBag from /opt/airflow/dags/venv/Lib/site-packages/airflow/example_dags/example_setup_teardown_taskflow.py
[2025-12-12T20:07:52.150+0000] {logging_mixin.py:188} INFO - [2025-12-12T20:07:52.147+0000] {dagbag.py:355} ERROR - Failed to import: /opt/airflow/dags/venv/Lib/site-packages/airflow/example_dags/example_setup_teardown_taskflow.py
Traceback (most recent call last):
  File "/home/airflow/.local/lib/python3.11/site-packages/airflow/models/dagbag.py", line 351, in parse
    loader.exec_module(new_module)
  File "<frozen importlib._bootstrap_external>", line 940, in exec_module
  File "<frozen importlib._bootstrap>", line 241, in _call_with_frames_removed
  File "/opt/airflow/dags/venv/Lib/site-packages/airflow/example_dags/example_setup_teardown_taskflow.py", line 24, in <module>
    from airflow.sdk import DAG, setup, task, task_group, teardown
ModuleNotFoundError: No module named 'airflow.sdk'
[2025-12-12T20:07:52.151+0000] {processor.py:842} WARNING - No viable dags retrieved from /opt/airflow/dags/venv/Lib/site-packages/airflow/example_dags/example_setup_teardown_taskflow.py
[2025-12-12T20:07:52.200+0000] {processor.py:183} INFO - Processing /opt/airflow/dags/venv/Lib/site-packages/airflow/example_dags/example_setup_teardown_taskflow.py took 0.078 seconds
[2025-12-12T20:08:28.368+0000] {processor.py:161} INFO - Started process (PID=7180) to work on /opt/airflow/dags/venv/Lib/site-packages/airflow/example_dags/example_setup_teardown_taskflow.py
[2025-12-12T20:08:28.371+0000] {processor.py:830} INFO - Processing file /opt/airflow/dags/venv/Lib/site-packages/airflow/example_dags/example_setup_teardown_taskflow.py for tasks to queue
[2025-12-12T20:08:28.372+0000] {logging_mixin.py:188} INFO - [2025-12-12T20:08:28.372+0000] {dagbag.py:545} INFO - Filling up the DagBag from /opt/airflow/dags/venv/Lib/site-packages/airflow/example_dags/example_setup_teardown_taskflow.py
[2025-12-12T20:08:28.379+0000] {logging_mixin.py:188} INFO - [2025-12-12T20:08:28.377+0000] {dagbag.py:355} ERROR - Failed to import: /opt/airflow/dags/venv/Lib/site-packages/airflow/example_dags/example_setup_teardown_taskflow.py
Traceback (most recent call last):
  File "/home/airflow/.local/lib/python3.11/site-packages/airflow/models/dagbag.py", line 351, in parse
    loader.exec_module(new_module)
  File "<frozen importlib._bootstrap_external>", line 940, in exec_module
  File "<frozen importlib._bootstrap>", line 241, in _call_with_frames_removed
  File "/opt/airflow/dags/venv/Lib/site-packages/airflow/example_dags/example_setup_teardown_taskflow.py", line 24, in <module>
    from airflow.sdk import DAG, setup, task, task_group, teardown
ModuleNotFoundError: No module named 'airflow.sdk'
[2025-12-12T20:08:28.380+0000] {processor.py:842} WARNING - No viable dags retrieved from /opt/airflow/dags/venv/Lib/site-packages/airflow/example_dags/example_setup_teardown_taskflow.py
[2025-12-12T20:08:28.422+0000] {processor.py:183} INFO - Processing /opt/airflow/dags/venv/Lib/site-packages/airflow/example_dags/example_setup_teardown_taskflow.py took 0.069 seconds
[2025-12-12T20:09:01.416+0000] {processor.py:161} INFO - Started process (PID=7607) to work on /opt/airflow/dags/venv/Lib/site-packages/airflow/example_dags/example_setup_teardown_taskflow.py
[2025-12-12T20:09:01.419+0000] {processor.py:830} INFO - Processing file /opt/airflow/dags/venv/Lib/site-packages/airflow/example_dags/example_setup_teardown_taskflow.py for tasks to queue
[2025-12-12T20:09:01.421+0000] {logging_mixin.py:188} INFO - [2025-12-12T20:09:01.420+0000] {dagbag.py:545} INFO - Filling up the DagBag from /opt/airflow/dags/venv/Lib/site-packages/airflow/example_dags/example_setup_teardown_taskflow.py
[2025-12-12T20:09:01.427+0000] {logging_mixin.py:188} INFO - [2025-12-12T20:09:01.425+0000] {dagbag.py:355} ERROR - Failed to import: /opt/airflow/dags/venv/Lib/site-packages/airflow/example_dags/example_setup_teardown_taskflow.py
Traceback (most recent call last):
  File "/home/airflow/.local/lib/python3.11/site-packages/airflow/models/dagbag.py", line 351, in parse
    loader.exec_module(new_module)
  File "<frozen importlib._bootstrap_external>", line 940, in exec_module
  File "<frozen importlib._bootstrap>", line 241, in _call_with_frames_removed
  File "/opt/airflow/dags/venv/Lib/site-packages/airflow/example_dags/example_setup_teardown_taskflow.py", line 24, in <module>
    from airflow.sdk import DAG, setup, task, task_group, teardown
ModuleNotFoundError: No module named 'airflow.sdk'
[2025-12-12T20:09:01.428+0000] {processor.py:842} WARNING - No viable dags retrieved from /opt/airflow/dags/venv/Lib/site-packages/airflow/example_dags/example_setup_teardown_taskflow.py
[2025-12-12T20:09:01.468+0000] {processor.py:183} INFO - Processing /opt/airflow/dags/venv/Lib/site-packages/airflow/example_dags/example_setup_teardown_taskflow.py took 0.066 seconds
[2025-12-12T20:09:35.606+0000] {processor.py:161} INFO - Started process (PID=8040) to work on /opt/airflow/dags/venv/Lib/site-packages/airflow/example_dags/example_setup_teardown_taskflow.py
[2025-12-12T20:09:35.609+0000] {processor.py:830} INFO - Processing file /opt/airflow/dags/venv/Lib/site-packages/airflow/example_dags/example_setup_teardown_taskflow.py for tasks to queue
[2025-12-12T20:09:35.610+0000] {logging_mixin.py:188} INFO - [2025-12-12T20:09:35.610+0000] {dagbag.py:545} INFO - Filling up the DagBag from /opt/airflow/dags/venv/Lib/site-packages/airflow/example_dags/example_setup_teardown_taskflow.py
[2025-12-12T20:09:35.616+0000] {logging_mixin.py:188} INFO - [2025-12-12T20:09:35.614+0000] {dagbag.py:355} ERROR - Failed to import: /opt/airflow/dags/venv/Lib/site-packages/airflow/example_dags/example_setup_teardown_taskflow.py
Traceback (most recent call last):
  File "/home/airflow/.local/lib/python3.11/site-packages/airflow/models/dagbag.py", line 351, in parse
    loader.exec_module(new_module)
  File "<frozen importlib._bootstrap_external>", line 940, in exec_module
  File "<frozen importlib._bootstrap>", line 241, in _call_with_frames_removed
  File "/opt/airflow/dags/venv/Lib/site-packages/airflow/example_dags/example_setup_teardown_taskflow.py", line 24, in <module>
    from airflow.sdk import DAG, setup, task, task_group, teardown
ModuleNotFoundError: No module named 'airflow.sdk'
[2025-12-12T20:09:35.617+0000] {processor.py:842} WARNING - No viable dags retrieved from /opt/airflow/dags/venv/Lib/site-packages/airflow/example_dags/example_setup_teardown_taskflow.py
[2025-12-12T20:09:35.660+0000] {processor.py:183} INFO - Processing /opt/airflow/dags/venv/Lib/site-packages/airflow/example_dags/example_setup_teardown_taskflow.py took 0.068 seconds
[2025-12-12T20:10:11.243+0000] {processor.py:161} INFO - Started process (PID=8448) to work on /opt/airflow/dags/venv/Lib/site-packages/airflow/example_dags/example_setup_teardown_taskflow.py
[2025-12-12T20:10:11.247+0000] {processor.py:830} INFO - Processing file /opt/airflow/dags/venv/Lib/site-packages/airflow/example_dags/example_setup_teardown_taskflow.py for tasks to queue
[2025-12-12T20:10:11.249+0000] {logging_mixin.py:188} INFO - [2025-12-12T20:10:11.248+0000] {dagbag.py:545} INFO - Filling up the DagBag from /opt/airflow/dags/venv/Lib/site-packages/airflow/example_dags/example_setup_teardown_taskflow.py
[2025-12-12T20:10:11.256+0000] {logging_mixin.py:188} INFO - [2025-12-12T20:10:11.254+0000] {dagbag.py:355} ERROR - Failed to import: /opt/airflow/dags/venv/Lib/site-packages/airflow/example_dags/example_setup_teardown_taskflow.py
Traceback (most recent call last):
  File "/home/airflow/.local/lib/python3.11/site-packages/airflow/models/dagbag.py", line 351, in parse
    loader.exec_module(new_module)
  File "<frozen importlib._bootstrap_external>", line 940, in exec_module
  File "<frozen importlib._bootstrap>", line 241, in _call_with_frames_removed
  File "/opt/airflow/dags/venv/Lib/site-packages/airflow/example_dags/example_setup_teardown_taskflow.py", line 24, in <module>
    from airflow.sdk import DAG, setup, task, task_group, teardown
ModuleNotFoundError: No module named 'airflow.sdk'
[2025-12-12T20:10:11.257+0000] {processor.py:842} WARNING - No viable dags retrieved from /opt/airflow/dags/venv/Lib/site-packages/airflow/example_dags/example_setup_teardown_taskflow.py
[2025-12-12T20:10:11.304+0000] {processor.py:183} INFO - Processing /opt/airflow/dags/venv/Lib/site-packages/airflow/example_dags/example_setup_teardown_taskflow.py took 0.079 seconds
[2025-12-12T20:10:47.692+0000] {processor.py:161} INFO - Started process (PID=8846) to work on /opt/airflow/dags/venv/Lib/site-packages/airflow/example_dags/example_setup_teardown_taskflow.py
[2025-12-12T20:10:47.695+0000] {processor.py:830} INFO - Processing file /opt/airflow/dags/venv/Lib/site-packages/airflow/example_dags/example_setup_teardown_taskflow.py for tasks to queue
[2025-12-12T20:10:47.697+0000] {logging_mixin.py:188} INFO - [2025-12-12T20:10:47.696+0000] {dagbag.py:545} INFO - Filling up the DagBag from /opt/airflow/dags/venv/Lib/site-packages/airflow/example_dags/example_setup_teardown_taskflow.py
[2025-12-12T20:10:47.703+0000] {logging_mixin.py:188} INFO - [2025-12-12T20:10:47.701+0000] {dagbag.py:355} ERROR - Failed to import: /opt/airflow/dags/venv/Lib/site-packages/airflow/example_dags/example_setup_teardown_taskflow.py
Traceback (most recent call last):
  File "/home/airflow/.local/lib/python3.11/site-packages/airflow/models/dagbag.py", line 351, in parse
    loader.exec_module(new_module)
  File "<frozen importlib._bootstrap_external>", line 940, in exec_module
  File "<frozen importlib._bootstrap>", line 241, in _call_with_frames_removed
  File "/opt/airflow/dags/venv/Lib/site-packages/airflow/example_dags/example_setup_teardown_taskflow.py", line 24, in <module>
    from airflow.sdk import DAG, setup, task, task_group, teardown
ModuleNotFoundError: No module named 'airflow.sdk'
[2025-12-12T20:10:47.704+0000] {processor.py:842} WARNING - No viable dags retrieved from /opt/airflow/dags/venv/Lib/site-packages/airflow/example_dags/example_setup_teardown_taskflow.py
[2025-12-12T20:10:47.745+0000] {processor.py:183} INFO - Processing /opt/airflow/dags/venv/Lib/site-packages/airflow/example_dags/example_setup_teardown_taskflow.py took 0.066 seconds
[2025-12-12T20:11:23.358+0000] {processor.py:161} INFO - Started process (PID=9279) to work on /opt/airflow/dags/venv/Lib/site-packages/airflow/example_dags/example_setup_teardown_taskflow.py
[2025-12-12T20:11:23.362+0000] {processor.py:830} INFO - Processing file /opt/airflow/dags/venv/Lib/site-packages/airflow/example_dags/example_setup_teardown_taskflow.py for tasks to queue
[2025-12-12T20:11:23.363+0000] {logging_mixin.py:188} INFO - [2025-12-12T20:11:23.363+0000] {dagbag.py:545} INFO - Filling up the DagBag from /opt/airflow/dags/venv/Lib/site-packages/airflow/example_dags/example_setup_teardown_taskflow.py
[2025-12-12T20:11:23.370+0000] {logging_mixin.py:188} INFO - [2025-12-12T20:11:23.368+0000] {dagbag.py:355} ERROR - Failed to import: /opt/airflow/dags/venv/Lib/site-packages/airflow/example_dags/example_setup_teardown_taskflow.py
Traceback (most recent call last):
  File "/home/airflow/.local/lib/python3.11/site-packages/airflow/models/dagbag.py", line 351, in parse
    loader.exec_module(new_module)
  File "<frozen importlib._bootstrap_external>", line 940, in exec_module
  File "<frozen importlib._bootstrap>", line 241, in _call_with_frames_removed
  File "/opt/airflow/dags/venv/Lib/site-packages/airflow/example_dags/example_setup_teardown_taskflow.py", line 24, in <module>
    from airflow.sdk import DAG, setup, task, task_group, teardown
ModuleNotFoundError: No module named 'airflow.sdk'
[2025-12-12T20:11:23.371+0000] {processor.py:842} WARNING - No viable dags retrieved from /opt/airflow/dags/venv/Lib/site-packages/airflow/example_dags/example_setup_teardown_taskflow.py
[2025-12-12T20:11:23.410+0000] {processor.py:183} INFO - Processing /opt/airflow/dags/venv/Lib/site-packages/airflow/example_dags/example_setup_teardown_taskflow.py took 0.065 seconds
[2025-12-12T20:11:56.759+0000] {processor.py:161} INFO - Started process (PID=9700) to work on /opt/airflow/dags/venv/Lib/site-packages/airflow/example_dags/example_setup_teardown_taskflow.py
[2025-12-12T20:11:56.761+0000] {processor.py:830} INFO - Processing file /opt/airflow/dags/venv/Lib/site-packages/airflow/example_dags/example_setup_teardown_taskflow.py for tasks to queue
[2025-12-12T20:11:56.763+0000] {logging_mixin.py:188} INFO - [2025-12-12T20:11:56.762+0000] {dagbag.py:545} INFO - Filling up the DagBag from /opt/airflow/dags/venv/Lib/site-packages/airflow/example_dags/example_setup_teardown_taskflow.py
[2025-12-12T20:11:56.770+0000] {logging_mixin.py:188} INFO - [2025-12-12T20:11:56.767+0000] {dagbag.py:355} ERROR - Failed to import: /opt/airflow/dags/venv/Lib/site-packages/airflow/example_dags/example_setup_teardown_taskflow.py
Traceback (most recent call last):
  File "/home/airflow/.local/lib/python3.11/site-packages/airflow/models/dagbag.py", line 351, in parse
    loader.exec_module(new_module)
  File "<frozen importlib._bootstrap_external>", line 940, in exec_module
  File "<frozen importlib._bootstrap>", line 241, in _call_with_frames_removed
  File "/opt/airflow/dags/venv/Lib/site-packages/airflow/example_dags/example_setup_teardown_taskflow.py", line 24, in <module>
    from airflow.sdk import DAG, setup, task, task_group, teardown
ModuleNotFoundError: No module named 'airflow.sdk'
[2025-12-12T20:11:56.770+0000] {processor.py:842} WARNING - No viable dags retrieved from /opt/airflow/dags/venv/Lib/site-packages/airflow/example_dags/example_setup_teardown_taskflow.py
[2025-12-12T20:11:56.811+0000] {processor.py:183} INFO - Processing /opt/airflow/dags/venv/Lib/site-packages/airflow/example_dags/example_setup_teardown_taskflow.py took 0.067 seconds
[2025-12-12T20:12:30.008+0000] {processor.py:161} INFO - Started process (PID=10115) to work on /opt/airflow/dags/venv/Lib/site-packages/airflow/example_dags/example_setup_teardown_taskflow.py
[2025-12-12T20:12:30.010+0000] {processor.py:830} INFO - Processing file /opt/airflow/dags/venv/Lib/site-packages/airflow/example_dags/example_setup_teardown_taskflow.py for tasks to queue
[2025-12-12T20:12:30.011+0000] {logging_mixin.py:188} INFO - [2025-12-12T20:12:30.011+0000] {dagbag.py:545} INFO - Filling up the DagBag from /opt/airflow/dags/venv/Lib/site-packages/airflow/example_dags/example_setup_teardown_taskflow.py
[2025-12-12T20:12:30.017+0000] {logging_mixin.py:188} INFO - [2025-12-12T20:12:30.016+0000] {dagbag.py:355} ERROR - Failed to import: /opt/airflow/dags/venv/Lib/site-packages/airflow/example_dags/example_setup_teardown_taskflow.py
Traceback (most recent call last):
  File "/home/airflow/.local/lib/python3.11/site-packages/airflow/models/dagbag.py", line 351, in parse
    loader.exec_module(new_module)
  File "<frozen importlib._bootstrap_external>", line 940, in exec_module
  File "<frozen importlib._bootstrap>", line 241, in _call_with_frames_removed
  File "/opt/airflow/dags/venv/Lib/site-packages/airflow/example_dags/example_setup_teardown_taskflow.py", line 24, in <module>
    from airflow.sdk import DAG, setup, task, task_group, teardown
ModuleNotFoundError: No module named 'airflow.sdk'
[2025-12-12T20:12:30.018+0000] {processor.py:842} WARNING - No viable dags retrieved from /opt/airflow/dags/venv/Lib/site-packages/airflow/example_dags/example_setup_teardown_taskflow.py
[2025-12-12T20:12:30.060+0000] {processor.py:183} INFO - Processing /opt/airflow/dags/venv/Lib/site-packages/airflow/example_dags/example_setup_teardown_taskflow.py took 0.066 seconds
[2025-12-12T20:13:05.720+0000] {processor.py:161} INFO - Started process (PID=10555) to work on /opt/airflow/dags/venv/Lib/site-packages/airflow/example_dags/example_setup_teardown_taskflow.py
[2025-12-12T20:13:05.723+0000] {processor.py:830} INFO - Processing file /opt/airflow/dags/venv/Lib/site-packages/airflow/example_dags/example_setup_teardown_taskflow.py for tasks to queue
[2025-12-12T20:13:05.724+0000] {logging_mixin.py:188} INFO - [2025-12-12T20:13:05.723+0000] {dagbag.py:545} INFO - Filling up the DagBag from /opt/airflow/dags/venv/Lib/site-packages/airflow/example_dags/example_setup_teardown_taskflow.py
[2025-12-12T20:13:05.731+0000] {logging_mixin.py:188} INFO - [2025-12-12T20:13:05.729+0000] {dagbag.py:355} ERROR - Failed to import: /opt/airflow/dags/venv/Lib/site-packages/airflow/example_dags/example_setup_teardown_taskflow.py
Traceback (most recent call last):
  File "/home/airflow/.local/lib/python3.11/site-packages/airflow/models/dagbag.py", line 351, in parse
    loader.exec_module(new_module)
  File "<frozen importlib._bootstrap_external>", line 940, in exec_module
  File "<frozen importlib._bootstrap>", line 241, in _call_with_frames_removed
  File "/opt/airflow/dags/venv/Lib/site-packages/airflow/example_dags/example_setup_teardown_taskflow.py", line 24, in <module>
    from airflow.sdk import DAG, setup, task, task_group, teardown
ModuleNotFoundError: No module named 'airflow.sdk'
[2025-12-12T20:13:05.732+0000] {processor.py:842} WARNING - No viable dags retrieved from /opt/airflow/dags/venv/Lib/site-packages/airflow/example_dags/example_setup_teardown_taskflow.py
[2025-12-12T20:13:05.775+0000] {processor.py:183} INFO - Processing /opt/airflow/dags/venv/Lib/site-packages/airflow/example_dags/example_setup_teardown_taskflow.py took 0.069 seconds
[2025-12-12T20:13:39.107+0000] {processor.py:161} INFO - Started process (PID=10965) to work on /opt/airflow/dags/venv/Lib/site-packages/airflow/example_dags/example_setup_teardown_taskflow.py
[2025-12-12T20:13:39.110+0000] {processor.py:830} INFO - Processing file /opt/airflow/dags/venv/Lib/site-packages/airflow/example_dags/example_setup_teardown_taskflow.py for tasks to queue
[2025-12-12T20:13:39.112+0000] {logging_mixin.py:188} INFO - [2025-12-12T20:13:39.111+0000] {dagbag.py:545} INFO - Filling up the DagBag from /opt/airflow/dags/venv/Lib/site-packages/airflow/example_dags/example_setup_teardown_taskflow.py
[2025-12-12T20:13:39.119+0000] {logging_mixin.py:188} INFO - [2025-12-12T20:13:39.116+0000] {dagbag.py:355} ERROR - Failed to import: /opt/airflow/dags/venv/Lib/site-packages/airflow/example_dags/example_setup_teardown_taskflow.py
Traceback (most recent call last):
  File "/home/airflow/.local/lib/python3.11/site-packages/airflow/models/dagbag.py", line 351, in parse
    loader.exec_module(new_module)
  File "<frozen importlib._bootstrap_external>", line 940, in exec_module
  File "<frozen importlib._bootstrap>", line 241, in _call_with_frames_removed
  File "/opt/airflow/dags/venv/Lib/site-packages/airflow/example_dags/example_setup_teardown_taskflow.py", line 24, in <module>
    from airflow.sdk import DAG, setup, task, task_group, teardown
ModuleNotFoundError: No module named 'airflow.sdk'
[2025-12-12T20:13:39.119+0000] {processor.py:842} WARNING - No viable dags retrieved from /opt/airflow/dags/venv/Lib/site-packages/airflow/example_dags/example_setup_teardown_taskflow.py
[2025-12-12T20:13:39.163+0000] {processor.py:183} INFO - Processing /opt/airflow/dags/venv/Lib/site-packages/airflow/example_dags/example_setup_teardown_taskflow.py took 0.072 seconds
[2025-12-12T20:14:14.515+0000] {processor.py:161} INFO - Started process (PID=11387) to work on /opt/airflow/dags/venv/Lib/site-packages/airflow/example_dags/example_setup_teardown_taskflow.py
[2025-12-12T20:14:14.517+0000] {processor.py:830} INFO - Processing file /opt/airflow/dags/venv/Lib/site-packages/airflow/example_dags/example_setup_teardown_taskflow.py for tasks to queue
[2025-12-12T20:14:14.519+0000] {logging_mixin.py:188} INFO - [2025-12-12T20:14:14.518+0000] {dagbag.py:545} INFO - Filling up the DagBag from /opt/airflow/dags/venv/Lib/site-packages/airflow/example_dags/example_setup_teardown_taskflow.py
[2025-12-12T20:14:14.525+0000] {logging_mixin.py:188} INFO - [2025-12-12T20:14:14.523+0000] {dagbag.py:355} ERROR - Failed to import: /opt/airflow/dags/venv/Lib/site-packages/airflow/example_dags/example_setup_teardown_taskflow.py
Traceback (most recent call last):
  File "/home/airflow/.local/lib/python3.11/site-packages/airflow/models/dagbag.py", line 351, in parse
    loader.exec_module(new_module)
  File "<frozen importlib._bootstrap_external>", line 940, in exec_module
  File "<frozen importlib._bootstrap>", line 241, in _call_with_frames_removed
  File "/opt/airflow/dags/venv/Lib/site-packages/airflow/example_dags/example_setup_teardown_taskflow.py", line 24, in <module>
    from airflow.sdk import DAG, setup, task, task_group, teardown
ModuleNotFoundError: No module named 'airflow.sdk'
[2025-12-12T20:14:14.526+0000] {processor.py:842} WARNING - No viable dags retrieved from /opt/airflow/dags/venv/Lib/site-packages/airflow/example_dags/example_setup_teardown_taskflow.py
[2025-12-12T20:14:14.569+0000] {processor.py:183} INFO - Processing /opt/airflow/dags/venv/Lib/site-packages/airflow/example_dags/example_setup_teardown_taskflow.py took 0.069 seconds
[2025-12-12T20:14:49.754+0000] {processor.py:161} INFO - Started process (PID=11814) to work on /opt/airflow/dags/venv/Lib/site-packages/airflow/example_dags/example_setup_teardown_taskflow.py
[2025-12-12T20:14:49.756+0000] {processor.py:830} INFO - Processing file /opt/airflow/dags/venv/Lib/site-packages/airflow/example_dags/example_setup_teardown_taskflow.py for tasks to queue
[2025-12-12T20:14:49.758+0000] {logging_mixin.py:188} INFO - [2025-12-12T20:14:49.758+0000] {dagbag.py:545} INFO - Filling up the DagBag from /opt/airflow/dags/venv/Lib/site-packages/airflow/example_dags/example_setup_teardown_taskflow.py
[2025-12-12T20:14:49.766+0000] {logging_mixin.py:188} INFO - [2025-12-12T20:14:49.763+0000] {dagbag.py:355} ERROR - Failed to import: /opt/airflow/dags/venv/Lib/site-packages/airflow/example_dags/example_setup_teardown_taskflow.py
Traceback (most recent call last):
  File "/home/airflow/.local/lib/python3.11/site-packages/airflow/models/dagbag.py", line 351, in parse
    loader.exec_module(new_module)
  File "<frozen importlib._bootstrap_external>", line 940, in exec_module
  File "<frozen importlib._bootstrap>", line 241, in _call_with_frames_removed
  File "/opt/airflow/dags/venv/Lib/site-packages/airflow/example_dags/example_setup_teardown_taskflow.py", line 24, in <module>
    from airflow.sdk import DAG, setup, task, task_group, teardown
ModuleNotFoundError: No module named 'airflow.sdk'
[2025-12-12T20:14:49.767+0000] {processor.py:842} WARNING - No viable dags retrieved from /opt/airflow/dags/venv/Lib/site-packages/airflow/example_dags/example_setup_teardown_taskflow.py
[2025-12-12T20:14:49.813+0000] {processor.py:183} INFO - Processing /opt/airflow/dags/venv/Lib/site-packages/airflow/example_dags/example_setup_teardown_taskflow.py took 0.074 seconds
[2025-12-12T20:15:23.356+0000] {processor.py:161} INFO - Started process (PID=12235) to work on /opt/airflow/dags/venv/Lib/site-packages/airflow/example_dags/example_setup_teardown_taskflow.py
[2025-12-12T20:15:23.359+0000] {processor.py:830} INFO - Processing file /opt/airflow/dags/venv/Lib/site-packages/airflow/example_dags/example_setup_teardown_taskflow.py for tasks to queue
[2025-12-12T20:15:23.361+0000] {logging_mixin.py:188} INFO - [2025-12-12T20:15:23.360+0000] {dagbag.py:545} INFO - Filling up the DagBag from /opt/airflow/dags/venv/Lib/site-packages/airflow/example_dags/example_setup_teardown_taskflow.py
[2025-12-12T20:15:23.368+0000] {logging_mixin.py:188} INFO - [2025-12-12T20:15:23.366+0000] {dagbag.py:355} ERROR - Failed to import: /opt/airflow/dags/venv/Lib/site-packages/airflow/example_dags/example_setup_teardown_taskflow.py
Traceback (most recent call last):
  File "/home/airflow/.local/lib/python3.11/site-packages/airflow/models/dagbag.py", line 351, in parse
    loader.exec_module(new_module)
  File "<frozen importlib._bootstrap_external>", line 940, in exec_module
  File "<frozen importlib._bootstrap>", line 241, in _call_with_frames_removed
  File "/opt/airflow/dags/venv/Lib/site-packages/airflow/example_dags/example_setup_teardown_taskflow.py", line 24, in <module>
    from airflow.sdk import DAG, setup, task, task_group, teardown
ModuleNotFoundError: No module named 'airflow.sdk'
[2025-12-12T20:15:23.369+0000] {processor.py:842} WARNING - No viable dags retrieved from /opt/airflow/dags/venv/Lib/site-packages/airflow/example_dags/example_setup_teardown_taskflow.py
[2025-12-12T20:15:23.412+0000] {processor.py:183} INFO - Processing /opt/airflow/dags/venv/Lib/site-packages/airflow/example_dags/example_setup_teardown_taskflow.py took 0.073 seconds
[2025-12-12T20:15:59.900+0000] {processor.py:161} INFO - Started process (PID=12651) to work on /opt/airflow/dags/venv/Lib/site-packages/airflow/example_dags/example_setup_teardown_taskflow.py
[2025-12-12T20:15:59.902+0000] {processor.py:830} INFO - Processing file /opt/airflow/dags/venv/Lib/site-packages/airflow/example_dags/example_setup_teardown_taskflow.py for tasks to queue
[2025-12-12T20:15:59.904+0000] {logging_mixin.py:188} INFO - [2025-12-12T20:15:59.903+0000] {dagbag.py:545} INFO - Filling up the DagBag from /opt/airflow/dags/venv/Lib/site-packages/airflow/example_dags/example_setup_teardown_taskflow.py
[2025-12-12T20:15:59.910+0000] {logging_mixin.py:188} INFO - [2025-12-12T20:15:59.908+0000] {dagbag.py:355} ERROR - Failed to import: /opt/airflow/dags/venv/Lib/site-packages/airflow/example_dags/example_setup_teardown_taskflow.py
Traceback (most recent call last):
  File "/home/airflow/.local/lib/python3.11/site-packages/airflow/models/dagbag.py", line 351, in parse
    loader.exec_module(new_module)
  File "<frozen importlib._bootstrap_external>", line 940, in exec_module
  File "<frozen importlib._bootstrap>", line 241, in _call_with_frames_removed
  File "/opt/airflow/dags/venv/Lib/site-packages/airflow/example_dags/example_setup_teardown_taskflow.py", line 24, in <module>
    from airflow.sdk import DAG, setup, task, task_group, teardown
ModuleNotFoundError: No module named 'airflow.sdk'
[2025-12-12T20:15:59.910+0000] {processor.py:842} WARNING - No viable dags retrieved from /opt/airflow/dags/venv/Lib/site-packages/airflow/example_dags/example_setup_teardown_taskflow.py
[2025-12-12T20:15:59.950+0000] {processor.py:183} INFO - Processing /opt/airflow/dags/venv/Lib/site-packages/airflow/example_dags/example_setup_teardown_taskflow.py took 0.065 seconds
[2025-12-12T20:16:34.094+0000] {processor.py:161} INFO - Started process (PID=13095) to work on /opt/airflow/dags/venv/Lib/site-packages/airflow/example_dags/example_setup_teardown_taskflow.py
[2025-12-12T20:16:34.097+0000] {processor.py:830} INFO - Processing file /opt/airflow/dags/venv/Lib/site-packages/airflow/example_dags/example_setup_teardown_taskflow.py for tasks to queue
[2025-12-12T20:16:34.098+0000] {logging_mixin.py:188} INFO - [2025-12-12T20:16:34.098+0000] {dagbag.py:545} INFO - Filling up the DagBag from /opt/airflow/dags/venv/Lib/site-packages/airflow/example_dags/example_setup_teardown_taskflow.py
[2025-12-12T20:16:34.105+0000] {logging_mixin.py:188} INFO - [2025-12-12T20:16:34.103+0000] {dagbag.py:355} ERROR - Failed to import: /opt/airflow/dags/venv/Lib/site-packages/airflow/example_dags/example_setup_teardown_taskflow.py
Traceback (most recent call last):
  File "/home/airflow/.local/lib/python3.11/site-packages/airflow/models/dagbag.py", line 351, in parse
    loader.exec_module(new_module)
  File "<frozen importlib._bootstrap_external>", line 940, in exec_module
  File "<frozen importlib._bootstrap>", line 241, in _call_with_frames_removed
  File "/opt/airflow/dags/venv/Lib/site-packages/airflow/example_dags/example_setup_teardown_taskflow.py", line 24, in <module>
    from airflow.sdk import DAG, setup, task, task_group, teardown
ModuleNotFoundError: No module named 'airflow.sdk'
[2025-12-12T20:16:34.106+0000] {processor.py:842} WARNING - No viable dags retrieved from /opt/airflow/dags/venv/Lib/site-packages/airflow/example_dags/example_setup_teardown_taskflow.py
[2025-12-12T20:16:34.145+0000] {processor.py:183} INFO - Processing /opt/airflow/dags/venv/Lib/site-packages/airflow/example_dags/example_setup_teardown_taskflow.py took 0.069 seconds
[2025-12-12T20:17:07.628+0000] {processor.py:161} INFO - Started process (PID=13539) to work on /opt/airflow/dags/venv/Lib/site-packages/airflow/example_dags/example_setup_teardown_taskflow.py
[2025-12-12T20:17:07.632+0000] {processor.py:830} INFO - Processing file /opt/airflow/dags/venv/Lib/site-packages/airflow/example_dags/example_setup_teardown_taskflow.py for tasks to queue
[2025-12-12T20:17:07.634+0000] {logging_mixin.py:188} INFO - [2025-12-12T20:17:07.633+0000] {dagbag.py:545} INFO - Filling up the DagBag from /opt/airflow/dags/venv/Lib/site-packages/airflow/example_dags/example_setup_teardown_taskflow.py
[2025-12-12T20:17:07.665+0000] {logging_mixin.py:188} INFO - [2025-12-12T20:17:07.662+0000] {dagbag.py:355} ERROR - Failed to import: /opt/airflow/dags/venv/Lib/site-packages/airflow/example_dags/example_setup_teardown_taskflow.py
Traceback (most recent call last):
  File "/home/airflow/.local/lib/python3.11/site-packages/airflow/models/dagbag.py", line 351, in parse
    loader.exec_module(new_module)
  File "<frozen importlib._bootstrap_external>", line 940, in exec_module
  File "<frozen importlib._bootstrap>", line 241, in _call_with_frames_removed
  File "/opt/airflow/dags/venv/Lib/site-packages/airflow/example_dags/example_setup_teardown_taskflow.py", line 24, in <module>
    from airflow.sdk import DAG, setup, task, task_group, teardown
ModuleNotFoundError: No module named 'airflow.sdk'
[2025-12-12T20:17:07.667+0000] {processor.py:842} WARNING - No viable dags retrieved from /opt/airflow/dags/venv/Lib/site-packages/airflow/example_dags/example_setup_teardown_taskflow.py
[2025-12-12T20:17:07.764+0000] {processor.py:183} INFO - Processing /opt/airflow/dags/venv/Lib/site-packages/airflow/example_dags/example_setup_teardown_taskflow.py took 0.152 seconds
[2025-12-12T20:17:42.653+0000] {processor.py:161} INFO - Started process (PID=14003) to work on /opt/airflow/dags/venv/Lib/site-packages/airflow/example_dags/example_setup_teardown_taskflow.py
[2025-12-12T20:17:42.656+0000] {processor.py:830} INFO - Processing file /opt/airflow/dags/venv/Lib/site-packages/airflow/example_dags/example_setup_teardown_taskflow.py for tasks to queue
[2025-12-12T20:17:42.657+0000] {logging_mixin.py:188} INFO - [2025-12-12T20:17:42.657+0000] {dagbag.py:545} INFO - Filling up the DagBag from /opt/airflow/dags/venv/Lib/site-packages/airflow/example_dags/example_setup_teardown_taskflow.py
[2025-12-12T20:17:42.665+0000] {logging_mixin.py:188} INFO - [2025-12-12T20:17:42.663+0000] {dagbag.py:355} ERROR - Failed to import: /opt/airflow/dags/venv/Lib/site-packages/airflow/example_dags/example_setup_teardown_taskflow.py
Traceback (most recent call last):
  File "/home/airflow/.local/lib/python3.11/site-packages/airflow/models/dagbag.py", line 351, in parse
    loader.exec_module(new_module)
  File "<frozen importlib._bootstrap_external>", line 940, in exec_module
  File "<frozen importlib._bootstrap>", line 241, in _call_with_frames_removed
  File "/opt/airflow/dags/venv/Lib/site-packages/airflow/example_dags/example_setup_teardown_taskflow.py", line 24, in <module>
    from airflow.sdk import DAG, setup, task, task_group, teardown
ModuleNotFoundError: No module named 'airflow.sdk'
[2025-12-12T20:17:42.666+0000] {processor.py:842} WARNING - No viable dags retrieved from /opt/airflow/dags/venv/Lib/site-packages/airflow/example_dags/example_setup_teardown_taskflow.py
[2025-12-12T20:17:42.715+0000] {processor.py:183} INFO - Processing /opt/airflow/dags/venv/Lib/site-packages/airflow/example_dags/example_setup_teardown_taskflow.py took 0.079 seconds
[2025-12-12T20:18:18.462+0000] {processor.py:161} INFO - Started process (PID=14479) to work on /opt/airflow/dags/venv/Lib/site-packages/airflow/example_dags/example_setup_teardown_taskflow.py
[2025-12-12T20:18:18.465+0000] {processor.py:830} INFO - Processing file /opt/airflow/dags/venv/Lib/site-packages/airflow/example_dags/example_setup_teardown_taskflow.py for tasks to queue
[2025-12-12T20:18:18.467+0000] {logging_mixin.py:188} INFO - [2025-12-12T20:18:18.466+0000] {dagbag.py:545} INFO - Filling up the DagBag from /opt/airflow/dags/venv/Lib/site-packages/airflow/example_dags/example_setup_teardown_taskflow.py
[2025-12-12T20:18:18.472+0000] {logging_mixin.py:188} INFO - [2025-12-12T20:18:18.471+0000] {dagbag.py:355} ERROR - Failed to import: /opt/airflow/dags/venv/Lib/site-packages/airflow/example_dags/example_setup_teardown_taskflow.py
Traceback (most recent call last):
  File "/home/airflow/.local/lib/python3.11/site-packages/airflow/models/dagbag.py", line 351, in parse
    loader.exec_module(new_module)
  File "<frozen importlib._bootstrap_external>", line 940, in exec_module
  File "<frozen importlib._bootstrap>", line 241, in _call_with_frames_removed
  File "/opt/airflow/dags/venv/Lib/site-packages/airflow/example_dags/example_setup_teardown_taskflow.py", line 24, in <module>
    from airflow.sdk import DAG, setup, task, task_group, teardown
ModuleNotFoundError: No module named 'airflow.sdk'
[2025-12-12T20:18:18.474+0000] {processor.py:842} WARNING - No viable dags retrieved from /opt/airflow/dags/venv/Lib/site-packages/airflow/example_dags/example_setup_teardown_taskflow.py
[2025-12-12T20:18:18.511+0000] {processor.py:183} INFO - Processing /opt/airflow/dags/venv/Lib/site-packages/airflow/example_dags/example_setup_teardown_taskflow.py took 0.061 seconds
[2025-12-12T20:18:51.984+0000] {processor.py:161} INFO - Started process (PID=14935) to work on /opt/airflow/dags/venv/Lib/site-packages/airflow/example_dags/example_setup_teardown_taskflow.py
[2025-12-12T20:18:51.988+0000] {processor.py:830} INFO - Processing file /opt/airflow/dags/venv/Lib/site-packages/airflow/example_dags/example_setup_teardown_taskflow.py for tasks to queue
[2025-12-12T20:18:51.989+0000] {logging_mixin.py:188} INFO - [2025-12-12T20:18:51.988+0000] {dagbag.py:545} INFO - Filling up the DagBag from /opt/airflow/dags/venv/Lib/site-packages/airflow/example_dags/example_setup_teardown_taskflow.py
[2025-12-12T20:18:51.995+0000] {logging_mixin.py:188} INFO - [2025-12-12T20:18:51.993+0000] {dagbag.py:355} ERROR - Failed to import: /opt/airflow/dags/venv/Lib/site-packages/airflow/example_dags/example_setup_teardown_taskflow.py
Traceback (most recent call last):
  File "/home/airflow/.local/lib/python3.11/site-packages/airflow/models/dagbag.py", line 351, in parse
    loader.exec_module(new_module)
  File "<frozen importlib._bootstrap_external>", line 940, in exec_module
  File "<frozen importlib._bootstrap>", line 241, in _call_with_frames_removed
  File "/opt/airflow/dags/venv/Lib/site-packages/airflow/example_dags/example_setup_teardown_taskflow.py", line 24, in <module>
    from airflow.sdk import DAG, setup, task, task_group, teardown
ModuleNotFoundError: No module named 'airflow.sdk'
[2025-12-12T20:18:51.996+0000] {processor.py:842} WARNING - No viable dags retrieved from /opt/airflow/dags/venv/Lib/site-packages/airflow/example_dags/example_setup_teardown_taskflow.py
[2025-12-12T20:18:52.033+0000] {processor.py:183} INFO - Processing /opt/airflow/dags/venv/Lib/site-packages/airflow/example_dags/example_setup_teardown_taskflow.py took 0.061 seconds
[2025-12-12T20:19:28.934+0000] {processor.py:161} INFO - Started process (PID=15404) to work on /opt/airflow/dags/venv/Lib/site-packages/airflow/example_dags/example_setup_teardown_taskflow.py
[2025-12-12T20:19:28.936+0000] {processor.py:830} INFO - Processing file /opt/airflow/dags/venv/Lib/site-packages/airflow/example_dags/example_setup_teardown_taskflow.py for tasks to queue
[2025-12-12T20:19:28.937+0000] {logging_mixin.py:188} INFO - [2025-12-12T20:19:28.936+0000] {dagbag.py:545} INFO - Filling up the DagBag from /opt/airflow/dags/venv/Lib/site-packages/airflow/example_dags/example_setup_teardown_taskflow.py
[2025-12-12T20:19:28.943+0000] {logging_mixin.py:188} INFO - [2025-12-12T20:19:28.941+0000] {dagbag.py:355} ERROR - Failed to import: /opt/airflow/dags/venv/Lib/site-packages/airflow/example_dags/example_setup_teardown_taskflow.py
Traceback (most recent call last):
  File "/home/airflow/.local/lib/python3.11/site-packages/airflow/models/dagbag.py", line 351, in parse
    loader.exec_module(new_module)
  File "<frozen importlib._bootstrap_external>", line 940, in exec_module
  File "<frozen importlib._bootstrap>", line 241, in _call_with_frames_removed
  File "/opt/airflow/dags/venv/Lib/site-packages/airflow/example_dags/example_setup_teardown_taskflow.py", line 24, in <module>
    from airflow.sdk import DAG, setup, task, task_group, teardown
ModuleNotFoundError: No module named 'airflow.sdk'
[2025-12-12T20:19:28.944+0000] {processor.py:842} WARNING - No viable dags retrieved from /opt/airflow/dags/venv/Lib/site-packages/airflow/example_dags/example_setup_teardown_taskflow.py
[2025-12-12T20:19:28.982+0000] {processor.py:183} INFO - Processing /opt/airflow/dags/venv/Lib/site-packages/airflow/example_dags/example_setup_teardown_taskflow.py took 0.062 seconds
[2025-12-12T20:20:04.265+0000] {processor.py:161} INFO - Started process (PID=15831) to work on /opt/airflow/dags/venv/Lib/site-packages/airflow/example_dags/example_setup_teardown_taskflow.py
[2025-12-12T20:20:04.268+0000] {processor.py:830} INFO - Processing file /opt/airflow/dags/venv/Lib/site-packages/airflow/example_dags/example_setup_teardown_taskflow.py for tasks to queue
[2025-12-12T20:20:04.269+0000] {logging_mixin.py:188} INFO - [2025-12-12T20:20:04.269+0000] {dagbag.py:545} INFO - Filling up the DagBag from /opt/airflow/dags/venv/Lib/site-packages/airflow/example_dags/example_setup_teardown_taskflow.py
[2025-12-12T20:20:04.276+0000] {logging_mixin.py:188} INFO - [2025-12-12T20:20:04.274+0000] {dagbag.py:355} ERROR - Failed to import: /opt/airflow/dags/venv/Lib/site-packages/airflow/example_dags/example_setup_teardown_taskflow.py
Traceback (most recent call last):
  File "/home/airflow/.local/lib/python3.11/site-packages/airflow/models/dagbag.py", line 351, in parse
    loader.exec_module(new_module)
  File "<frozen importlib._bootstrap_external>", line 940, in exec_module
  File "<frozen importlib._bootstrap>", line 241, in _call_with_frames_removed
  File "/opt/airflow/dags/venv/Lib/site-packages/airflow/example_dags/example_setup_teardown_taskflow.py", line 24, in <module>
    from airflow.sdk import DAG, setup, task, task_group, teardown
ModuleNotFoundError: No module named 'airflow.sdk'
[2025-12-12T20:20:04.276+0000] {processor.py:842} WARNING - No viable dags retrieved from /opt/airflow/dags/venv/Lib/site-packages/airflow/example_dags/example_setup_teardown_taskflow.py
[2025-12-12T20:20:04.320+0000] {processor.py:183} INFO - Processing /opt/airflow/dags/venv/Lib/site-packages/airflow/example_dags/example_setup_teardown_taskflow.py took 0.070 seconds
[2025-12-12T20:20:41.192+0000] {processor.py:161} INFO - Started process (PID=16261) to work on /opt/airflow/dags/venv/Lib/site-packages/airflow/example_dags/example_setup_teardown_taskflow.py
[2025-12-12T20:20:41.195+0000] {processor.py:830} INFO - Processing file /opt/airflow/dags/venv/Lib/site-packages/airflow/example_dags/example_setup_teardown_taskflow.py for tasks to queue
[2025-12-12T20:20:41.197+0000] {logging_mixin.py:188} INFO - [2025-12-12T20:20:41.196+0000] {dagbag.py:545} INFO - Filling up the DagBag from /opt/airflow/dags/venv/Lib/site-packages/airflow/example_dags/example_setup_teardown_taskflow.py
[2025-12-12T20:20:41.203+0000] {logging_mixin.py:188} INFO - [2025-12-12T20:20:41.201+0000] {dagbag.py:355} ERROR - Failed to import: /opt/airflow/dags/venv/Lib/site-packages/airflow/example_dags/example_setup_teardown_taskflow.py
Traceback (most recent call last):
  File "/home/airflow/.local/lib/python3.11/site-packages/airflow/models/dagbag.py", line 351, in parse
    loader.exec_module(new_module)
  File "<frozen importlib._bootstrap_external>", line 940, in exec_module
  File "<frozen importlib._bootstrap>", line 241, in _call_with_frames_removed
  File "/opt/airflow/dags/venv/Lib/site-packages/airflow/example_dags/example_setup_teardown_taskflow.py", line 24, in <module>
    from airflow.sdk import DAG, setup, task, task_group, teardown
ModuleNotFoundError: No module named 'airflow.sdk'
[2025-12-12T20:20:41.204+0000] {processor.py:842} WARNING - No viable dags retrieved from /opt/airflow/dags/venv/Lib/site-packages/airflow/example_dags/example_setup_teardown_taskflow.py
[2025-12-12T20:20:41.248+0000] {processor.py:183} INFO - Processing /opt/airflow/dags/venv/Lib/site-packages/airflow/example_dags/example_setup_teardown_taskflow.py took 0.069 seconds
[2025-12-12T20:21:14.213+0000] {processor.py:161} INFO - Started process (PID=16688) to work on /opt/airflow/dags/venv/Lib/site-packages/airflow/example_dags/example_setup_teardown_taskflow.py
[2025-12-12T20:21:14.216+0000] {processor.py:830} INFO - Processing file /opt/airflow/dags/venv/Lib/site-packages/airflow/example_dags/example_setup_teardown_taskflow.py for tasks to queue
[2025-12-12T20:21:14.219+0000] {logging_mixin.py:188} INFO - [2025-12-12T20:21:14.218+0000] {dagbag.py:545} INFO - Filling up the DagBag from /opt/airflow/dags/venv/Lib/site-packages/airflow/example_dags/example_setup_teardown_taskflow.py
[2025-12-12T20:21:14.229+0000] {logging_mixin.py:188} INFO - [2025-12-12T20:21:14.226+0000] {dagbag.py:355} ERROR - Failed to import: /opt/airflow/dags/venv/Lib/site-packages/airflow/example_dags/example_setup_teardown_taskflow.py
Traceback (most recent call last):
  File "/home/airflow/.local/lib/python3.11/site-packages/airflow/models/dagbag.py", line 351, in parse
    loader.exec_module(new_module)
  File "<frozen importlib._bootstrap_external>", line 940, in exec_module
  File "<frozen importlib._bootstrap>", line 241, in _call_with_frames_removed
  File "/opt/airflow/dags/venv/Lib/site-packages/airflow/example_dags/example_setup_teardown_taskflow.py", line 24, in <module>
    from airflow.sdk import DAG, setup, task, task_group, teardown
ModuleNotFoundError: No module named 'airflow.sdk'
[2025-12-12T20:21:14.230+0000] {processor.py:842} WARNING - No viable dags retrieved from /opt/airflow/dags/venv/Lib/site-packages/airflow/example_dags/example_setup_teardown_taskflow.py
[2025-12-12T20:21:14.284+0000] {processor.py:183} INFO - Processing /opt/airflow/dags/venv/Lib/site-packages/airflow/example_dags/example_setup_teardown_taskflow.py took 0.090 seconds
[2025-12-12T20:21:47.995+0000] {processor.py:161} INFO - Started process (PID=17096) to work on /opt/airflow/dags/venv/Lib/site-packages/airflow/example_dags/example_setup_teardown_taskflow.py
[2025-12-12T20:21:47.998+0000] {processor.py:830} INFO - Processing file /opt/airflow/dags/venv/Lib/site-packages/airflow/example_dags/example_setup_teardown_taskflow.py for tasks to queue
[2025-12-12T20:21:48.000+0000] {logging_mixin.py:188} INFO - [2025-12-12T20:21:47.999+0000] {dagbag.py:545} INFO - Filling up the DagBag from /opt/airflow/dags/venv/Lib/site-packages/airflow/example_dags/example_setup_teardown_taskflow.py
[2025-12-12T20:21:48.006+0000] {logging_mixin.py:188} INFO - [2025-12-12T20:21:48.004+0000] {dagbag.py:355} ERROR - Failed to import: /opt/airflow/dags/venv/Lib/site-packages/airflow/example_dags/example_setup_teardown_taskflow.py
Traceback (most recent call last):
  File "/home/airflow/.local/lib/python3.11/site-packages/airflow/models/dagbag.py", line 351, in parse
    loader.exec_module(new_module)
  File "<frozen importlib._bootstrap_external>", line 940, in exec_module
  File "<frozen importlib._bootstrap>", line 241, in _call_with_frames_removed
  File "/opt/airflow/dags/venv/Lib/site-packages/airflow/example_dags/example_setup_teardown_taskflow.py", line 24, in <module>
    from airflow.sdk import DAG, setup, task, task_group, teardown
ModuleNotFoundError: No module named 'airflow.sdk'
[2025-12-12T20:21:48.007+0000] {processor.py:842} WARNING - No viable dags retrieved from /opt/airflow/dags/venv/Lib/site-packages/airflow/example_dags/example_setup_teardown_taskflow.py
[2025-12-12T20:21:48.052+0000] {processor.py:183} INFO - Processing /opt/airflow/dags/venv/Lib/site-packages/airflow/example_dags/example_setup_teardown_taskflow.py took 0.071 seconds
[2025-12-12T20:22:07.803+0000] {processor.py:161} INFO - Started process (PID=17288) to work on /opt/airflow/dags/venv/Lib/site-packages/airflow/example_dags/example_setup_teardown_taskflow.py
[2025-12-12T20:22:07.806+0000] {processor.py:830} INFO - Processing file /opt/airflow/dags/venv/Lib/site-packages/airflow/example_dags/example_setup_teardown_taskflow.py for tasks to queue
[2025-12-12T20:22:07.811+0000] {logging_mixin.py:188} INFO - [2025-12-12T20:22:07.810+0000] {dagbag.py:545} INFO - Filling up the DagBag from /opt/airflow/dags/venv/Lib/site-packages/airflow/example_dags/example_setup_teardown_taskflow.py
[2025-12-12T20:22:07.820+0000] {logging_mixin.py:188} INFO - [2025-12-12T20:22:07.816+0000] {dagbag.py:355} ERROR - Failed to import: /opt/airflow/dags/venv/Lib/site-packages/airflow/example_dags/example_setup_teardown_taskflow.py
Traceback (most recent call last):
  File "/home/airflow/.local/lib/python3.11/site-packages/airflow/models/dagbag.py", line 351, in parse
    loader.exec_module(new_module)
  File "<frozen importlib._bootstrap_external>", line 940, in exec_module
  File "<frozen importlib._bootstrap>", line 241, in _call_with_frames_removed
  File "/opt/airflow/dags/venv/Lib/site-packages/airflow/example_dags/example_setup_teardown_taskflow.py", line 24, in <module>
    from airflow.sdk import DAG, setup, task, task_group, teardown
ModuleNotFoundError: No module named 'airflow.sdk'
[2025-12-12T20:22:07.821+0000] {processor.py:842} WARNING - No viable dags retrieved from /opt/airflow/dags/venv/Lib/site-packages/airflow/example_dags/example_setup_teardown_taskflow.py
[2025-12-12T20:22:07.869+0000] {processor.py:183} INFO - Processing /opt/airflow/dags/venv/Lib/site-packages/airflow/example_dags/example_setup_teardown_taskflow.py took 0.082 seconds
[2025-12-12T20:22:38.332+0000] {processor.py:161} INFO - Started process (PID=17556) to work on /opt/airflow/dags/venv/Lib/site-packages/airflow/example_dags/example_setup_teardown_taskflow.py
[2025-12-12T20:22:38.334+0000] {processor.py:830} INFO - Processing file /opt/airflow/dags/venv/Lib/site-packages/airflow/example_dags/example_setup_teardown_taskflow.py for tasks to queue
[2025-12-12T20:22:38.336+0000] {logging_mixin.py:188} INFO - [2025-12-12T20:22:38.335+0000] {dagbag.py:545} INFO - Filling up the DagBag from /opt/airflow/dags/venv/Lib/site-packages/airflow/example_dags/example_setup_teardown_taskflow.py
[2025-12-12T20:22:38.345+0000] {logging_mixin.py:188} INFO - [2025-12-12T20:22:38.341+0000] {dagbag.py:355} ERROR - Failed to import: /opt/airflow/dags/venv/Lib/site-packages/airflow/example_dags/example_setup_teardown_taskflow.py
Traceback (most recent call last):
  File "/home/airflow/.local/lib/python3.11/site-packages/airflow/models/dagbag.py", line 351, in parse
    loader.exec_module(new_module)
  File "<frozen importlib._bootstrap_external>", line 940, in exec_module
  File "<frozen importlib._bootstrap>", line 241, in _call_with_frames_removed
  File "/opt/airflow/dags/venv/Lib/site-packages/airflow/example_dags/example_setup_teardown_taskflow.py", line 24, in <module>
    from airflow.sdk import DAG, setup, task, task_group, teardown
ModuleNotFoundError: No module named 'airflow.sdk'
[2025-12-12T20:22:38.346+0000] {processor.py:842} WARNING - No viable dags retrieved from /opt/airflow/dags/venv/Lib/site-packages/airflow/example_dags/example_setup_teardown_taskflow.py
[2025-12-12T20:22:38.389+0000] {processor.py:183} INFO - Processing /opt/airflow/dags/venv/Lib/site-packages/airflow/example_dags/example_setup_teardown_taskflow.py took 0.073 seconds
