[2025-12-12T20:00:35.244+0000] {processor.py:161} INFO - Started process (PID=1337) to work on /opt/airflow/dags/venv/Lib/site-packages/airflow/example_dags/example_passing_params_via_test_command.py
[2025-12-12T20:00:35.245+0000] {processor.py:830} INFO - Processing file /opt/airflow/dags/venv/Lib/site-packages/airflow/example_dags/example_passing_params_via_test_command.py for tasks to queue
[2025-12-12T20:00:35.248+0000] {logging_mixin.py:188} INFO - [2025-12-12T20:00:35.248+0000] {dagbag.py:545} INFO - Filling up the DagBag from /opt/airflow/dags/venv/Lib/site-packages/airflow/example_dags/example_passing_params_via_test_command.py
[2025-12-12T20:00:35.258+0000] {logging_mixin.py:188} INFO - [2025-12-12T20:00:35.256+0000] {dagbag.py:355} ERROR - Failed to import: /opt/airflow/dags/venv/Lib/site-packages/airflow/example_dags/example_passing_params_via_test_command.py
Traceback (most recent call last):
  File "/home/airflow/.local/lib/python3.11/site-packages/airflow/models/dagbag.py", line 351, in parse
    loader.exec_module(new_module)
  File "<frozen importlib._bootstrap_external>", line 940, in exec_module
  File "<frozen importlib._bootstrap>", line 241, in _call_with_frames_removed
  File "/opt/airflow/dags/venv/Lib/site-packages/airflow/example_dags/example_passing_params_via_test_command.py", line 28, in <module>
    from airflow.providers.standard.operators.bash import BashOperator
ModuleNotFoundError: No module named 'airflow.providers.standard'
[2025-12-12T20:00:35.259+0000] {processor.py:842} WARNING - No viable dags retrieved from /opt/airflow/dags/venv/Lib/site-packages/airflow/example_dags/example_passing_params_via_test_command.py
[2025-12-12T20:00:35.301+0000] {processor.py:183} INFO - Processing /opt/airflow/dags/venv/Lib/site-packages/airflow/example_dags/example_passing_params_via_test_command.py took 0.071 seconds
[2025-12-12T20:01:11.598+0000] {processor.py:161} INFO - Started process (PID=1749) to work on /opt/airflow/dags/venv/Lib/site-packages/airflow/example_dags/example_passing_params_via_test_command.py
[2025-12-12T20:01:11.601+0000] {processor.py:830} INFO - Processing file /opt/airflow/dags/venv/Lib/site-packages/airflow/example_dags/example_passing_params_via_test_command.py for tasks to queue
[2025-12-12T20:01:11.605+0000] {logging_mixin.py:188} INFO - [2025-12-12T20:01:11.604+0000] {dagbag.py:545} INFO - Filling up the DagBag from /opt/airflow/dags/venv/Lib/site-packages/airflow/example_dags/example_passing_params_via_test_command.py
[2025-12-12T20:01:11.611+0000] {logging_mixin.py:188} INFO - [2025-12-12T20:01:11.609+0000] {dagbag.py:355} ERROR - Failed to import: /opt/airflow/dags/venv/Lib/site-packages/airflow/example_dags/example_passing_params_via_test_command.py
Traceback (most recent call last):
  File "/home/airflow/.local/lib/python3.11/site-packages/airflow/models/dagbag.py", line 351, in parse
    loader.exec_module(new_module)
  File "<frozen importlib._bootstrap_external>", line 940, in exec_module
  File "<frozen importlib._bootstrap>", line 241, in _call_with_frames_removed
  File "/opt/airflow/dags/venv/Lib/site-packages/airflow/example_dags/example_passing_params_via_test_command.py", line 28, in <module>
    from airflow.providers.standard.operators.bash import BashOperator
ModuleNotFoundError: No module named 'airflow.providers.standard'
[2025-12-12T20:01:11.612+0000] {processor.py:842} WARNING - No viable dags retrieved from /opt/airflow/dags/venv/Lib/site-packages/airflow/example_dags/example_passing_params_via_test_command.py
[2025-12-12T20:01:11.650+0000] {processor.py:183} INFO - Processing /opt/airflow/dags/venv/Lib/site-packages/airflow/example_dags/example_passing_params_via_test_command.py took 0.064 seconds
[2025-12-12T20:01:45.003+0000] {processor.py:161} INFO - Started process (PID=2173) to work on /opt/airflow/dags/venv/Lib/site-packages/airflow/example_dags/example_passing_params_via_test_command.py
[2025-12-12T20:01:45.006+0000] {processor.py:830} INFO - Processing file /opt/airflow/dags/venv/Lib/site-packages/airflow/example_dags/example_passing_params_via_test_command.py for tasks to queue
[2025-12-12T20:01:45.009+0000] {logging_mixin.py:188} INFO - [2025-12-12T20:01:45.009+0000] {dagbag.py:545} INFO - Filling up the DagBag from /opt/airflow/dags/venv/Lib/site-packages/airflow/example_dags/example_passing_params_via_test_command.py
[2025-12-12T20:01:45.015+0000] {logging_mixin.py:188} INFO - [2025-12-12T20:01:45.013+0000] {dagbag.py:355} ERROR - Failed to import: /opt/airflow/dags/venv/Lib/site-packages/airflow/example_dags/example_passing_params_via_test_command.py
Traceback (most recent call last):
  File "/home/airflow/.local/lib/python3.11/site-packages/airflow/models/dagbag.py", line 351, in parse
    loader.exec_module(new_module)
  File "<frozen importlib._bootstrap_external>", line 940, in exec_module
  File "<frozen importlib._bootstrap>", line 241, in _call_with_frames_removed
  File "/opt/airflow/dags/venv/Lib/site-packages/airflow/example_dags/example_passing_params_via_test_command.py", line 28, in <module>
    from airflow.providers.standard.operators.bash import BashOperator
ModuleNotFoundError: No module named 'airflow.providers.standard'
[2025-12-12T20:01:45.016+0000] {processor.py:842} WARNING - No viable dags retrieved from /opt/airflow/dags/venv/Lib/site-packages/airflow/example_dags/example_passing_params_via_test_command.py
[2025-12-12T20:01:45.055+0000] {processor.py:183} INFO - Processing /opt/airflow/dags/venv/Lib/site-packages/airflow/example_dags/example_passing_params_via_test_command.py took 0.065 seconds
[2025-12-12T20:02:17.508+0000] {processor.py:161} INFO - Started process (PID=2583) to work on /opt/airflow/dags/venv/Lib/site-packages/airflow/example_dags/example_passing_params_via_test_command.py
[2025-12-12T20:02:17.512+0000] {processor.py:830} INFO - Processing file /opt/airflow/dags/venv/Lib/site-packages/airflow/example_dags/example_passing_params_via_test_command.py for tasks to queue
[2025-12-12T20:02:17.515+0000] {logging_mixin.py:188} INFO - [2025-12-12T20:02:17.514+0000] {dagbag.py:545} INFO - Filling up the DagBag from /opt/airflow/dags/venv/Lib/site-packages/airflow/example_dags/example_passing_params_via_test_command.py
[2025-12-12T20:02:17.521+0000] {logging_mixin.py:188} INFO - [2025-12-12T20:02:17.519+0000] {dagbag.py:355} ERROR - Failed to import: /opt/airflow/dags/venv/Lib/site-packages/airflow/example_dags/example_passing_params_via_test_command.py
Traceback (most recent call last):
  File "/home/airflow/.local/lib/python3.11/site-packages/airflow/models/dagbag.py", line 351, in parse
    loader.exec_module(new_module)
  File "<frozen importlib._bootstrap_external>", line 940, in exec_module
  File "<frozen importlib._bootstrap>", line 241, in _call_with_frames_removed
  File "/opt/airflow/dags/venv/Lib/site-packages/airflow/example_dags/example_passing_params_via_test_command.py", line 28, in <module>
    from airflow.providers.standard.operators.bash import BashOperator
ModuleNotFoundError: No module named 'airflow.providers.standard'
[2025-12-12T20:02:17.522+0000] {processor.py:842} WARNING - No viable dags retrieved from /opt/airflow/dags/venv/Lib/site-packages/airflow/example_dags/example_passing_params_via_test_command.py
[2025-12-12T20:02:17.561+0000] {processor.py:183} INFO - Processing /opt/airflow/dags/venv/Lib/site-packages/airflow/example_dags/example_passing_params_via_test_command.py took 0.066 seconds
[2025-12-12T20:02:50.159+0000] {processor.py:161} INFO - Started process (PID=3007) to work on /opt/airflow/dags/venv/Lib/site-packages/airflow/example_dags/example_passing_params_via_test_command.py
[2025-12-12T20:02:50.162+0000] {processor.py:830} INFO - Processing file /opt/airflow/dags/venv/Lib/site-packages/airflow/example_dags/example_passing_params_via_test_command.py for tasks to queue
[2025-12-12T20:02:50.166+0000] {logging_mixin.py:188} INFO - [2025-12-12T20:02:50.166+0000] {dagbag.py:545} INFO - Filling up the DagBag from /opt/airflow/dags/venv/Lib/site-packages/airflow/example_dags/example_passing_params_via_test_command.py
[2025-12-12T20:02:50.173+0000] {logging_mixin.py:188} INFO - [2025-12-12T20:02:50.171+0000] {dagbag.py:355} ERROR - Failed to import: /opt/airflow/dags/venv/Lib/site-packages/airflow/example_dags/example_passing_params_via_test_command.py
Traceback (most recent call last):
  File "/home/airflow/.local/lib/python3.11/site-packages/airflow/models/dagbag.py", line 351, in parse
    loader.exec_module(new_module)
  File "<frozen importlib._bootstrap_external>", line 940, in exec_module
  File "<frozen importlib._bootstrap>", line 241, in _call_with_frames_removed
  File "/opt/airflow/dags/venv/Lib/site-packages/airflow/example_dags/example_passing_params_via_test_command.py", line 28, in <module>
    from airflow.providers.standard.operators.bash import BashOperator
ModuleNotFoundError: No module named 'airflow.providers.standard'
[2025-12-12T20:02:50.174+0000] {processor.py:842} WARNING - No viable dags retrieved from /opt/airflow/dags/venv/Lib/site-packages/airflow/example_dags/example_passing_params_via_test_command.py
[2025-12-12T20:02:50.218+0000] {processor.py:183} INFO - Processing /opt/airflow/dags/venv/Lib/site-packages/airflow/example_dags/example_passing_params_via_test_command.py took 0.074 seconds
[2025-12-12T20:03:21.359+0000] {processor.py:161} INFO - Started process (PID=3432) to work on /opt/airflow/dags/venv/Lib/site-packages/airflow/example_dags/example_passing_params_via_test_command.py
[2025-12-12T20:03:21.361+0000] {processor.py:830} INFO - Processing file /opt/airflow/dags/venv/Lib/site-packages/airflow/example_dags/example_passing_params_via_test_command.py for tasks to queue
[2025-12-12T20:03:21.365+0000] {logging_mixin.py:188} INFO - [2025-12-12T20:03:21.364+0000] {dagbag.py:545} INFO - Filling up the DagBag from /opt/airflow/dags/venv/Lib/site-packages/airflow/example_dags/example_passing_params_via_test_command.py
[2025-12-12T20:03:21.371+0000] {logging_mixin.py:188} INFO - [2025-12-12T20:03:21.369+0000] {dagbag.py:355} ERROR - Failed to import: /opt/airflow/dags/venv/Lib/site-packages/airflow/example_dags/example_passing_params_via_test_command.py
Traceback (most recent call last):
  File "/home/airflow/.local/lib/python3.11/site-packages/airflow/models/dagbag.py", line 351, in parse
    loader.exec_module(new_module)
  File "<frozen importlib._bootstrap_external>", line 940, in exec_module
  File "<frozen importlib._bootstrap>", line 241, in _call_with_frames_removed
  File "/opt/airflow/dags/venv/Lib/site-packages/airflow/example_dags/example_passing_params_via_test_command.py", line 28, in <module>
    from airflow.providers.standard.operators.bash import BashOperator
ModuleNotFoundError: No module named 'airflow.providers.standard'
[2025-12-12T20:03:21.372+0000] {processor.py:842} WARNING - No viable dags retrieved from /opt/airflow/dags/venv/Lib/site-packages/airflow/example_dags/example_passing_params_via_test_command.py
[2025-12-12T20:03:21.412+0000] {processor.py:183} INFO - Processing /opt/airflow/dags/venv/Lib/site-packages/airflow/example_dags/example_passing_params_via_test_command.py took 0.067 seconds
[2025-12-12T20:03:59.176+0000] {processor.py:161} INFO - Started process (PID=3869) to work on /opt/airflow/dags/venv/Lib/site-packages/airflow/example_dags/example_passing_params_via_test_command.py
[2025-12-12T20:03:59.179+0000] {processor.py:830} INFO - Processing file /opt/airflow/dags/venv/Lib/site-packages/airflow/example_dags/example_passing_params_via_test_command.py for tasks to queue
[2025-12-12T20:03:59.182+0000] {logging_mixin.py:188} INFO - [2025-12-12T20:03:59.182+0000] {dagbag.py:545} INFO - Filling up the DagBag from /opt/airflow/dags/venv/Lib/site-packages/airflow/example_dags/example_passing_params_via_test_command.py
[2025-12-12T20:03:59.188+0000] {logging_mixin.py:188} INFO - [2025-12-12T20:03:59.186+0000] {dagbag.py:355} ERROR - Failed to import: /opt/airflow/dags/venv/Lib/site-packages/airflow/example_dags/example_passing_params_via_test_command.py
Traceback (most recent call last):
  File "/home/airflow/.local/lib/python3.11/site-packages/airflow/models/dagbag.py", line 351, in parse
    loader.exec_module(new_module)
  File "<frozen importlib._bootstrap_external>", line 940, in exec_module
  File "<frozen importlib._bootstrap>", line 241, in _call_with_frames_removed
  File "/opt/airflow/dags/venv/Lib/site-packages/airflow/example_dags/example_passing_params_via_test_command.py", line 28, in <module>
    from airflow.providers.standard.operators.bash import BashOperator
ModuleNotFoundError: No module named 'airflow.providers.standard'
[2025-12-12T20:03:59.189+0000] {processor.py:842} WARNING - No viable dags retrieved from /opt/airflow/dags/venv/Lib/site-packages/airflow/example_dags/example_passing_params_via_test_command.py
[2025-12-12T20:03:59.231+0000] {processor.py:183} INFO - Processing /opt/airflow/dags/venv/Lib/site-packages/airflow/example_dags/example_passing_params_via_test_command.py took 0.067 seconds
[2025-12-12T20:04:34.294+0000] {processor.py:161} INFO - Started process (PID=4293) to work on /opt/airflow/dags/venv/Lib/site-packages/airflow/example_dags/example_passing_params_via_test_command.py
[2025-12-12T20:04:34.298+0000] {processor.py:830} INFO - Processing file /opt/airflow/dags/venv/Lib/site-packages/airflow/example_dags/example_passing_params_via_test_command.py for tasks to queue
[2025-12-12T20:04:34.302+0000] {logging_mixin.py:188} INFO - [2025-12-12T20:04:34.301+0000] {dagbag.py:545} INFO - Filling up the DagBag from /opt/airflow/dags/venv/Lib/site-packages/airflow/example_dags/example_passing_params_via_test_command.py
[2025-12-12T20:04:34.309+0000] {logging_mixin.py:188} INFO - [2025-12-12T20:04:34.307+0000] {dagbag.py:355} ERROR - Failed to import: /opt/airflow/dags/venv/Lib/site-packages/airflow/example_dags/example_passing_params_via_test_command.py
Traceback (most recent call last):
  File "/home/airflow/.local/lib/python3.11/site-packages/airflow/models/dagbag.py", line 351, in parse
    loader.exec_module(new_module)
  File "<frozen importlib._bootstrap_external>", line 940, in exec_module
  File "<frozen importlib._bootstrap>", line 241, in _call_with_frames_removed
  File "/opt/airflow/dags/venv/Lib/site-packages/airflow/example_dags/example_passing_params_via_test_command.py", line 28, in <module>
    from airflow.providers.standard.operators.bash import BashOperator
ModuleNotFoundError: No module named 'airflow.providers.standard'
[2025-12-12T20:04:34.311+0000] {processor.py:842} WARNING - No viable dags retrieved from /opt/airflow/dags/venv/Lib/site-packages/airflow/example_dags/example_passing_params_via_test_command.py
[2025-12-12T20:04:34.354+0000] {processor.py:183} INFO - Processing /opt/airflow/dags/venv/Lib/site-packages/airflow/example_dags/example_passing_params_via_test_command.py took 0.073 seconds
[2025-12-12T20:05:05.779+0000] {processor.py:161} INFO - Started process (PID=4695) to work on /opt/airflow/dags/venv/Lib/site-packages/airflow/example_dags/example_passing_params_via_test_command.py
[2025-12-12T20:05:05.783+0000] {processor.py:830} INFO - Processing file /opt/airflow/dags/venv/Lib/site-packages/airflow/example_dags/example_passing_params_via_test_command.py for tasks to queue
[2025-12-12T20:05:05.786+0000] {logging_mixin.py:188} INFO - [2025-12-12T20:05:05.786+0000] {dagbag.py:545} INFO - Filling up the DagBag from /opt/airflow/dags/venv/Lib/site-packages/airflow/example_dags/example_passing_params_via_test_command.py
[2025-12-12T20:05:05.793+0000] {logging_mixin.py:188} INFO - [2025-12-12T20:05:05.791+0000] {dagbag.py:355} ERROR - Failed to import: /opt/airflow/dags/venv/Lib/site-packages/airflow/example_dags/example_passing_params_via_test_command.py
Traceback (most recent call last):
  File "/home/airflow/.local/lib/python3.11/site-packages/airflow/models/dagbag.py", line 351, in parse
    loader.exec_module(new_module)
  File "<frozen importlib._bootstrap_external>", line 940, in exec_module
  File "<frozen importlib._bootstrap>", line 241, in _call_with_frames_removed
  File "/opt/airflow/dags/venv/Lib/site-packages/airflow/example_dags/example_passing_params_via_test_command.py", line 28, in <module>
    from airflow.providers.standard.operators.bash import BashOperator
ModuleNotFoundError: No module named 'airflow.providers.standard'
[2025-12-12T20:05:05.794+0000] {processor.py:842} WARNING - No viable dags retrieved from /opt/airflow/dags/venv/Lib/site-packages/airflow/example_dags/example_passing_params_via_test_command.py
[2025-12-12T20:05:05.836+0000] {processor.py:183} INFO - Processing /opt/airflow/dags/venv/Lib/site-packages/airflow/example_dags/example_passing_params_via_test_command.py took 0.071 seconds
[2025-12-12T20:05:42.968+0000] {processor.py:161} INFO - Started process (PID=5137) to work on /opt/airflow/dags/venv/Lib/site-packages/airflow/example_dags/example_passing_params_via_test_command.py
[2025-12-12T20:05:42.971+0000] {processor.py:830} INFO - Processing file /opt/airflow/dags/venv/Lib/site-packages/airflow/example_dags/example_passing_params_via_test_command.py for tasks to queue
[2025-12-12T20:05:42.972+0000] {logging_mixin.py:188} INFO - [2025-12-12T20:05:42.972+0000] {dagbag.py:545} INFO - Filling up the DagBag from /opt/airflow/dags/venv/Lib/site-packages/airflow/example_dags/example_passing_params_via_test_command.py
[2025-12-12T20:05:42.979+0000] {logging_mixin.py:188} INFO - [2025-12-12T20:05:42.977+0000] {dagbag.py:355} ERROR - Failed to import: /opt/airflow/dags/venv/Lib/site-packages/airflow/example_dags/example_passing_params_via_test_command.py
Traceback (most recent call last):
  File "/home/airflow/.local/lib/python3.11/site-packages/airflow/models/dagbag.py", line 351, in parse
    loader.exec_module(new_module)
  File "<frozen importlib._bootstrap_external>", line 940, in exec_module
  File "<frozen importlib._bootstrap>", line 241, in _call_with_frames_removed
  File "/opt/airflow/dags/venv/Lib/site-packages/airflow/example_dags/example_passing_params_via_test_command.py", line 28, in <module>
    from airflow.providers.standard.operators.bash import BashOperator
ModuleNotFoundError: No module named 'airflow.providers.standard'
[2025-12-12T20:05:42.979+0000] {processor.py:842} WARNING - No viable dags retrieved from /opt/airflow/dags/venv/Lib/site-packages/airflow/example_dags/example_passing_params_via_test_command.py
[2025-12-12T20:05:43.019+0000] {processor.py:183} INFO - Processing /opt/airflow/dags/venv/Lib/site-packages/airflow/example_dags/example_passing_params_via_test_command.py took 0.064 seconds
[2025-12-12T20:06:15.794+0000] {processor.py:161} INFO - Started process (PID=5564) to work on /opt/airflow/dags/venv/Lib/site-packages/airflow/example_dags/example_passing_params_via_test_command.py
[2025-12-12T20:06:15.798+0000] {processor.py:830} INFO - Processing file /opt/airflow/dags/venv/Lib/site-packages/airflow/example_dags/example_passing_params_via_test_command.py for tasks to queue
[2025-12-12T20:06:15.799+0000] {logging_mixin.py:188} INFO - [2025-12-12T20:06:15.799+0000] {dagbag.py:545} INFO - Filling up the DagBag from /opt/airflow/dags/venv/Lib/site-packages/airflow/example_dags/example_passing_params_via_test_command.py
[2025-12-12T20:06:15.806+0000] {logging_mixin.py:188} INFO - [2025-12-12T20:06:15.804+0000] {dagbag.py:355} ERROR - Failed to import: /opt/airflow/dags/venv/Lib/site-packages/airflow/example_dags/example_passing_params_via_test_command.py
Traceback (most recent call last):
  File "/home/airflow/.local/lib/python3.11/site-packages/airflow/models/dagbag.py", line 351, in parse
    loader.exec_module(new_module)
  File "<frozen importlib._bootstrap_external>", line 940, in exec_module
  File "<frozen importlib._bootstrap>", line 241, in _call_with_frames_removed
  File "/opt/airflow/dags/venv/Lib/site-packages/airflow/example_dags/example_passing_params_via_test_command.py", line 28, in <module>
    from airflow.providers.standard.operators.bash import BashOperator
ModuleNotFoundError: No module named 'airflow.providers.standard'
[2025-12-12T20:06:15.807+0000] {processor.py:842} WARNING - No viable dags retrieved from /opt/airflow/dags/venv/Lib/site-packages/airflow/example_dags/example_passing_params_via_test_command.py
[2025-12-12T20:06:15.856+0000] {processor.py:183} INFO - Processing /opt/airflow/dags/venv/Lib/site-packages/airflow/example_dags/example_passing_params_via_test_command.py took 0.076 seconds
[2025-12-12T20:06:51.964+0000] {processor.py:161} INFO - Started process (PID=5995) to work on /opt/airflow/dags/venv/Lib/site-packages/airflow/example_dags/example_passing_params_via_test_command.py
[2025-12-12T20:06:51.966+0000] {processor.py:830} INFO - Processing file /opt/airflow/dags/venv/Lib/site-packages/airflow/example_dags/example_passing_params_via_test_command.py for tasks to queue
[2025-12-12T20:06:51.967+0000] {logging_mixin.py:188} INFO - [2025-12-12T20:06:51.967+0000] {dagbag.py:545} INFO - Filling up the DagBag from /opt/airflow/dags/venv/Lib/site-packages/airflow/example_dags/example_passing_params_via_test_command.py
[2025-12-12T20:06:51.974+0000] {logging_mixin.py:188} INFO - [2025-12-12T20:06:51.972+0000] {dagbag.py:355} ERROR - Failed to import: /opt/airflow/dags/venv/Lib/site-packages/airflow/example_dags/example_passing_params_via_test_command.py
Traceback (most recent call last):
  File "/home/airflow/.local/lib/python3.11/site-packages/airflow/models/dagbag.py", line 351, in parse
    loader.exec_module(new_module)
  File "<frozen importlib._bootstrap_external>", line 940, in exec_module
  File "<frozen importlib._bootstrap>", line 241, in _call_with_frames_removed
  File "/opt/airflow/dags/venv/Lib/site-packages/airflow/example_dags/example_passing_params_via_test_command.py", line 28, in <module>
    from airflow.providers.standard.operators.bash import BashOperator
ModuleNotFoundError: No module named 'airflow.providers.standard'
[2025-12-12T20:06:51.975+0000] {processor.py:842} WARNING - No viable dags retrieved from /opt/airflow/dags/venv/Lib/site-packages/airflow/example_dags/example_passing_params_via_test_command.py
[2025-12-12T20:06:52.019+0000] {processor.py:183} INFO - Processing /opt/airflow/dags/venv/Lib/site-packages/airflow/example_dags/example_passing_params_via_test_command.py took 0.070 seconds
[2025-12-12T20:07:26.801+0000] {processor.py:161} INFO - Started process (PID=6422) to work on /opt/airflow/dags/venv/Lib/site-packages/airflow/example_dags/example_passing_params_via_test_command.py
[2025-12-12T20:07:26.804+0000] {processor.py:830} INFO - Processing file /opt/airflow/dags/venv/Lib/site-packages/airflow/example_dags/example_passing_params_via_test_command.py for tasks to queue
[2025-12-12T20:07:26.806+0000] {logging_mixin.py:188} INFO - [2025-12-12T20:07:26.806+0000] {dagbag.py:545} INFO - Filling up the DagBag from /opt/airflow/dags/venv/Lib/site-packages/airflow/example_dags/example_passing_params_via_test_command.py
[2025-12-12T20:07:26.815+0000] {logging_mixin.py:188} INFO - [2025-12-12T20:07:26.812+0000] {dagbag.py:355} ERROR - Failed to import: /opt/airflow/dags/venv/Lib/site-packages/airflow/example_dags/example_passing_params_via_test_command.py
Traceback (most recent call last):
  File "/home/airflow/.local/lib/python3.11/site-packages/airflow/models/dagbag.py", line 351, in parse
    loader.exec_module(new_module)
  File "<frozen importlib._bootstrap_external>", line 940, in exec_module
  File "<frozen importlib._bootstrap>", line 241, in _call_with_frames_removed
  File "/opt/airflow/dags/venv/Lib/site-packages/airflow/example_dags/example_passing_params_via_test_command.py", line 28, in <module>
    from airflow.providers.standard.operators.bash import BashOperator
ModuleNotFoundError: No module named 'airflow.providers.standard'
[2025-12-12T20:07:26.816+0000] {processor.py:842} WARNING - No viable dags retrieved from /opt/airflow/dags/venv/Lib/site-packages/airflow/example_dags/example_passing_params_via_test_command.py
[2025-12-12T20:07:26.858+0000] {processor.py:183} INFO - Processing /opt/airflow/dags/venv/Lib/site-packages/airflow/example_dags/example_passing_params_via_test_command.py took 0.072 seconds
[2025-12-12T20:08:00.495+0000] {processor.py:161} INFO - Started process (PID=6849) to work on /opt/airflow/dags/venv/Lib/site-packages/airflow/example_dags/example_passing_params_via_test_command.py
[2025-12-12T20:08:00.499+0000] {processor.py:830} INFO - Processing file /opt/airflow/dags/venv/Lib/site-packages/airflow/example_dags/example_passing_params_via_test_command.py for tasks to queue
[2025-12-12T20:08:00.501+0000] {logging_mixin.py:188} INFO - [2025-12-12T20:08:00.500+0000] {dagbag.py:545} INFO - Filling up the DagBag from /opt/airflow/dags/venv/Lib/site-packages/airflow/example_dags/example_passing_params_via_test_command.py
[2025-12-12T20:08:00.509+0000] {logging_mixin.py:188} INFO - [2025-12-12T20:08:00.506+0000] {dagbag.py:355} ERROR - Failed to import: /opt/airflow/dags/venv/Lib/site-packages/airflow/example_dags/example_passing_params_via_test_command.py
Traceback (most recent call last):
  File "/home/airflow/.local/lib/python3.11/site-packages/airflow/models/dagbag.py", line 351, in parse
    loader.exec_module(new_module)
  File "<frozen importlib._bootstrap_external>", line 940, in exec_module
  File "<frozen importlib._bootstrap>", line 241, in _call_with_frames_removed
  File "/opt/airflow/dags/venv/Lib/site-packages/airflow/example_dags/example_passing_params_via_test_command.py", line 28, in <module>
    from airflow.providers.standard.operators.bash import BashOperator
ModuleNotFoundError: No module named 'airflow.providers.standard'
[2025-12-12T20:08:00.510+0000] {processor.py:842} WARNING - No viable dags retrieved from /opt/airflow/dags/venv/Lib/site-packages/airflow/example_dags/example_passing_params_via_test_command.py
[2025-12-12T20:08:00.561+0000] {processor.py:183} INFO - Processing /opt/airflow/dags/venv/Lib/site-packages/airflow/example_dags/example_passing_params_via_test_command.py took 0.085 seconds
[2025-12-12T20:08:31.406+0000] {processor.py:161} INFO - Started process (PID=7226) to work on /opt/airflow/dags/venv/Lib/site-packages/airflow/example_dags/example_passing_params_via_test_command.py
[2025-12-12T20:08:31.409+0000] {processor.py:830} INFO - Processing file /opt/airflow/dags/venv/Lib/site-packages/airflow/example_dags/example_passing_params_via_test_command.py for tasks to queue
[2025-12-12T20:08:31.411+0000] {logging_mixin.py:188} INFO - [2025-12-12T20:08:31.410+0000] {dagbag.py:545} INFO - Filling up the DagBag from /opt/airflow/dags/venv/Lib/site-packages/airflow/example_dags/example_passing_params_via_test_command.py
[2025-12-12T20:08:31.417+0000] {logging_mixin.py:188} INFO - [2025-12-12T20:08:31.415+0000] {dagbag.py:355} ERROR - Failed to import: /opt/airflow/dags/venv/Lib/site-packages/airflow/example_dags/example_passing_params_via_test_command.py
Traceback (most recent call last):
  File "/home/airflow/.local/lib/python3.11/site-packages/airflow/models/dagbag.py", line 351, in parse
    loader.exec_module(new_module)
  File "<frozen importlib._bootstrap_external>", line 940, in exec_module
  File "<frozen importlib._bootstrap>", line 241, in _call_with_frames_removed
  File "/opt/airflow/dags/venv/Lib/site-packages/airflow/example_dags/example_passing_params_via_test_command.py", line 28, in <module>
    from airflow.providers.standard.operators.bash import BashOperator
ModuleNotFoundError: No module named 'airflow.providers.standard'
[2025-12-12T20:08:31.418+0000] {processor.py:842} WARNING - No viable dags retrieved from /opt/airflow/dags/venv/Lib/site-packages/airflow/example_dags/example_passing_params_via_test_command.py
[2025-12-12T20:08:31.458+0000] {processor.py:183} INFO - Processing /opt/airflow/dags/venv/Lib/site-packages/airflow/example_dags/example_passing_params_via_test_command.py took 0.066 seconds
[2025-12-12T20:09:04.273+0000] {processor.py:161} INFO - Started process (PID=7649) to work on /opt/airflow/dags/venv/Lib/site-packages/airflow/example_dags/example_passing_params_via_test_command.py
[2025-12-12T20:09:04.276+0000] {processor.py:830} INFO - Processing file /opt/airflow/dags/venv/Lib/site-packages/airflow/example_dags/example_passing_params_via_test_command.py for tasks to queue
[2025-12-12T20:09:04.277+0000] {logging_mixin.py:188} INFO - [2025-12-12T20:09:04.277+0000] {dagbag.py:545} INFO - Filling up the DagBag from /opt/airflow/dags/venv/Lib/site-packages/airflow/example_dags/example_passing_params_via_test_command.py
[2025-12-12T20:09:04.285+0000] {logging_mixin.py:188} INFO - [2025-12-12T20:09:04.283+0000] {dagbag.py:355} ERROR - Failed to import: /opt/airflow/dags/venv/Lib/site-packages/airflow/example_dags/example_passing_params_via_test_command.py
Traceback (most recent call last):
  File "/home/airflow/.local/lib/python3.11/site-packages/airflow/models/dagbag.py", line 351, in parse
    loader.exec_module(new_module)
  File "<frozen importlib._bootstrap_external>", line 940, in exec_module
  File "<frozen importlib._bootstrap>", line 241, in _call_with_frames_removed
  File "/opt/airflow/dags/venv/Lib/site-packages/airflow/example_dags/example_passing_params_via_test_command.py", line 28, in <module>
    from airflow.providers.standard.operators.bash import BashOperator
ModuleNotFoundError: No module named 'airflow.providers.standard'
[2025-12-12T20:09:04.286+0000] {processor.py:842} WARNING - No viable dags retrieved from /opt/airflow/dags/venv/Lib/site-packages/airflow/example_dags/example_passing_params_via_test_command.py
[2025-12-12T20:09:04.327+0000] {processor.py:183} INFO - Processing /opt/airflow/dags/venv/Lib/site-packages/airflow/example_dags/example_passing_params_via_test_command.py took 0.069 seconds
[2025-12-12T20:09:36.013+0000] {processor.py:161} INFO - Started process (PID=8046) to work on /opt/airflow/dags/venv/Lib/site-packages/airflow/example_dags/example_passing_params_via_test_command.py
[2025-12-12T20:09:36.016+0000] {processor.py:830} INFO - Processing file /opt/airflow/dags/venv/Lib/site-packages/airflow/example_dags/example_passing_params_via_test_command.py for tasks to queue
[2025-12-12T20:09:36.017+0000] {logging_mixin.py:188} INFO - [2025-12-12T20:09:36.017+0000] {dagbag.py:545} INFO - Filling up the DagBag from /opt/airflow/dags/venv/Lib/site-packages/airflow/example_dags/example_passing_params_via_test_command.py
[2025-12-12T20:09:36.025+0000] {logging_mixin.py:188} INFO - [2025-12-12T20:09:36.023+0000] {dagbag.py:355} ERROR - Failed to import: /opt/airflow/dags/venv/Lib/site-packages/airflow/example_dags/example_passing_params_via_test_command.py
Traceback (most recent call last):
  File "/home/airflow/.local/lib/python3.11/site-packages/airflow/models/dagbag.py", line 351, in parse
    loader.exec_module(new_module)
  File "<frozen importlib._bootstrap_external>", line 940, in exec_module
  File "<frozen importlib._bootstrap>", line 241, in _call_with_frames_removed
  File "/opt/airflow/dags/venv/Lib/site-packages/airflow/example_dags/example_passing_params_via_test_command.py", line 28, in <module>
    from airflow.providers.standard.operators.bash import BashOperator
ModuleNotFoundError: No module named 'airflow.providers.standard'
[2025-12-12T20:09:36.026+0000] {processor.py:842} WARNING - No viable dags retrieved from /opt/airflow/dags/venv/Lib/site-packages/airflow/example_dags/example_passing_params_via_test_command.py
[2025-12-12T20:09:36.069+0000] {processor.py:183} INFO - Processing /opt/airflow/dags/venv/Lib/site-packages/airflow/example_dags/example_passing_params_via_test_command.py took 0.071 seconds
[2025-12-12T20:10:11.661+0000] {processor.py:161} INFO - Started process (PID=8454) to work on /opt/airflow/dags/venv/Lib/site-packages/airflow/example_dags/example_passing_params_via_test_command.py
[2025-12-12T20:10:11.664+0000] {processor.py:830} INFO - Processing file /opt/airflow/dags/venv/Lib/site-packages/airflow/example_dags/example_passing_params_via_test_command.py for tasks to queue
[2025-12-12T20:10:11.666+0000] {logging_mixin.py:188} INFO - [2025-12-12T20:10:11.665+0000] {dagbag.py:545} INFO - Filling up the DagBag from /opt/airflow/dags/venv/Lib/site-packages/airflow/example_dags/example_passing_params_via_test_command.py
[2025-12-12T20:10:11.674+0000] {logging_mixin.py:188} INFO - [2025-12-12T20:10:11.671+0000] {dagbag.py:355} ERROR - Failed to import: /opt/airflow/dags/venv/Lib/site-packages/airflow/example_dags/example_passing_params_via_test_command.py
Traceback (most recent call last):
  File "/home/airflow/.local/lib/python3.11/site-packages/airflow/models/dagbag.py", line 351, in parse
    loader.exec_module(new_module)
  File "<frozen importlib._bootstrap_external>", line 940, in exec_module
  File "<frozen importlib._bootstrap>", line 241, in _call_with_frames_removed
  File "/opt/airflow/dags/venv/Lib/site-packages/airflow/example_dags/example_passing_params_via_test_command.py", line 28, in <module>
    from airflow.providers.standard.operators.bash import BashOperator
ModuleNotFoundError: No module named 'airflow.providers.standard'
[2025-12-12T20:10:11.675+0000] {processor.py:842} WARNING - No viable dags retrieved from /opt/airflow/dags/venv/Lib/site-packages/airflow/example_dags/example_passing_params_via_test_command.py
[2025-12-12T20:10:11.716+0000] {processor.py:183} INFO - Processing /opt/airflow/dags/venv/Lib/site-packages/airflow/example_dags/example_passing_params_via_test_command.py took 0.071 seconds
[2025-12-12T20:10:48.061+0000] {processor.py:161} INFO - Started process (PID=8852) to work on /opt/airflow/dags/venv/Lib/site-packages/airflow/example_dags/example_passing_params_via_test_command.py
[2025-12-12T20:10:48.064+0000] {processor.py:830} INFO - Processing file /opt/airflow/dags/venv/Lib/site-packages/airflow/example_dags/example_passing_params_via_test_command.py for tasks to queue
[2025-12-12T20:10:48.065+0000] {logging_mixin.py:188} INFO - [2025-12-12T20:10:48.064+0000] {dagbag.py:545} INFO - Filling up the DagBag from /opt/airflow/dags/venv/Lib/site-packages/airflow/example_dags/example_passing_params_via_test_command.py
[2025-12-12T20:10:48.072+0000] {logging_mixin.py:188} INFO - [2025-12-12T20:10:48.070+0000] {dagbag.py:355} ERROR - Failed to import: /opt/airflow/dags/venv/Lib/site-packages/airflow/example_dags/example_passing_params_via_test_command.py
Traceback (most recent call last):
  File "/home/airflow/.local/lib/python3.11/site-packages/airflow/models/dagbag.py", line 351, in parse
    loader.exec_module(new_module)
  File "<frozen importlib._bootstrap_external>", line 940, in exec_module
  File "<frozen importlib._bootstrap>", line 241, in _call_with_frames_removed
  File "/opt/airflow/dags/venv/Lib/site-packages/airflow/example_dags/example_passing_params_via_test_command.py", line 28, in <module>
    from airflow.providers.standard.operators.bash import BashOperator
ModuleNotFoundError: No module named 'airflow.providers.standard'
[2025-12-12T20:10:48.072+0000] {processor.py:842} WARNING - No viable dags retrieved from /opt/airflow/dags/venv/Lib/site-packages/airflow/example_dags/example_passing_params_via_test_command.py
[2025-12-12T20:10:48.116+0000] {processor.py:183} INFO - Processing /opt/airflow/dags/venv/Lib/site-packages/airflow/example_dags/example_passing_params_via_test_command.py took 0.070 seconds
[2025-12-12T20:11:23.740+0000] {processor.py:161} INFO - Started process (PID=9285) to work on /opt/airflow/dags/venv/Lib/site-packages/airflow/example_dags/example_passing_params_via_test_command.py
[2025-12-12T20:11:23.744+0000] {processor.py:830} INFO - Processing file /opt/airflow/dags/venv/Lib/site-packages/airflow/example_dags/example_passing_params_via_test_command.py for tasks to queue
[2025-12-12T20:11:23.745+0000] {logging_mixin.py:188} INFO - [2025-12-12T20:11:23.745+0000] {dagbag.py:545} INFO - Filling up the DagBag from /opt/airflow/dags/venv/Lib/site-packages/airflow/example_dags/example_passing_params_via_test_command.py
[2025-12-12T20:11:23.753+0000] {logging_mixin.py:188} INFO - [2025-12-12T20:11:23.751+0000] {dagbag.py:355} ERROR - Failed to import: /opt/airflow/dags/venv/Lib/site-packages/airflow/example_dags/example_passing_params_via_test_command.py
Traceback (most recent call last):
  File "/home/airflow/.local/lib/python3.11/site-packages/airflow/models/dagbag.py", line 351, in parse
    loader.exec_module(new_module)
  File "<frozen importlib._bootstrap_external>", line 940, in exec_module
  File "<frozen importlib._bootstrap>", line 241, in _call_with_frames_removed
  File "/opt/airflow/dags/venv/Lib/site-packages/airflow/example_dags/example_passing_params_via_test_command.py", line 28, in <module>
    from airflow.providers.standard.operators.bash import BashOperator
ModuleNotFoundError: No module named 'airflow.providers.standard'
[2025-12-12T20:11:23.754+0000] {processor.py:842} WARNING - No viable dags retrieved from /opt/airflow/dags/venv/Lib/site-packages/airflow/example_dags/example_passing_params_via_test_command.py
[2025-12-12T20:11:23.798+0000] {processor.py:183} INFO - Processing /opt/airflow/dags/venv/Lib/site-packages/airflow/example_dags/example_passing_params_via_test_command.py took 0.071 seconds
[2025-12-12T20:11:57.156+0000] {processor.py:161} INFO - Started process (PID=9706) to work on /opt/airflow/dags/venv/Lib/site-packages/airflow/example_dags/example_passing_params_via_test_command.py
[2025-12-12T20:11:57.160+0000] {processor.py:830} INFO - Processing file /opt/airflow/dags/venv/Lib/site-packages/airflow/example_dags/example_passing_params_via_test_command.py for tasks to queue
[2025-12-12T20:11:57.161+0000] {logging_mixin.py:188} INFO - [2025-12-12T20:11:57.161+0000] {dagbag.py:545} INFO - Filling up the DagBag from /opt/airflow/dags/venv/Lib/site-packages/airflow/example_dags/example_passing_params_via_test_command.py
[2025-12-12T20:11:57.168+0000] {logging_mixin.py:188} INFO - [2025-12-12T20:11:57.166+0000] {dagbag.py:355} ERROR - Failed to import: /opt/airflow/dags/venv/Lib/site-packages/airflow/example_dags/example_passing_params_via_test_command.py
Traceback (most recent call last):
  File "/home/airflow/.local/lib/python3.11/site-packages/airflow/models/dagbag.py", line 351, in parse
    loader.exec_module(new_module)
  File "<frozen importlib._bootstrap_external>", line 940, in exec_module
  File "<frozen importlib._bootstrap>", line 241, in _call_with_frames_removed
  File "/opt/airflow/dags/venv/Lib/site-packages/airflow/example_dags/example_passing_params_via_test_command.py", line 28, in <module>
    from airflow.providers.standard.operators.bash import BashOperator
ModuleNotFoundError: No module named 'airflow.providers.standard'
[2025-12-12T20:11:57.169+0000] {processor.py:842} WARNING - No viable dags retrieved from /opt/airflow/dags/venv/Lib/site-packages/airflow/example_dags/example_passing_params_via_test_command.py
[2025-12-12T20:11:57.212+0000] {processor.py:183} INFO - Processing /opt/airflow/dags/venv/Lib/site-packages/airflow/example_dags/example_passing_params_via_test_command.py took 0.072 seconds
[2025-12-12T20:12:30.410+0000] {processor.py:161} INFO - Started process (PID=10121) to work on /opt/airflow/dags/venv/Lib/site-packages/airflow/example_dags/example_passing_params_via_test_command.py
[2025-12-12T20:12:30.413+0000] {processor.py:830} INFO - Processing file /opt/airflow/dags/venv/Lib/site-packages/airflow/example_dags/example_passing_params_via_test_command.py for tasks to queue
[2025-12-12T20:12:30.415+0000] {logging_mixin.py:188} INFO - [2025-12-12T20:12:30.414+0000] {dagbag.py:545} INFO - Filling up the DagBag from /opt/airflow/dags/venv/Lib/site-packages/airflow/example_dags/example_passing_params_via_test_command.py
[2025-12-12T20:12:30.422+0000] {logging_mixin.py:188} INFO - [2025-12-12T20:12:30.419+0000] {dagbag.py:355} ERROR - Failed to import: /opt/airflow/dags/venv/Lib/site-packages/airflow/example_dags/example_passing_params_via_test_command.py
Traceback (most recent call last):
  File "/home/airflow/.local/lib/python3.11/site-packages/airflow/models/dagbag.py", line 351, in parse
    loader.exec_module(new_module)
  File "<frozen importlib._bootstrap_external>", line 940, in exec_module
  File "<frozen importlib._bootstrap>", line 241, in _call_with_frames_removed
  File "/opt/airflow/dags/venv/Lib/site-packages/airflow/example_dags/example_passing_params_via_test_command.py", line 28, in <module>
    from airflow.providers.standard.operators.bash import BashOperator
ModuleNotFoundError: No module named 'airflow.providers.standard'
[2025-12-12T20:12:30.424+0000] {processor.py:842} WARNING - No viable dags retrieved from /opt/airflow/dags/venv/Lib/site-packages/airflow/example_dags/example_passing_params_via_test_command.py
[2025-12-12T20:12:30.469+0000] {processor.py:183} INFO - Processing /opt/airflow/dags/venv/Lib/site-packages/airflow/example_dags/example_passing_params_via_test_command.py took 0.075 seconds
[2025-12-12T20:13:06.090+0000] {processor.py:161} INFO - Started process (PID=10561) to work on /opt/airflow/dags/venv/Lib/site-packages/airflow/example_dags/example_passing_params_via_test_command.py
[2025-12-12T20:13:06.093+0000] {processor.py:830} INFO - Processing file /opt/airflow/dags/venv/Lib/site-packages/airflow/example_dags/example_passing_params_via_test_command.py for tasks to queue
[2025-12-12T20:13:06.095+0000] {logging_mixin.py:188} INFO - [2025-12-12T20:13:06.094+0000] {dagbag.py:545} INFO - Filling up the DagBag from /opt/airflow/dags/venv/Lib/site-packages/airflow/example_dags/example_passing_params_via_test_command.py
[2025-12-12T20:13:06.101+0000] {logging_mixin.py:188} INFO - [2025-12-12T20:13:06.099+0000] {dagbag.py:355} ERROR - Failed to import: /opt/airflow/dags/venv/Lib/site-packages/airflow/example_dags/example_passing_params_via_test_command.py
Traceback (most recent call last):
  File "/home/airflow/.local/lib/python3.11/site-packages/airflow/models/dagbag.py", line 351, in parse
    loader.exec_module(new_module)
  File "<frozen importlib._bootstrap_external>", line 940, in exec_module
  File "<frozen importlib._bootstrap>", line 241, in _call_with_frames_removed
  File "/opt/airflow/dags/venv/Lib/site-packages/airflow/example_dags/example_passing_params_via_test_command.py", line 28, in <module>
    from airflow.providers.standard.operators.bash import BashOperator
ModuleNotFoundError: No module named 'airflow.providers.standard'
[2025-12-12T20:13:06.103+0000] {processor.py:842} WARNING - No viable dags retrieved from /opt/airflow/dags/venv/Lib/site-packages/airflow/example_dags/example_passing_params_via_test_command.py
[2025-12-12T20:13:06.144+0000] {processor.py:183} INFO - Processing /opt/airflow/dags/venv/Lib/site-packages/airflow/example_dags/example_passing_params_via_test_command.py took 0.067 seconds
[2025-12-12T20:13:39.491+0000] {processor.py:161} INFO - Started process (PID=10971) to work on /opt/airflow/dags/venv/Lib/site-packages/airflow/example_dags/example_passing_params_via_test_command.py
[2025-12-12T20:13:39.494+0000] {processor.py:830} INFO - Processing file /opt/airflow/dags/venv/Lib/site-packages/airflow/example_dags/example_passing_params_via_test_command.py for tasks to queue
[2025-12-12T20:13:39.495+0000] {logging_mixin.py:188} INFO - [2025-12-12T20:13:39.495+0000] {dagbag.py:545} INFO - Filling up the DagBag from /opt/airflow/dags/venv/Lib/site-packages/airflow/example_dags/example_passing_params_via_test_command.py
[2025-12-12T20:13:39.503+0000] {logging_mixin.py:188} INFO - [2025-12-12T20:13:39.501+0000] {dagbag.py:355} ERROR - Failed to import: /opt/airflow/dags/venv/Lib/site-packages/airflow/example_dags/example_passing_params_via_test_command.py
Traceback (most recent call last):
  File "/home/airflow/.local/lib/python3.11/site-packages/airflow/models/dagbag.py", line 351, in parse
    loader.exec_module(new_module)
  File "<frozen importlib._bootstrap_external>", line 940, in exec_module
  File "<frozen importlib._bootstrap>", line 241, in _call_with_frames_removed
  File "/opt/airflow/dags/venv/Lib/site-packages/airflow/example_dags/example_passing_params_via_test_command.py", line 28, in <module>
    from airflow.providers.standard.operators.bash import BashOperator
ModuleNotFoundError: No module named 'airflow.providers.standard'
[2025-12-12T20:13:39.503+0000] {processor.py:842} WARNING - No viable dags retrieved from /opt/airflow/dags/venv/Lib/site-packages/airflow/example_dags/example_passing_params_via_test_command.py
[2025-12-12T20:13:39.545+0000] {processor.py:183} INFO - Processing /opt/airflow/dags/venv/Lib/site-packages/airflow/example_dags/example_passing_params_via_test_command.py took 0.068 seconds
[2025-12-12T20:14:14.962+0000] {processor.py:161} INFO - Started process (PID=11393) to work on /opt/airflow/dags/venv/Lib/site-packages/airflow/example_dags/example_passing_params_via_test_command.py
[2025-12-12T20:14:14.965+0000] {processor.py:830} INFO - Processing file /opt/airflow/dags/venv/Lib/site-packages/airflow/example_dags/example_passing_params_via_test_command.py for tasks to queue
[2025-12-12T20:14:14.967+0000] {logging_mixin.py:188} INFO - [2025-12-12T20:14:14.966+0000] {dagbag.py:545} INFO - Filling up the DagBag from /opt/airflow/dags/venv/Lib/site-packages/airflow/example_dags/example_passing_params_via_test_command.py
[2025-12-12T20:14:14.974+0000] {logging_mixin.py:188} INFO - [2025-12-12T20:14:14.971+0000] {dagbag.py:355} ERROR - Failed to import: /opt/airflow/dags/venv/Lib/site-packages/airflow/example_dags/example_passing_params_via_test_command.py
Traceback (most recent call last):
  File "/home/airflow/.local/lib/python3.11/site-packages/airflow/models/dagbag.py", line 351, in parse
    loader.exec_module(new_module)
  File "<frozen importlib._bootstrap_external>", line 940, in exec_module
  File "<frozen importlib._bootstrap>", line 241, in _call_with_frames_removed
  File "/opt/airflow/dags/venv/Lib/site-packages/airflow/example_dags/example_passing_params_via_test_command.py", line 28, in <module>
    from airflow.providers.standard.operators.bash import BashOperator
ModuleNotFoundError: No module named 'airflow.providers.standard'
[2025-12-12T20:14:14.975+0000] {processor.py:842} WARNING - No viable dags retrieved from /opt/airflow/dags/venv/Lib/site-packages/airflow/example_dags/example_passing_params_via_test_command.py
[2025-12-12T20:14:15.020+0000] {processor.py:183} INFO - Processing /opt/airflow/dags/venv/Lib/site-packages/airflow/example_dags/example_passing_params_via_test_command.py took 0.075 seconds
[2025-12-12T20:14:50.173+0000] {processor.py:161} INFO - Started process (PID=11820) to work on /opt/airflow/dags/venv/Lib/site-packages/airflow/example_dags/example_passing_params_via_test_command.py
[2025-12-12T20:14:50.175+0000] {processor.py:830} INFO - Processing file /opt/airflow/dags/venv/Lib/site-packages/airflow/example_dags/example_passing_params_via_test_command.py for tasks to queue
[2025-12-12T20:14:50.177+0000] {logging_mixin.py:188} INFO - [2025-12-12T20:14:50.177+0000] {dagbag.py:545} INFO - Filling up the DagBag from /opt/airflow/dags/venv/Lib/site-packages/airflow/example_dags/example_passing_params_via_test_command.py
[2025-12-12T20:14:50.186+0000] {logging_mixin.py:188} INFO - [2025-12-12T20:14:50.183+0000] {dagbag.py:355} ERROR - Failed to import: /opt/airflow/dags/venv/Lib/site-packages/airflow/example_dags/example_passing_params_via_test_command.py
Traceback (most recent call last):
  File "/home/airflow/.local/lib/python3.11/site-packages/airflow/models/dagbag.py", line 351, in parse
    loader.exec_module(new_module)
  File "<frozen importlib._bootstrap_external>", line 940, in exec_module
  File "<frozen importlib._bootstrap>", line 241, in _call_with_frames_removed
  File "/opt/airflow/dags/venv/Lib/site-packages/airflow/example_dags/example_passing_params_via_test_command.py", line 28, in <module>
    from airflow.providers.standard.operators.bash import BashOperator
ModuleNotFoundError: No module named 'airflow.providers.standard'
[2025-12-12T20:14:50.187+0000] {processor.py:842} WARNING - No viable dags retrieved from /opt/airflow/dags/venv/Lib/site-packages/airflow/example_dags/example_passing_params_via_test_command.py
[2025-12-12T20:14:50.234+0000] {processor.py:183} INFO - Processing /opt/airflow/dags/venv/Lib/site-packages/airflow/example_dags/example_passing_params_via_test_command.py took 0.078 seconds
[2025-12-12T20:15:23.719+0000] {processor.py:161} INFO - Started process (PID=12241) to work on /opt/airflow/dags/venv/Lib/site-packages/airflow/example_dags/example_passing_params_via_test_command.py
[2025-12-12T20:15:23.722+0000] {processor.py:830} INFO - Processing file /opt/airflow/dags/venv/Lib/site-packages/airflow/example_dags/example_passing_params_via_test_command.py for tasks to queue
[2025-12-12T20:15:23.724+0000] {logging_mixin.py:188} INFO - [2025-12-12T20:15:23.723+0000] {dagbag.py:545} INFO - Filling up the DagBag from /opt/airflow/dags/venv/Lib/site-packages/airflow/example_dags/example_passing_params_via_test_command.py
[2025-12-12T20:15:23.731+0000] {logging_mixin.py:188} INFO - [2025-12-12T20:15:23.729+0000] {dagbag.py:355} ERROR - Failed to import: /opt/airflow/dags/venv/Lib/site-packages/airflow/example_dags/example_passing_params_via_test_command.py
Traceback (most recent call last):
  File "/home/airflow/.local/lib/python3.11/site-packages/airflow/models/dagbag.py", line 351, in parse
    loader.exec_module(new_module)
  File "<frozen importlib._bootstrap_external>", line 940, in exec_module
  File "<frozen importlib._bootstrap>", line 241, in _call_with_frames_removed
  File "/opt/airflow/dags/venv/Lib/site-packages/airflow/example_dags/example_passing_params_via_test_command.py", line 28, in <module>
    from airflow.providers.standard.operators.bash import BashOperator
ModuleNotFoundError: No module named 'airflow.providers.standard'
[2025-12-12T20:15:23.732+0000] {processor.py:842} WARNING - No viable dags retrieved from /opt/airflow/dags/venv/Lib/site-packages/airflow/example_dags/example_passing_params_via_test_command.py
[2025-12-12T20:15:23.771+0000] {processor.py:183} INFO - Processing /opt/airflow/dags/venv/Lib/site-packages/airflow/example_dags/example_passing_params_via_test_command.py took 0.067 seconds
[2025-12-12T20:16:00.264+0000] {processor.py:161} INFO - Started process (PID=12657) to work on /opt/airflow/dags/venv/Lib/site-packages/airflow/example_dags/example_passing_params_via_test_command.py
[2025-12-12T20:16:00.268+0000] {processor.py:830} INFO - Processing file /opt/airflow/dags/venv/Lib/site-packages/airflow/example_dags/example_passing_params_via_test_command.py for tasks to queue
[2025-12-12T20:16:00.269+0000] {logging_mixin.py:188} INFO - [2025-12-12T20:16:00.269+0000] {dagbag.py:545} INFO - Filling up the DagBag from /opt/airflow/dags/venv/Lib/site-packages/airflow/example_dags/example_passing_params_via_test_command.py
[2025-12-12T20:16:00.277+0000] {logging_mixin.py:188} INFO - [2025-12-12T20:16:00.274+0000] {dagbag.py:355} ERROR - Failed to import: /opt/airflow/dags/venv/Lib/site-packages/airflow/example_dags/example_passing_params_via_test_command.py
Traceback (most recent call last):
  File "/home/airflow/.local/lib/python3.11/site-packages/airflow/models/dagbag.py", line 351, in parse
    loader.exec_module(new_module)
  File "<frozen importlib._bootstrap_external>", line 940, in exec_module
  File "<frozen importlib._bootstrap>", line 241, in _call_with_frames_removed
  File "/opt/airflow/dags/venv/Lib/site-packages/airflow/example_dags/example_passing_params_via_test_command.py", line 28, in <module>
    from airflow.providers.standard.operators.bash import BashOperator
ModuleNotFoundError: No module named 'airflow.providers.standard'
[2025-12-12T20:16:00.278+0000] {processor.py:842} WARNING - No viable dags retrieved from /opt/airflow/dags/venv/Lib/site-packages/airflow/example_dags/example_passing_params_via_test_command.py
[2025-12-12T20:16:00.317+0000] {processor.py:183} INFO - Processing /opt/airflow/dags/venv/Lib/site-packages/airflow/example_dags/example_passing_params_via_test_command.py took 0.068 seconds
[2025-12-12T20:16:34.475+0000] {processor.py:161} INFO - Started process (PID=13101) to work on /opt/airflow/dags/venv/Lib/site-packages/airflow/example_dags/example_passing_params_via_test_command.py
[2025-12-12T20:16:34.479+0000] {processor.py:830} INFO - Processing file /opt/airflow/dags/venv/Lib/site-packages/airflow/example_dags/example_passing_params_via_test_command.py for tasks to queue
[2025-12-12T20:16:34.480+0000] {logging_mixin.py:188} INFO - [2025-12-12T20:16:34.479+0000] {dagbag.py:545} INFO - Filling up the DagBag from /opt/airflow/dags/venv/Lib/site-packages/airflow/example_dags/example_passing_params_via_test_command.py
[2025-12-12T20:16:34.486+0000] {logging_mixin.py:188} INFO - [2025-12-12T20:16:34.484+0000] {dagbag.py:355} ERROR - Failed to import: /opt/airflow/dags/venv/Lib/site-packages/airflow/example_dags/example_passing_params_via_test_command.py
Traceback (most recent call last):
  File "/home/airflow/.local/lib/python3.11/site-packages/airflow/models/dagbag.py", line 351, in parse
    loader.exec_module(new_module)
  File "<frozen importlib._bootstrap_external>", line 940, in exec_module
  File "<frozen importlib._bootstrap>", line 241, in _call_with_frames_removed
  File "/opt/airflow/dags/venv/Lib/site-packages/airflow/example_dags/example_passing_params_via_test_command.py", line 28, in <module>
    from airflow.providers.standard.operators.bash import BashOperator
ModuleNotFoundError: No module named 'airflow.providers.standard'
[2025-12-12T20:16:34.487+0000] {processor.py:842} WARNING - No viable dags retrieved from /opt/airflow/dags/venv/Lib/site-packages/airflow/example_dags/example_passing_params_via_test_command.py
[2025-12-12T20:16:34.525+0000] {processor.py:183} INFO - Processing /opt/airflow/dags/venv/Lib/site-packages/airflow/example_dags/example_passing_params_via_test_command.py took 0.062 seconds
[2025-12-12T20:17:08.110+0000] {processor.py:161} INFO - Started process (PID=13545) to work on /opt/airflow/dags/venv/Lib/site-packages/airflow/example_dags/example_passing_params_via_test_command.py
[2025-12-12T20:17:08.113+0000] {processor.py:830} INFO - Processing file /opt/airflow/dags/venv/Lib/site-packages/airflow/example_dags/example_passing_params_via_test_command.py for tasks to queue
[2025-12-12T20:17:08.114+0000] {logging_mixin.py:188} INFO - [2025-12-12T20:17:08.114+0000] {dagbag.py:545} INFO - Filling up the DagBag from /opt/airflow/dags/venv/Lib/site-packages/airflow/example_dags/example_passing_params_via_test_command.py
[2025-12-12T20:17:08.123+0000] {logging_mixin.py:188} INFO - [2025-12-12T20:17:08.120+0000] {dagbag.py:355} ERROR - Failed to import: /opt/airflow/dags/venv/Lib/site-packages/airflow/example_dags/example_passing_params_via_test_command.py
Traceback (most recent call last):
  File "/home/airflow/.local/lib/python3.11/site-packages/airflow/models/dagbag.py", line 351, in parse
    loader.exec_module(new_module)
  File "<frozen importlib._bootstrap_external>", line 940, in exec_module
  File "<frozen importlib._bootstrap>", line 241, in _call_with_frames_removed
  File "/opt/airflow/dags/venv/Lib/site-packages/airflow/example_dags/example_passing_params_via_test_command.py", line 28, in <module>
    from airflow.providers.standard.operators.bash import BashOperator
ModuleNotFoundError: No module named 'airflow.providers.standard'
[2025-12-12T20:17:08.124+0000] {processor.py:842} WARNING - No viable dags retrieved from /opt/airflow/dags/venv/Lib/site-packages/airflow/example_dags/example_passing_params_via_test_command.py
[2025-12-12T20:17:08.166+0000] {processor.py:183} INFO - Processing /opt/airflow/dags/venv/Lib/site-packages/airflow/example_dags/example_passing_params_via_test_command.py took 0.071 seconds
[2025-12-12T20:17:43.051+0000] {processor.py:161} INFO - Started process (PID=14009) to work on /opt/airflow/dags/venv/Lib/site-packages/airflow/example_dags/example_passing_params_via_test_command.py
[2025-12-12T20:17:43.055+0000] {processor.py:830} INFO - Processing file /opt/airflow/dags/venv/Lib/site-packages/airflow/example_dags/example_passing_params_via_test_command.py for tasks to queue
[2025-12-12T20:17:43.056+0000] {logging_mixin.py:188} INFO - [2025-12-12T20:17:43.055+0000] {dagbag.py:545} INFO - Filling up the DagBag from /opt/airflow/dags/venv/Lib/site-packages/airflow/example_dags/example_passing_params_via_test_command.py
[2025-12-12T20:17:43.062+0000] {logging_mixin.py:188} INFO - [2025-12-12T20:17:43.060+0000] {dagbag.py:355} ERROR - Failed to import: /opt/airflow/dags/venv/Lib/site-packages/airflow/example_dags/example_passing_params_via_test_command.py
Traceback (most recent call last):
  File "/home/airflow/.local/lib/python3.11/site-packages/airflow/models/dagbag.py", line 351, in parse
    loader.exec_module(new_module)
  File "<frozen importlib._bootstrap_external>", line 940, in exec_module
  File "<frozen importlib._bootstrap>", line 241, in _call_with_frames_removed
  File "/opt/airflow/dags/venv/Lib/site-packages/airflow/example_dags/example_passing_params_via_test_command.py", line 28, in <module>
    from airflow.providers.standard.operators.bash import BashOperator
ModuleNotFoundError: No module named 'airflow.providers.standard'
[2025-12-12T20:17:43.063+0000] {processor.py:842} WARNING - No viable dags retrieved from /opt/airflow/dags/venv/Lib/site-packages/airflow/example_dags/example_passing_params_via_test_command.py
[2025-12-12T20:17:43.101+0000] {processor.py:183} INFO - Processing /opt/airflow/dags/venv/Lib/site-packages/airflow/example_dags/example_passing_params_via_test_command.py took 0.063 seconds
[2025-12-12T20:18:18.813+0000] {processor.py:161} INFO - Started process (PID=14485) to work on /opt/airflow/dags/venv/Lib/site-packages/airflow/example_dags/example_passing_params_via_test_command.py
[2025-12-12T20:18:18.817+0000] {processor.py:830} INFO - Processing file /opt/airflow/dags/venv/Lib/site-packages/airflow/example_dags/example_passing_params_via_test_command.py for tasks to queue
[2025-12-12T20:18:18.818+0000] {logging_mixin.py:188} INFO - [2025-12-12T20:18:18.818+0000] {dagbag.py:545} INFO - Filling up the DagBag from /opt/airflow/dags/venv/Lib/site-packages/airflow/example_dags/example_passing_params_via_test_command.py
[2025-12-12T20:18:18.824+0000] {logging_mixin.py:188} INFO - [2025-12-12T20:18:18.822+0000] {dagbag.py:355} ERROR - Failed to import: /opt/airflow/dags/venv/Lib/site-packages/airflow/example_dags/example_passing_params_via_test_command.py
Traceback (most recent call last):
  File "/home/airflow/.local/lib/python3.11/site-packages/airflow/models/dagbag.py", line 351, in parse
    loader.exec_module(new_module)
  File "<frozen importlib._bootstrap_external>", line 940, in exec_module
  File "<frozen importlib._bootstrap>", line 241, in _call_with_frames_removed
  File "/opt/airflow/dags/venv/Lib/site-packages/airflow/example_dags/example_passing_params_via_test_command.py", line 28, in <module>
    from airflow.providers.standard.operators.bash import BashOperator
ModuleNotFoundError: No module named 'airflow.providers.standard'
[2025-12-12T20:18:18.825+0000] {processor.py:842} WARNING - No viable dags retrieved from /opt/airflow/dags/venv/Lib/site-packages/airflow/example_dags/example_passing_params_via_test_command.py
[2025-12-12T20:18:18.863+0000] {processor.py:183} INFO - Processing /opt/airflow/dags/venv/Lib/site-packages/airflow/example_dags/example_passing_params_via_test_command.py took 0.063 seconds
[2025-12-12T20:18:52.332+0000] {processor.py:161} INFO - Started process (PID=14941) to work on /opt/airflow/dags/venv/Lib/site-packages/airflow/example_dags/example_passing_params_via_test_command.py
[2025-12-12T20:18:52.335+0000] {processor.py:830} INFO - Processing file /opt/airflow/dags/venv/Lib/site-packages/airflow/example_dags/example_passing_params_via_test_command.py for tasks to queue
[2025-12-12T20:18:52.337+0000] {logging_mixin.py:188} INFO - [2025-12-12T20:18:52.336+0000] {dagbag.py:545} INFO - Filling up the DagBag from /opt/airflow/dags/venv/Lib/site-packages/airflow/example_dags/example_passing_params_via_test_command.py
[2025-12-12T20:18:52.343+0000] {logging_mixin.py:188} INFO - [2025-12-12T20:18:52.341+0000] {dagbag.py:355} ERROR - Failed to import: /opt/airflow/dags/venv/Lib/site-packages/airflow/example_dags/example_passing_params_via_test_command.py
Traceback (most recent call last):
  File "/home/airflow/.local/lib/python3.11/site-packages/airflow/models/dagbag.py", line 351, in parse
    loader.exec_module(new_module)
  File "<frozen importlib._bootstrap_external>", line 940, in exec_module
  File "<frozen importlib._bootstrap>", line 241, in _call_with_frames_removed
  File "/opt/airflow/dags/venv/Lib/site-packages/airflow/example_dags/example_passing_params_via_test_command.py", line 28, in <module>
    from airflow.providers.standard.operators.bash import BashOperator
ModuleNotFoundError: No module named 'airflow.providers.standard'
[2025-12-12T20:18:52.344+0000] {processor.py:842} WARNING - No viable dags retrieved from /opt/airflow/dags/venv/Lib/site-packages/airflow/example_dags/example_passing_params_via_test_command.py
[2025-12-12T20:18:52.383+0000] {processor.py:183} INFO - Processing /opt/airflow/dags/venv/Lib/site-packages/airflow/example_dags/example_passing_params_via_test_command.py took 0.063 seconds
[2025-12-12T20:19:29.313+0000] {processor.py:161} INFO - Started process (PID=15410) to work on /opt/airflow/dags/venv/Lib/site-packages/airflow/example_dags/example_passing_params_via_test_command.py
[2025-12-12T20:19:29.316+0000] {processor.py:830} INFO - Processing file /opt/airflow/dags/venv/Lib/site-packages/airflow/example_dags/example_passing_params_via_test_command.py for tasks to queue
[2025-12-12T20:19:29.318+0000] {logging_mixin.py:188} INFO - [2025-12-12T20:19:29.317+0000] {dagbag.py:545} INFO - Filling up the DagBag from /opt/airflow/dags/venv/Lib/site-packages/airflow/example_dags/example_passing_params_via_test_command.py
[2025-12-12T20:19:29.324+0000] {logging_mixin.py:188} INFO - [2025-12-12T20:19:29.322+0000] {dagbag.py:355} ERROR - Failed to import: /opt/airflow/dags/venv/Lib/site-packages/airflow/example_dags/example_passing_params_via_test_command.py
Traceback (most recent call last):
  File "/home/airflow/.local/lib/python3.11/site-packages/airflow/models/dagbag.py", line 351, in parse
    loader.exec_module(new_module)
  File "<frozen importlib._bootstrap_external>", line 940, in exec_module
  File "<frozen importlib._bootstrap>", line 241, in _call_with_frames_removed
  File "/opt/airflow/dags/venv/Lib/site-packages/airflow/example_dags/example_passing_params_via_test_command.py", line 28, in <module>
    from airflow.providers.standard.operators.bash import BashOperator
ModuleNotFoundError: No module named 'airflow.providers.standard'
[2025-12-12T20:19:29.325+0000] {processor.py:842} WARNING - No viable dags retrieved from /opt/airflow/dags/venv/Lib/site-packages/airflow/example_dags/example_passing_params_via_test_command.py
[2025-12-12T20:19:29.368+0000] {processor.py:183} INFO - Processing /opt/airflow/dags/venv/Lib/site-packages/airflow/example_dags/example_passing_params_via_test_command.py took 0.068 seconds
[2025-12-12T20:20:04.658+0000] {processor.py:161} INFO - Started process (PID=15837) to work on /opt/airflow/dags/venv/Lib/site-packages/airflow/example_dags/example_passing_params_via_test_command.py
[2025-12-12T20:20:04.660+0000] {processor.py:830} INFO - Processing file /opt/airflow/dags/venv/Lib/site-packages/airflow/example_dags/example_passing_params_via_test_command.py for tasks to queue
[2025-12-12T20:20:04.662+0000] {logging_mixin.py:188} INFO - [2025-12-12T20:20:04.661+0000] {dagbag.py:545} INFO - Filling up the DagBag from /opt/airflow/dags/venv/Lib/site-packages/airflow/example_dags/example_passing_params_via_test_command.py
[2025-12-12T20:20:04.668+0000] {logging_mixin.py:188} INFO - [2025-12-12T20:20:04.666+0000] {dagbag.py:355} ERROR - Failed to import: /opt/airflow/dags/venv/Lib/site-packages/airflow/example_dags/example_passing_params_via_test_command.py
Traceback (most recent call last):
  File "/home/airflow/.local/lib/python3.11/site-packages/airflow/models/dagbag.py", line 351, in parse
    loader.exec_module(new_module)
  File "<frozen importlib._bootstrap_external>", line 940, in exec_module
  File "<frozen importlib._bootstrap>", line 241, in _call_with_frames_removed
  File "/opt/airflow/dags/venv/Lib/site-packages/airflow/example_dags/example_passing_params_via_test_command.py", line 28, in <module>
    from airflow.providers.standard.operators.bash import BashOperator
ModuleNotFoundError: No module named 'airflow.providers.standard'
[2025-12-12T20:20:04.669+0000] {processor.py:842} WARNING - No viable dags retrieved from /opt/airflow/dags/venv/Lib/site-packages/airflow/example_dags/example_passing_params_via_test_command.py
[2025-12-12T20:20:04.708+0000] {processor.py:183} INFO - Processing /opt/airflow/dags/venv/Lib/site-packages/airflow/example_dags/example_passing_params_via_test_command.py took 0.062 seconds
[2025-12-12T20:20:41.575+0000] {processor.py:161} INFO - Started process (PID=16267) to work on /opt/airflow/dags/venv/Lib/site-packages/airflow/example_dags/example_passing_params_via_test_command.py
[2025-12-12T20:20:41.578+0000] {processor.py:830} INFO - Processing file /opt/airflow/dags/venv/Lib/site-packages/airflow/example_dags/example_passing_params_via_test_command.py for tasks to queue
[2025-12-12T20:20:41.579+0000] {logging_mixin.py:188} INFO - [2025-12-12T20:20:41.579+0000] {dagbag.py:545} INFO - Filling up the DagBag from /opt/airflow/dags/venv/Lib/site-packages/airflow/example_dags/example_passing_params_via_test_command.py
[2025-12-12T20:20:41.586+0000] {logging_mixin.py:188} INFO - [2025-12-12T20:20:41.583+0000] {dagbag.py:355} ERROR - Failed to import: /opt/airflow/dags/venv/Lib/site-packages/airflow/example_dags/example_passing_params_via_test_command.py
Traceback (most recent call last):
  File "/home/airflow/.local/lib/python3.11/site-packages/airflow/models/dagbag.py", line 351, in parse
    loader.exec_module(new_module)
  File "<frozen importlib._bootstrap_external>", line 940, in exec_module
  File "<frozen importlib._bootstrap>", line 241, in _call_with_frames_removed
  File "/opt/airflow/dags/venv/Lib/site-packages/airflow/example_dags/example_passing_params_via_test_command.py", line 28, in <module>
    from airflow.providers.standard.operators.bash import BashOperator
ModuleNotFoundError: No module named 'airflow.providers.standard'
[2025-12-12T20:20:41.587+0000] {processor.py:842} WARNING - No viable dags retrieved from /opt/airflow/dags/venv/Lib/site-packages/airflow/example_dags/example_passing_params_via_test_command.py
[2025-12-12T20:20:41.631+0000] {processor.py:183} INFO - Processing /opt/airflow/dags/venv/Lib/site-packages/airflow/example_dags/example_passing_params_via_test_command.py took 0.069 seconds
[2025-12-12T20:21:14.666+0000] {processor.py:161} INFO - Started process (PID=16694) to work on /opt/airflow/dags/venv/Lib/site-packages/airflow/example_dags/example_passing_params_via_test_command.py
[2025-12-12T20:21:14.673+0000] {processor.py:830} INFO - Processing file /opt/airflow/dags/venv/Lib/site-packages/airflow/example_dags/example_passing_params_via_test_command.py for tasks to queue
[2025-12-12T20:21:14.675+0000] {logging_mixin.py:188} INFO - [2025-12-12T20:21:14.674+0000] {dagbag.py:545} INFO - Filling up the DagBag from /opt/airflow/dags/venv/Lib/site-packages/airflow/example_dags/example_passing_params_via_test_command.py
[2025-12-12T20:21:14.688+0000] {logging_mixin.py:188} INFO - [2025-12-12T20:21:14.686+0000] {dagbag.py:355} ERROR - Failed to import: /opt/airflow/dags/venv/Lib/site-packages/airflow/example_dags/example_passing_params_via_test_command.py
Traceback (most recent call last):
  File "/home/airflow/.local/lib/python3.11/site-packages/airflow/models/dagbag.py", line 351, in parse
    loader.exec_module(new_module)
  File "<frozen importlib._bootstrap_external>", line 940, in exec_module
  File "<frozen importlib._bootstrap>", line 241, in _call_with_frames_removed
  File "/opt/airflow/dags/venv/Lib/site-packages/airflow/example_dags/example_passing_params_via_test_command.py", line 28, in <module>
    from airflow.providers.standard.operators.bash import BashOperator
ModuleNotFoundError: No module named 'airflow.providers.standard'
[2025-12-12T20:21:14.689+0000] {processor.py:842} WARNING - No viable dags retrieved from /opt/airflow/dags/venv/Lib/site-packages/airflow/example_dags/example_passing_params_via_test_command.py
[2025-12-12T20:21:14.732+0000] {processor.py:183} INFO - Processing /opt/airflow/dags/venv/Lib/site-packages/airflow/example_dags/example_passing_params_via_test_command.py took 0.101 seconds
[2025-12-12T20:21:48.431+0000] {processor.py:161} INFO - Started process (PID=17102) to work on /opt/airflow/dags/venv/Lib/site-packages/airflow/example_dags/example_passing_params_via_test_command.py
[2025-12-12T20:21:48.434+0000] {processor.py:830} INFO - Processing file /opt/airflow/dags/venv/Lib/site-packages/airflow/example_dags/example_passing_params_via_test_command.py for tasks to queue
[2025-12-12T20:21:48.436+0000] {logging_mixin.py:188} INFO - [2025-12-12T20:21:48.435+0000] {dagbag.py:545} INFO - Filling up the DagBag from /opt/airflow/dags/venv/Lib/site-packages/airflow/example_dags/example_passing_params_via_test_command.py
[2025-12-12T20:21:48.442+0000] {logging_mixin.py:188} INFO - [2025-12-12T20:21:48.440+0000] {dagbag.py:355} ERROR - Failed to import: /opt/airflow/dags/venv/Lib/site-packages/airflow/example_dags/example_passing_params_via_test_command.py
Traceback (most recent call last):
  File "/home/airflow/.local/lib/python3.11/site-packages/airflow/models/dagbag.py", line 351, in parse
    loader.exec_module(new_module)
  File "<frozen importlib._bootstrap_external>", line 940, in exec_module
  File "<frozen importlib._bootstrap>", line 241, in _call_with_frames_removed
  File "/opt/airflow/dags/venv/Lib/site-packages/airflow/example_dags/example_passing_params_via_test_command.py", line 28, in <module>
    from airflow.providers.standard.operators.bash import BashOperator
ModuleNotFoundError: No module named 'airflow.providers.standard'
[2025-12-12T20:21:48.443+0000] {processor.py:842} WARNING - No viable dags retrieved from /opt/airflow/dags/venv/Lib/site-packages/airflow/example_dags/example_passing_params_via_test_command.py
[2025-12-12T20:21:48.488+0000] {processor.py:183} INFO - Processing /opt/airflow/dags/venv/Lib/site-packages/airflow/example_dags/example_passing_params_via_test_command.py took 0.070 seconds
[2025-12-12T20:22:08.203+0000] {processor.py:161} INFO - Started process (PID=17294) to work on /opt/airflow/dags/venv/Lib/site-packages/airflow/example_dags/example_passing_params_via_test_command.py
[2025-12-12T20:22:08.206+0000] {processor.py:830} INFO - Processing file /opt/airflow/dags/venv/Lib/site-packages/airflow/example_dags/example_passing_params_via_test_command.py for tasks to queue
[2025-12-12T20:22:08.211+0000] {logging_mixin.py:188} INFO - [2025-12-12T20:22:08.210+0000] {dagbag.py:545} INFO - Filling up the DagBag from /opt/airflow/dags/venv/Lib/site-packages/airflow/example_dags/example_passing_params_via_test_command.py
[2025-12-12T20:22:08.218+0000] {logging_mixin.py:188} INFO - [2025-12-12T20:22:08.216+0000] {dagbag.py:355} ERROR - Failed to import: /opt/airflow/dags/venv/Lib/site-packages/airflow/example_dags/example_passing_params_via_test_command.py
Traceback (most recent call last):
  File "/home/airflow/.local/lib/python3.11/site-packages/airflow/models/dagbag.py", line 351, in parse
    loader.exec_module(new_module)
  File "<frozen importlib._bootstrap_external>", line 940, in exec_module
  File "<frozen importlib._bootstrap>", line 241, in _call_with_frames_removed
  File "/opt/airflow/dags/venv/Lib/site-packages/airflow/example_dags/example_passing_params_via_test_command.py", line 28, in <module>
    from airflow.providers.standard.operators.bash import BashOperator
ModuleNotFoundError: No module named 'airflow.providers.standard'
[2025-12-12T20:22:08.219+0000] {processor.py:842} WARNING - No viable dags retrieved from /opt/airflow/dags/venv/Lib/site-packages/airflow/example_dags/example_passing_params_via_test_command.py
[2025-12-12T20:22:08.258+0000] {processor.py:183} INFO - Processing /opt/airflow/dags/venv/Lib/site-packages/airflow/example_dags/example_passing_params_via_test_command.py took 0.068 seconds
[2025-12-12T20:22:38.718+0000] {processor.py:161} INFO - Started process (PID=17562) to work on /opt/airflow/dags/venv/Lib/site-packages/airflow/example_dags/example_passing_params_via_test_command.py
[2025-12-12T20:22:38.721+0000] {processor.py:830} INFO - Processing file /opt/airflow/dags/venv/Lib/site-packages/airflow/example_dags/example_passing_params_via_test_command.py for tasks to queue
[2025-12-12T20:22:38.723+0000] {logging_mixin.py:188} INFO - [2025-12-12T20:22:38.722+0000] {dagbag.py:545} INFO - Filling up the DagBag from /opt/airflow/dags/venv/Lib/site-packages/airflow/example_dags/example_passing_params_via_test_command.py
[2025-12-12T20:22:38.729+0000] {logging_mixin.py:188} INFO - [2025-12-12T20:22:38.728+0000] {dagbag.py:355} ERROR - Failed to import: /opt/airflow/dags/venv/Lib/site-packages/airflow/example_dags/example_passing_params_via_test_command.py
Traceback (most recent call last):
  File "/home/airflow/.local/lib/python3.11/site-packages/airflow/models/dagbag.py", line 351, in parse
    loader.exec_module(new_module)
  File "<frozen importlib._bootstrap_external>", line 940, in exec_module
  File "<frozen importlib._bootstrap>", line 241, in _call_with_frames_removed
  File "/opt/airflow/dags/venv/Lib/site-packages/airflow/example_dags/example_passing_params_via_test_command.py", line 28, in <module>
    from airflow.providers.standard.operators.bash import BashOperator
ModuleNotFoundError: No module named 'airflow.providers.standard'
[2025-12-12T20:22:38.730+0000] {processor.py:842} WARNING - No viable dags retrieved from /opt/airflow/dags/venv/Lib/site-packages/airflow/example_dags/example_passing_params_via_test_command.py
[2025-12-12T20:22:38.768+0000] {processor.py:183} INFO - Processing /opt/airflow/dags/venv/Lib/site-packages/airflow/example_dags/example_passing_params_via_test_command.py took 0.064 seconds
