[2025-12-12T20:00:34.082+0000] {processor.py:161} INFO - Started process (PID=1322) to work on /opt/airflow/dags/venv/Lib/site-packages/airflow/example_dags/example_kubernetes_executor.py
[2025-12-12T20:00:34.083+0000] {processor.py:830} INFO - Processing file /opt/airflow/dags/venv/Lib/site-packages/airflow/example_dags/example_kubernetes_executor.py for tasks to queue
[2025-12-12T20:00:34.089+0000] {logging_mixin.py:188} INFO - [2025-12-12T20:00:34.088+0000] {dagbag.py:545} INFO - Filling up the DagBag from /opt/airflow/dags/venv/Lib/site-packages/airflow/example_dags/example_kubernetes_executor.py
[2025-12-12T20:00:34.103+0000] {logging_mixin.py:188} INFO - [2025-12-12T20:00:34.099+0000] {dagbag.py:355} ERROR - Failed to import: /opt/airflow/dags/venv/Lib/site-packages/airflow/example_dags/example_kubernetes_executor.py
Traceback (most recent call last):
  File "/home/airflow/.local/lib/python3.11/site-packages/airflow/models/dagbag.py", line 351, in parse
    loader.exec_module(new_module)
  File "<frozen importlib._bootstrap_external>", line 940, in exec_module
  File "<frozen importlib._bootstrap>", line 241, in _call_with_frames_removed
  File "/opt/airflow/dags/venv/Lib/site-packages/airflow/example_dags/example_kubernetes_executor.py", line 31, in <module>
    from airflow.sdk import DAG, task
ModuleNotFoundError: No module named 'airflow.sdk'
[2025-12-12T20:00:34.104+0000] {processor.py:842} WARNING - No viable dags retrieved from /opt/airflow/dags/venv/Lib/site-packages/airflow/example_dags/example_kubernetes_executor.py
[2025-12-12T20:00:34.150+0000] {processor.py:183} INFO - Processing /opt/airflow/dags/venv/Lib/site-packages/airflow/example_dags/example_kubernetes_executor.py took 0.088 seconds
[2025-12-12T20:01:12.149+0000] {processor.py:161} INFO - Started process (PID=1757) to work on /opt/airflow/dags/venv/Lib/site-packages/airflow/example_dags/example_kubernetes_executor.py
[2025-12-12T20:01:12.152+0000] {processor.py:830} INFO - Processing file /opt/airflow/dags/venv/Lib/site-packages/airflow/example_dags/example_kubernetes_executor.py for tasks to queue
[2025-12-12T20:01:12.156+0000] {logging_mixin.py:188} INFO - [2025-12-12T20:01:12.155+0000] {dagbag.py:545} INFO - Filling up the DagBag from /opt/airflow/dags/venv/Lib/site-packages/airflow/example_dags/example_kubernetes_executor.py
[2025-12-12T20:01:12.163+0000] {logging_mixin.py:188} INFO - [2025-12-12T20:01:12.161+0000] {dagbag.py:355} ERROR - Failed to import: /opt/airflow/dags/venv/Lib/site-packages/airflow/example_dags/example_kubernetes_executor.py
Traceback (most recent call last):
  File "/home/airflow/.local/lib/python3.11/site-packages/airflow/models/dagbag.py", line 351, in parse
    loader.exec_module(new_module)
  File "<frozen importlib._bootstrap_external>", line 940, in exec_module
  File "<frozen importlib._bootstrap>", line 241, in _call_with_frames_removed
  File "/opt/airflow/dags/venv/Lib/site-packages/airflow/example_dags/example_kubernetes_executor.py", line 31, in <module>
    from airflow.sdk import DAG, task
ModuleNotFoundError: No module named 'airflow.sdk'
[2025-12-12T20:01:12.164+0000] {processor.py:842} WARNING - No viable dags retrieved from /opt/airflow/dags/venv/Lib/site-packages/airflow/example_dags/example_kubernetes_executor.py
[2025-12-12T20:01:12.267+0000] {processor.py:183} INFO - Processing /opt/airflow/dags/venv/Lib/site-packages/airflow/example_dags/example_kubernetes_executor.py took 0.134 seconds
[2025-12-12T20:01:45.517+0000] {processor.py:161} INFO - Started process (PID=2181) to work on /opt/airflow/dags/venv/Lib/site-packages/airflow/example_dags/example_kubernetes_executor.py
[2025-12-12T20:01:45.520+0000] {processor.py:830} INFO - Processing file /opt/airflow/dags/venv/Lib/site-packages/airflow/example_dags/example_kubernetes_executor.py for tasks to queue
[2025-12-12T20:01:45.523+0000] {logging_mixin.py:188} INFO - [2025-12-12T20:01:45.523+0000] {dagbag.py:545} INFO - Filling up the DagBag from /opt/airflow/dags/venv/Lib/site-packages/airflow/example_dags/example_kubernetes_executor.py
[2025-12-12T20:01:45.530+0000] {logging_mixin.py:188} INFO - [2025-12-12T20:01:45.528+0000] {dagbag.py:355} ERROR - Failed to import: /opt/airflow/dags/venv/Lib/site-packages/airflow/example_dags/example_kubernetes_executor.py
Traceback (most recent call last):
  File "/home/airflow/.local/lib/python3.11/site-packages/airflow/models/dagbag.py", line 351, in parse
    loader.exec_module(new_module)
  File "<frozen importlib._bootstrap_external>", line 940, in exec_module
  File "<frozen importlib._bootstrap>", line 241, in _call_with_frames_removed
  File "/opt/airflow/dags/venv/Lib/site-packages/airflow/example_dags/example_kubernetes_executor.py", line 31, in <module>
    from airflow.sdk import DAG, task
ModuleNotFoundError: No module named 'airflow.sdk'
[2025-12-12T20:01:45.531+0000] {processor.py:842} WARNING - No viable dags retrieved from /opt/airflow/dags/venv/Lib/site-packages/airflow/example_dags/example_kubernetes_executor.py
[2025-12-12T20:01:45.571+0000] {processor.py:183} INFO - Processing /opt/airflow/dags/venv/Lib/site-packages/airflow/example_dags/example_kubernetes_executor.py took 0.068 seconds
[2025-12-12T20:02:17.998+0000] {processor.py:161} INFO - Started process (PID=2591) to work on /opt/airflow/dags/venv/Lib/site-packages/airflow/example_dags/example_kubernetes_executor.py
[2025-12-12T20:02:18.001+0000] {processor.py:830} INFO - Processing file /opt/airflow/dags/venv/Lib/site-packages/airflow/example_dags/example_kubernetes_executor.py for tasks to queue
[2025-12-12T20:02:18.004+0000] {logging_mixin.py:188} INFO - [2025-12-12T20:02:18.004+0000] {dagbag.py:545} INFO - Filling up the DagBag from /opt/airflow/dags/venv/Lib/site-packages/airflow/example_dags/example_kubernetes_executor.py
[2025-12-12T20:02:18.011+0000] {logging_mixin.py:188} INFO - [2025-12-12T20:02:18.009+0000] {dagbag.py:355} ERROR - Failed to import: /opt/airflow/dags/venv/Lib/site-packages/airflow/example_dags/example_kubernetes_executor.py
Traceback (most recent call last):
  File "/home/airflow/.local/lib/python3.11/site-packages/airflow/models/dagbag.py", line 351, in parse
    loader.exec_module(new_module)
  File "<frozen importlib._bootstrap_external>", line 940, in exec_module
  File "<frozen importlib._bootstrap>", line 241, in _call_with_frames_removed
  File "/opt/airflow/dags/venv/Lib/site-packages/airflow/example_dags/example_kubernetes_executor.py", line 31, in <module>
    from airflow.sdk import DAG, task
ModuleNotFoundError: No module named 'airflow.sdk'
[2025-12-12T20:02:18.012+0000] {processor.py:842} WARNING - No viable dags retrieved from /opt/airflow/dags/venv/Lib/site-packages/airflow/example_dags/example_kubernetes_executor.py
[2025-12-12T20:02:18.053+0000] {processor.py:183} INFO - Processing /opt/airflow/dags/venv/Lib/site-packages/airflow/example_dags/example_kubernetes_executor.py took 0.068 seconds
[2025-12-12T20:02:50.668+0000] {processor.py:161} INFO - Started process (PID=3021) to work on /opt/airflow/dags/venv/Lib/site-packages/airflow/example_dags/example_kubernetes_executor.py
[2025-12-12T20:02:50.670+0000] {processor.py:830} INFO - Processing file /opt/airflow/dags/venv/Lib/site-packages/airflow/example_dags/example_kubernetes_executor.py for tasks to queue
[2025-12-12T20:02:50.674+0000] {logging_mixin.py:188} INFO - [2025-12-12T20:02:50.673+0000] {dagbag.py:545} INFO - Filling up the DagBag from /opt/airflow/dags/venv/Lib/site-packages/airflow/example_dags/example_kubernetes_executor.py
[2025-12-12T20:02:50.681+0000] {logging_mixin.py:188} INFO - [2025-12-12T20:02:50.678+0000] {dagbag.py:355} ERROR - Failed to import: /opt/airflow/dags/venv/Lib/site-packages/airflow/example_dags/example_kubernetes_executor.py
Traceback (most recent call last):
  File "/home/airflow/.local/lib/python3.11/site-packages/airflow/models/dagbag.py", line 351, in parse
    loader.exec_module(new_module)
  File "<frozen importlib._bootstrap_external>", line 940, in exec_module
  File "<frozen importlib._bootstrap>", line 241, in _call_with_frames_removed
  File "/opt/airflow/dags/venv/Lib/site-packages/airflow/example_dags/example_kubernetes_executor.py", line 31, in <module>
    from airflow.sdk import DAG, task
ModuleNotFoundError: No module named 'airflow.sdk'
[2025-12-12T20:02:50.681+0000] {processor.py:842} WARNING - No viable dags retrieved from /opt/airflow/dags/venv/Lib/site-packages/airflow/example_dags/example_kubernetes_executor.py
[2025-12-12T20:02:50.720+0000] {processor.py:183} INFO - Processing /opt/airflow/dags/venv/Lib/site-packages/airflow/example_dags/example_kubernetes_executor.py took 0.065 seconds
[2025-12-12T20:03:23.029+0000] {processor.py:161} INFO - Started process (PID=3450) to work on /opt/airflow/dags/venv/Lib/site-packages/airflow/example_dags/example_kubernetes_executor.py
[2025-12-12T20:03:23.032+0000] {processor.py:830} INFO - Processing file /opt/airflow/dags/venv/Lib/site-packages/airflow/example_dags/example_kubernetes_executor.py for tasks to queue
[2025-12-12T20:03:23.035+0000] {logging_mixin.py:188} INFO - [2025-12-12T20:03:23.034+0000] {dagbag.py:545} INFO - Filling up the DagBag from /opt/airflow/dags/venv/Lib/site-packages/airflow/example_dags/example_kubernetes_executor.py
[2025-12-12T20:03:23.042+0000] {logging_mixin.py:188} INFO - [2025-12-12T20:03:23.040+0000] {dagbag.py:355} ERROR - Failed to import: /opt/airflow/dags/venv/Lib/site-packages/airflow/example_dags/example_kubernetes_executor.py
Traceback (most recent call last):
  File "/home/airflow/.local/lib/python3.11/site-packages/airflow/models/dagbag.py", line 351, in parse
    loader.exec_module(new_module)
  File "<frozen importlib._bootstrap_external>", line 940, in exec_module
  File "<frozen importlib._bootstrap>", line 241, in _call_with_frames_removed
  File "/opt/airflow/dags/venv/Lib/site-packages/airflow/example_dags/example_kubernetes_executor.py", line 31, in <module>
    from airflow.sdk import DAG, task
ModuleNotFoundError: No module named 'airflow.sdk'
[2025-12-12T20:03:23.043+0000] {processor.py:842} WARNING - No viable dags retrieved from /opt/airflow/dags/venv/Lib/site-packages/airflow/example_dags/example_kubernetes_executor.py
[2025-12-12T20:03:23.087+0000] {processor.py:183} INFO - Processing /opt/airflow/dags/venv/Lib/site-packages/airflow/example_dags/example_kubernetes_executor.py took 0.071 seconds
[2025-12-12T20:03:59.653+0000] {processor.py:161} INFO - Started process (PID=3877) to work on /opt/airflow/dags/venv/Lib/site-packages/airflow/example_dags/example_kubernetes_executor.py
[2025-12-12T20:03:59.656+0000] {processor.py:830} INFO - Processing file /opt/airflow/dags/venv/Lib/site-packages/airflow/example_dags/example_kubernetes_executor.py for tasks to queue
[2025-12-12T20:03:59.659+0000] {logging_mixin.py:188} INFO - [2025-12-12T20:03:59.658+0000] {dagbag.py:545} INFO - Filling up the DagBag from /opt/airflow/dags/venv/Lib/site-packages/airflow/example_dags/example_kubernetes_executor.py
[2025-12-12T20:03:59.666+0000] {logging_mixin.py:188} INFO - [2025-12-12T20:03:59.664+0000] {dagbag.py:355} ERROR - Failed to import: /opt/airflow/dags/venv/Lib/site-packages/airflow/example_dags/example_kubernetes_executor.py
Traceback (most recent call last):
  File "/home/airflow/.local/lib/python3.11/site-packages/airflow/models/dagbag.py", line 351, in parse
    loader.exec_module(new_module)
  File "<frozen importlib._bootstrap_external>", line 940, in exec_module
  File "<frozen importlib._bootstrap>", line 241, in _call_with_frames_removed
  File "/opt/airflow/dags/venv/Lib/site-packages/airflow/example_dags/example_kubernetes_executor.py", line 31, in <module>
    from airflow.sdk import DAG, task
ModuleNotFoundError: No module named 'airflow.sdk'
[2025-12-12T20:03:59.666+0000] {processor.py:842} WARNING - No viable dags retrieved from /opt/airflow/dags/venv/Lib/site-packages/airflow/example_dags/example_kubernetes_executor.py
[2025-12-12T20:03:59.705+0000] {processor.py:183} INFO - Processing /opt/airflow/dags/venv/Lib/site-packages/airflow/example_dags/example_kubernetes_executor.py took 0.065 seconds
[2025-12-12T20:04:34.837+0000] {processor.py:161} INFO - Started process (PID=4301) to work on /opt/airflow/dags/venv/Lib/site-packages/airflow/example_dags/example_kubernetes_executor.py
[2025-12-12T20:04:34.840+0000] {processor.py:830} INFO - Processing file /opt/airflow/dags/venv/Lib/site-packages/airflow/example_dags/example_kubernetes_executor.py for tasks to queue
[2025-12-12T20:04:34.844+0000] {logging_mixin.py:188} INFO - [2025-12-12T20:04:34.844+0000] {dagbag.py:545} INFO - Filling up the DagBag from /opt/airflow/dags/venv/Lib/site-packages/airflow/example_dags/example_kubernetes_executor.py
[2025-12-12T20:04:34.851+0000] {logging_mixin.py:188} INFO - [2025-12-12T20:04:34.849+0000] {dagbag.py:355} ERROR - Failed to import: /opt/airflow/dags/venv/Lib/site-packages/airflow/example_dags/example_kubernetes_executor.py
Traceback (most recent call last):
  File "/home/airflow/.local/lib/python3.11/site-packages/airflow/models/dagbag.py", line 351, in parse
    loader.exec_module(new_module)
  File "<frozen importlib._bootstrap_external>", line 940, in exec_module
  File "<frozen importlib._bootstrap>", line 241, in _call_with_frames_removed
  File "/opt/airflow/dags/venv/Lib/site-packages/airflow/example_dags/example_kubernetes_executor.py", line 31, in <module>
    from airflow.sdk import DAG, task
ModuleNotFoundError: No module named 'airflow.sdk'
[2025-12-12T20:04:34.852+0000] {processor.py:842} WARNING - No viable dags retrieved from /opt/airflow/dags/venv/Lib/site-packages/airflow/example_dags/example_kubernetes_executor.py
[2025-12-12T20:04:34.895+0000] {processor.py:183} INFO - Processing /opt/airflow/dags/venv/Lib/site-packages/airflow/example_dags/example_kubernetes_executor.py took 0.073 seconds
[2025-12-12T20:05:09.968+0000] {processor.py:161} INFO - Started process (PID=4740) to work on /opt/airflow/dags/venv/Lib/site-packages/airflow/example_dags/example_kubernetes_executor.py
[2025-12-12T20:05:09.971+0000] {processor.py:830} INFO - Processing file /opt/airflow/dags/venv/Lib/site-packages/airflow/example_dags/example_kubernetes_executor.py for tasks to queue
[2025-12-12T20:05:09.974+0000] {logging_mixin.py:188} INFO - [2025-12-12T20:05:09.974+0000] {dagbag.py:545} INFO - Filling up the DagBag from /opt/airflow/dags/venv/Lib/site-packages/airflow/example_dags/example_kubernetes_executor.py
[2025-12-12T20:05:09.981+0000] {logging_mixin.py:188} INFO - [2025-12-12T20:05:09.979+0000] {dagbag.py:355} ERROR - Failed to import: /opt/airflow/dags/venv/Lib/site-packages/airflow/example_dags/example_kubernetes_executor.py
Traceback (most recent call last):
  File "/home/airflow/.local/lib/python3.11/site-packages/airflow/models/dagbag.py", line 351, in parse
    loader.exec_module(new_module)
  File "<frozen importlib._bootstrap_external>", line 940, in exec_module
  File "<frozen importlib._bootstrap>", line 241, in _call_with_frames_removed
  File "/opt/airflow/dags/venv/Lib/site-packages/airflow/example_dags/example_kubernetes_executor.py", line 31, in <module>
    from airflow.sdk import DAG, task
ModuleNotFoundError: No module named 'airflow.sdk'
[2025-12-12T20:05:09.982+0000] {processor.py:842} WARNING - No viable dags retrieved from /opt/airflow/dags/venv/Lib/site-packages/airflow/example_dags/example_kubernetes_executor.py
[2025-12-12T20:05:10.023+0000] {processor.py:183} INFO - Processing /opt/airflow/dags/venv/Lib/site-packages/airflow/example_dags/example_kubernetes_executor.py took 0.069 seconds
[2025-12-12T20:05:43.569+0000] {processor.py:161} INFO - Started process (PID=5145) to work on /opt/airflow/dags/venv/Lib/site-packages/airflow/example_dags/example_kubernetes_executor.py
[2025-12-12T20:05:43.573+0000] {processor.py:830} INFO - Processing file /opt/airflow/dags/venv/Lib/site-packages/airflow/example_dags/example_kubernetes_executor.py for tasks to queue
[2025-12-12T20:05:43.574+0000] {logging_mixin.py:188} INFO - [2025-12-12T20:05:43.574+0000] {dagbag.py:545} INFO - Filling up the DagBag from /opt/airflow/dags/venv/Lib/site-packages/airflow/example_dags/example_kubernetes_executor.py
[2025-12-12T20:05:43.581+0000] {logging_mixin.py:188} INFO - [2025-12-12T20:05:43.579+0000] {dagbag.py:355} ERROR - Failed to import: /opt/airflow/dags/venv/Lib/site-packages/airflow/example_dags/example_kubernetes_executor.py
Traceback (most recent call last):
  File "/home/airflow/.local/lib/python3.11/site-packages/airflow/models/dagbag.py", line 351, in parse
    loader.exec_module(new_module)
  File "<frozen importlib._bootstrap_external>", line 940, in exec_module
  File "<frozen importlib._bootstrap>", line 241, in _call_with_frames_removed
  File "/opt/airflow/dags/venv/Lib/site-packages/airflow/example_dags/example_kubernetes_executor.py", line 31, in <module>
    from airflow.sdk import DAG, task
ModuleNotFoundError: No module named 'airflow.sdk'
[2025-12-12T20:05:43.582+0000] {processor.py:842} WARNING - No viable dags retrieved from /opt/airflow/dags/venv/Lib/site-packages/airflow/example_dags/example_kubernetes_executor.py
[2025-12-12T20:05:43.623+0000] {processor.py:183} INFO - Processing /opt/airflow/dags/venv/Lib/site-packages/airflow/example_dags/example_kubernetes_executor.py took 0.070 seconds
[2025-12-12T20:06:16.538+0000] {processor.py:161} INFO - Started process (PID=5572) to work on /opt/airflow/dags/venv/Lib/site-packages/airflow/example_dags/example_kubernetes_executor.py
[2025-12-12T20:06:16.540+0000] {processor.py:830} INFO - Processing file /opt/airflow/dags/venv/Lib/site-packages/airflow/example_dags/example_kubernetes_executor.py for tasks to queue
[2025-12-12T20:06:16.541+0000] {logging_mixin.py:188} INFO - [2025-12-12T20:06:16.541+0000] {dagbag.py:545} INFO - Filling up the DagBag from /opt/airflow/dags/venv/Lib/site-packages/airflow/example_dags/example_kubernetes_executor.py
[2025-12-12T20:06:16.548+0000] {logging_mixin.py:188} INFO - [2025-12-12T20:06:16.546+0000] {dagbag.py:355} ERROR - Failed to import: /opt/airflow/dags/venv/Lib/site-packages/airflow/example_dags/example_kubernetes_executor.py
Traceback (most recent call last):
  File "/home/airflow/.local/lib/python3.11/site-packages/airflow/models/dagbag.py", line 351, in parse
    loader.exec_module(new_module)
  File "<frozen importlib._bootstrap_external>", line 940, in exec_module
  File "<frozen importlib._bootstrap>", line 241, in _call_with_frames_removed
  File "/opt/airflow/dags/venv/Lib/site-packages/airflow/example_dags/example_kubernetes_executor.py", line 31, in <module>
    from airflow.sdk import DAG, task
ModuleNotFoundError: No module named 'airflow.sdk'
[2025-12-12T20:06:16.549+0000] {processor.py:842} WARNING - No viable dags retrieved from /opt/airflow/dags/venv/Lib/site-packages/airflow/example_dags/example_kubernetes_executor.py
[2025-12-12T20:06:16.593+0000] {processor.py:183} INFO - Processing /opt/airflow/dags/venv/Lib/site-packages/airflow/example_dags/example_kubernetes_executor.py took 0.068 seconds
[2025-12-12T20:06:52.557+0000] {processor.py:161} INFO - Started process (PID=6003) to work on /opt/airflow/dags/venv/Lib/site-packages/airflow/example_dags/example_kubernetes_executor.py
[2025-12-12T20:06:52.561+0000] {processor.py:830} INFO - Processing file /opt/airflow/dags/venv/Lib/site-packages/airflow/example_dags/example_kubernetes_executor.py for tasks to queue
[2025-12-12T20:06:52.562+0000] {logging_mixin.py:188} INFO - [2025-12-12T20:06:52.562+0000] {dagbag.py:545} INFO - Filling up the DagBag from /opt/airflow/dags/venv/Lib/site-packages/airflow/example_dags/example_kubernetes_executor.py
[2025-12-12T20:06:52.570+0000] {logging_mixin.py:188} INFO - [2025-12-12T20:06:52.567+0000] {dagbag.py:355} ERROR - Failed to import: /opt/airflow/dags/venv/Lib/site-packages/airflow/example_dags/example_kubernetes_executor.py
Traceback (most recent call last):
  File "/home/airflow/.local/lib/python3.11/site-packages/airflow/models/dagbag.py", line 351, in parse
    loader.exec_module(new_module)
  File "<frozen importlib._bootstrap_external>", line 940, in exec_module
  File "<frozen importlib._bootstrap>", line 241, in _call_with_frames_removed
  File "/opt/airflow/dags/venv/Lib/site-packages/airflow/example_dags/example_kubernetes_executor.py", line 31, in <module>
    from airflow.sdk import DAG, task
ModuleNotFoundError: No module named 'airflow.sdk'
[2025-12-12T20:06:52.571+0000] {processor.py:842} WARNING - No viable dags retrieved from /opt/airflow/dags/venv/Lib/site-packages/airflow/example_dags/example_kubernetes_executor.py
[2025-12-12T20:06:52.618+0000] {processor.py:183} INFO - Processing /opt/airflow/dags/venv/Lib/site-packages/airflow/example_dags/example_kubernetes_executor.py took 0.078 seconds
[2025-12-12T20:07:27.332+0000] {processor.py:161} INFO - Started process (PID=6430) to work on /opt/airflow/dags/venv/Lib/site-packages/airflow/example_dags/example_kubernetes_executor.py
[2025-12-12T20:07:27.336+0000] {processor.py:830} INFO - Processing file /opt/airflow/dags/venv/Lib/site-packages/airflow/example_dags/example_kubernetes_executor.py for tasks to queue
[2025-12-12T20:07:27.339+0000] {logging_mixin.py:188} INFO - [2025-12-12T20:07:27.338+0000] {dagbag.py:545} INFO - Filling up the DagBag from /opt/airflow/dags/venv/Lib/site-packages/airflow/example_dags/example_kubernetes_executor.py
[2025-12-12T20:07:27.347+0000] {logging_mixin.py:188} INFO - [2025-12-12T20:07:27.344+0000] {dagbag.py:355} ERROR - Failed to import: /opt/airflow/dags/venv/Lib/site-packages/airflow/example_dags/example_kubernetes_executor.py
Traceback (most recent call last):
  File "/home/airflow/.local/lib/python3.11/site-packages/airflow/models/dagbag.py", line 351, in parse
    loader.exec_module(new_module)
  File "<frozen importlib._bootstrap_external>", line 940, in exec_module
  File "<frozen importlib._bootstrap>", line 241, in _call_with_frames_removed
  File "/opt/airflow/dags/venv/Lib/site-packages/airflow/example_dags/example_kubernetes_executor.py", line 31, in <module>
    from airflow.sdk import DAG, task
ModuleNotFoundError: No module named 'airflow.sdk'
[2025-12-12T20:07:27.348+0000] {processor.py:842} WARNING - No viable dags retrieved from /opt/airflow/dags/venv/Lib/site-packages/airflow/example_dags/example_kubernetes_executor.py
[2025-12-12T20:07:27.395+0000] {processor.py:183} INFO - Processing /opt/airflow/dags/venv/Lib/site-packages/airflow/example_dags/example_kubernetes_executor.py took 0.078 seconds
[2025-12-12T20:08:01.063+0000] {processor.py:161} INFO - Started process (PID=6857) to work on /opt/airflow/dags/venv/Lib/site-packages/airflow/example_dags/example_kubernetes_executor.py
[2025-12-12T20:08:01.065+0000] {processor.py:830} INFO - Processing file /opt/airflow/dags/venv/Lib/site-packages/airflow/example_dags/example_kubernetes_executor.py for tasks to queue
[2025-12-12T20:08:01.067+0000] {logging_mixin.py:188} INFO - [2025-12-12T20:08:01.066+0000] {dagbag.py:545} INFO - Filling up the DagBag from /opt/airflow/dags/venv/Lib/site-packages/airflow/example_dags/example_kubernetes_executor.py
[2025-12-12T20:08:01.074+0000] {logging_mixin.py:188} INFO - [2025-12-12T20:08:01.071+0000] {dagbag.py:355} ERROR - Failed to import: /opt/airflow/dags/venv/Lib/site-packages/airflow/example_dags/example_kubernetes_executor.py
Traceback (most recent call last):
  File "/home/airflow/.local/lib/python3.11/site-packages/airflow/models/dagbag.py", line 351, in parse
    loader.exec_module(new_module)
  File "<frozen importlib._bootstrap_external>", line 940, in exec_module
  File "<frozen importlib._bootstrap>", line 241, in _call_with_frames_removed
  File "/opt/airflow/dags/venv/Lib/site-packages/airflow/example_dags/example_kubernetes_executor.py", line 31, in <module>
    from airflow.sdk import DAG, task
ModuleNotFoundError: No module named 'airflow.sdk'
[2025-12-12T20:08:01.075+0000] {processor.py:842} WARNING - No viable dags retrieved from /opt/airflow/dags/venv/Lib/site-packages/airflow/example_dags/example_kubernetes_executor.py
[2025-12-12T20:08:01.116+0000] {processor.py:183} INFO - Processing /opt/airflow/dags/venv/Lib/site-packages/airflow/example_dags/example_kubernetes_executor.py took 0.068 seconds
[2025-12-12T20:08:37.294+0000] {processor.py:161} INFO - Started process (PID=7302) to work on /opt/airflow/dags/venv/Lib/site-packages/airflow/example_dags/example_kubernetes_executor.py
[2025-12-12T20:08:37.296+0000] {processor.py:830} INFO - Processing file /opt/airflow/dags/venv/Lib/site-packages/airflow/example_dags/example_kubernetes_executor.py for tasks to queue
[2025-12-12T20:08:37.298+0000] {logging_mixin.py:188} INFO - [2025-12-12T20:08:37.297+0000] {dagbag.py:545} INFO - Filling up the DagBag from /opt/airflow/dags/venv/Lib/site-packages/airflow/example_dags/example_kubernetes_executor.py
[2025-12-12T20:08:37.306+0000] {logging_mixin.py:188} INFO - [2025-12-12T20:08:37.303+0000] {dagbag.py:355} ERROR - Failed to import: /opt/airflow/dags/venv/Lib/site-packages/airflow/example_dags/example_kubernetes_executor.py
Traceback (most recent call last):
  File "/home/airflow/.local/lib/python3.11/site-packages/airflow/models/dagbag.py", line 351, in parse
    loader.exec_module(new_module)
  File "<frozen importlib._bootstrap_external>", line 940, in exec_module
  File "<frozen importlib._bootstrap>", line 241, in _call_with_frames_removed
  File "/opt/airflow/dags/venv/Lib/site-packages/airflow/example_dags/example_kubernetes_executor.py", line 31, in <module>
    from airflow.sdk import DAG, task
ModuleNotFoundError: No module named 'airflow.sdk'
[2025-12-12T20:08:37.307+0000] {processor.py:842} WARNING - No viable dags retrieved from /opt/airflow/dags/venv/Lib/site-packages/airflow/example_dags/example_kubernetes_executor.py
[2025-12-12T20:08:37.353+0000] {processor.py:183} INFO - Processing /opt/airflow/dags/venv/Lib/site-packages/airflow/example_dags/example_kubernetes_executor.py took 0.076 seconds
[2025-12-12T20:09:10.416+0000] {processor.py:161} INFO - Started process (PID=7729) to work on /opt/airflow/dags/venv/Lib/site-packages/airflow/example_dags/example_kubernetes_executor.py
[2025-12-12T20:09:10.419+0000] {processor.py:830} INFO - Processing file /opt/airflow/dags/venv/Lib/site-packages/airflow/example_dags/example_kubernetes_executor.py for tasks to queue
[2025-12-12T20:09:10.421+0000] {logging_mixin.py:188} INFO - [2025-12-12T20:09:10.420+0000] {dagbag.py:545} INFO - Filling up the DagBag from /opt/airflow/dags/venv/Lib/site-packages/airflow/example_dags/example_kubernetes_executor.py
[2025-12-12T20:09:10.428+0000] {logging_mixin.py:188} INFO - [2025-12-12T20:09:10.426+0000] {dagbag.py:355} ERROR - Failed to import: /opt/airflow/dags/venv/Lib/site-packages/airflow/example_dags/example_kubernetes_executor.py
Traceback (most recent call last):
  File "/home/airflow/.local/lib/python3.11/site-packages/airflow/models/dagbag.py", line 351, in parse
    loader.exec_module(new_module)
  File "<frozen importlib._bootstrap_external>", line 940, in exec_module
  File "<frozen importlib._bootstrap>", line 241, in _call_with_frames_removed
  File "/opt/airflow/dags/venv/Lib/site-packages/airflow/example_dags/example_kubernetes_executor.py", line 31, in <module>
    from airflow.sdk import DAG, task
ModuleNotFoundError: No module named 'airflow.sdk'
[2025-12-12T20:09:10.430+0000] {processor.py:842} WARNING - No viable dags retrieved from /opt/airflow/dags/venv/Lib/site-packages/airflow/example_dags/example_kubernetes_executor.py
[2025-12-12T20:09:10.477+0000] {processor.py:183} INFO - Processing /opt/airflow/dags/venv/Lib/site-packages/airflow/example_dags/example_kubernetes_executor.py took 0.077 seconds
[2025-12-12T20:09:43.043+0000] {processor.py:161} INFO - Started process (PID=8140) to work on /opt/airflow/dags/venv/Lib/site-packages/airflow/example_dags/example_kubernetes_executor.py
[2025-12-12T20:09:43.047+0000] {processor.py:830} INFO - Processing file /opt/airflow/dags/venv/Lib/site-packages/airflow/example_dags/example_kubernetes_executor.py for tasks to queue
[2025-12-12T20:09:43.049+0000] {logging_mixin.py:188} INFO - [2025-12-12T20:09:43.048+0000] {dagbag.py:545} INFO - Filling up the DagBag from /opt/airflow/dags/venv/Lib/site-packages/airflow/example_dags/example_kubernetes_executor.py
[2025-12-12T20:09:43.056+0000] {logging_mixin.py:188} INFO - [2025-12-12T20:09:43.054+0000] {dagbag.py:355} ERROR - Failed to import: /opt/airflow/dags/venv/Lib/site-packages/airflow/example_dags/example_kubernetes_executor.py
Traceback (most recent call last):
  File "/home/airflow/.local/lib/python3.11/site-packages/airflow/models/dagbag.py", line 351, in parse
    loader.exec_module(new_module)
  File "<frozen importlib._bootstrap_external>", line 940, in exec_module
  File "<frozen importlib._bootstrap>", line 241, in _call_with_frames_removed
  File "/opt/airflow/dags/venv/Lib/site-packages/airflow/example_dags/example_kubernetes_executor.py", line 31, in <module>
    from airflow.sdk import DAG, task
ModuleNotFoundError: No module named 'airflow.sdk'
[2025-12-12T20:09:43.057+0000] {processor.py:842} WARNING - No viable dags retrieved from /opt/airflow/dags/venv/Lib/site-packages/airflow/example_dags/example_kubernetes_executor.py
[2025-12-12T20:09:43.099+0000] {processor.py:183} INFO - Processing /opt/airflow/dags/venv/Lib/site-packages/airflow/example_dags/example_kubernetes_executor.py took 0.069 seconds
[2025-12-12T20:10:17.937+0000] {processor.py:161} INFO - Started process (PID=8530) to work on /opt/airflow/dags/venv/Lib/site-packages/airflow/example_dags/example_kubernetes_executor.py
[2025-12-12T20:10:17.940+0000] {processor.py:830} INFO - Processing file /opt/airflow/dags/venv/Lib/site-packages/airflow/example_dags/example_kubernetes_executor.py for tasks to queue
[2025-12-12T20:10:17.942+0000] {logging_mixin.py:188} INFO - [2025-12-12T20:10:17.942+0000] {dagbag.py:545} INFO - Filling up the DagBag from /opt/airflow/dags/venv/Lib/site-packages/airflow/example_dags/example_kubernetes_executor.py
[2025-12-12T20:10:17.949+0000] {logging_mixin.py:188} INFO - [2025-12-12T20:10:17.947+0000] {dagbag.py:355} ERROR - Failed to import: /opt/airflow/dags/venv/Lib/site-packages/airflow/example_dags/example_kubernetes_executor.py
Traceback (most recent call last):
  File "/home/airflow/.local/lib/python3.11/site-packages/airflow/models/dagbag.py", line 351, in parse
    loader.exec_module(new_module)
  File "<frozen importlib._bootstrap_external>", line 940, in exec_module
  File "<frozen importlib._bootstrap>", line 241, in _call_with_frames_removed
  File "/opt/airflow/dags/venv/Lib/site-packages/airflow/example_dags/example_kubernetes_executor.py", line 31, in <module>
    from airflow.sdk import DAG, task
ModuleNotFoundError: No module named 'airflow.sdk'
[2025-12-12T20:10:17.950+0000] {processor.py:842} WARNING - No viable dags retrieved from /opt/airflow/dags/venv/Lib/site-packages/airflow/example_dags/example_kubernetes_executor.py
[2025-12-12T20:10:17.995+0000] {processor.py:183} INFO - Processing /opt/airflow/dags/venv/Lib/site-packages/airflow/example_dags/example_kubernetes_executor.py took 0.071 seconds
[2025-12-12T20:10:54.331+0000] {processor.py:161} INFO - Started process (PID=8925) to work on /opt/airflow/dags/venv/Lib/site-packages/airflow/example_dags/example_kubernetes_executor.py
[2025-12-12T20:10:54.334+0000] {processor.py:830} INFO - Processing file /opt/airflow/dags/venv/Lib/site-packages/airflow/example_dags/example_kubernetes_executor.py for tasks to queue
[2025-12-12T20:10:54.336+0000] {logging_mixin.py:188} INFO - [2025-12-12T20:10:54.335+0000] {dagbag.py:545} INFO - Filling up the DagBag from /opt/airflow/dags/venv/Lib/site-packages/airflow/example_dags/example_kubernetes_executor.py
[2025-12-12T20:10:54.343+0000] {logging_mixin.py:188} INFO - [2025-12-12T20:10:54.341+0000] {dagbag.py:355} ERROR - Failed to import: /opt/airflow/dags/venv/Lib/site-packages/airflow/example_dags/example_kubernetes_executor.py
Traceback (most recent call last):
  File "/home/airflow/.local/lib/python3.11/site-packages/airflow/models/dagbag.py", line 351, in parse
    loader.exec_module(new_module)
  File "<frozen importlib._bootstrap_external>", line 940, in exec_module
  File "<frozen importlib._bootstrap>", line 241, in _call_with_frames_removed
  File "/opt/airflow/dags/venv/Lib/site-packages/airflow/example_dags/example_kubernetes_executor.py", line 31, in <module>
    from airflow.sdk import DAG, task
ModuleNotFoundError: No module named 'airflow.sdk'
[2025-12-12T20:10:54.344+0000] {processor.py:842} WARNING - No viable dags retrieved from /opt/airflow/dags/venv/Lib/site-packages/airflow/example_dags/example_kubernetes_executor.py
[2025-12-12T20:10:54.387+0000] {processor.py:183} INFO - Processing /opt/airflow/dags/venv/Lib/site-packages/airflow/example_dags/example_kubernetes_executor.py took 0.071 seconds
[2025-12-12T20:11:29.725+0000] {processor.py:161} INFO - Started process (PID=9351) to work on /opt/airflow/dags/venv/Lib/site-packages/airflow/example_dags/example_kubernetes_executor.py
[2025-12-12T20:11:29.728+0000] {processor.py:830} INFO - Processing file /opt/airflow/dags/venv/Lib/site-packages/airflow/example_dags/example_kubernetes_executor.py for tasks to queue
[2025-12-12T20:11:29.729+0000] {logging_mixin.py:188} INFO - [2025-12-12T20:11:29.729+0000] {dagbag.py:545} INFO - Filling up the DagBag from /opt/airflow/dags/venv/Lib/site-packages/airflow/example_dags/example_kubernetes_executor.py
[2025-12-12T20:11:29.738+0000] {logging_mixin.py:188} INFO - [2025-12-12T20:11:29.735+0000] {dagbag.py:355} ERROR - Failed to import: /opt/airflow/dags/venv/Lib/site-packages/airflow/example_dags/example_kubernetes_executor.py
Traceback (most recent call last):
  File "/home/airflow/.local/lib/python3.11/site-packages/airflow/models/dagbag.py", line 351, in parse
    loader.exec_module(new_module)
  File "<frozen importlib._bootstrap_external>", line 940, in exec_module
  File "<frozen importlib._bootstrap>", line 241, in _call_with_frames_removed
  File "/opt/airflow/dags/venv/Lib/site-packages/airflow/example_dags/example_kubernetes_executor.py", line 31, in <module>
    from airflow.sdk import DAG, task
ModuleNotFoundError: No module named 'airflow.sdk'
[2025-12-12T20:11:29.739+0000] {processor.py:842} WARNING - No viable dags retrieved from /opt/airflow/dags/venv/Lib/site-packages/airflow/example_dags/example_kubernetes_executor.py
[2025-12-12T20:11:29.792+0000] {processor.py:183} INFO - Processing /opt/airflow/dags/venv/Lib/site-packages/airflow/example_dags/example_kubernetes_executor.py took 0.082 seconds
[2025-12-12T20:12:01.837+0000] {processor.py:161} INFO - Started process (PID=9761) to work on /opt/airflow/dags/venv/Lib/site-packages/airflow/example_dags/example_kubernetes_executor.py
[2025-12-12T20:12:01.839+0000] {processor.py:830} INFO - Processing file /opt/airflow/dags/venv/Lib/site-packages/airflow/example_dags/example_kubernetes_executor.py for tasks to queue
[2025-12-12T20:12:01.841+0000] {logging_mixin.py:188} INFO - [2025-12-12T20:12:01.840+0000] {dagbag.py:545} INFO - Filling up the DagBag from /opt/airflow/dags/venv/Lib/site-packages/airflow/example_dags/example_kubernetes_executor.py
[2025-12-12T20:12:01.847+0000] {logging_mixin.py:188} INFO - [2025-12-12T20:12:01.845+0000] {dagbag.py:355} ERROR - Failed to import: /opt/airflow/dags/venv/Lib/site-packages/airflow/example_dags/example_kubernetes_executor.py
Traceback (most recent call last):
  File "/home/airflow/.local/lib/python3.11/site-packages/airflow/models/dagbag.py", line 351, in parse
    loader.exec_module(new_module)
  File "<frozen importlib._bootstrap_external>", line 940, in exec_module
  File "<frozen importlib._bootstrap>", line 241, in _call_with_frames_removed
  File "/opt/airflow/dags/venv/Lib/site-packages/airflow/example_dags/example_kubernetes_executor.py", line 31, in <module>
    from airflow.sdk import DAG, task
ModuleNotFoundError: No module named 'airflow.sdk'
[2025-12-12T20:12:01.848+0000] {processor.py:842} WARNING - No viable dags retrieved from /opt/airflow/dags/venv/Lib/site-packages/airflow/example_dags/example_kubernetes_executor.py
[2025-12-12T20:12:01.891+0000] {processor.py:183} INFO - Processing /opt/airflow/dags/venv/Lib/site-packages/airflow/example_dags/example_kubernetes_executor.py took 0.068 seconds
[2025-12-12T20:12:34.674+0000] {processor.py:161} INFO - Started process (PID=10164) to work on /opt/airflow/dags/venv/Lib/site-packages/airflow/example_dags/example_kubernetes_executor.py
[2025-12-12T20:12:34.677+0000] {processor.py:830} INFO - Processing file /opt/airflow/dags/venv/Lib/site-packages/airflow/example_dags/example_kubernetes_executor.py for tasks to queue
[2025-12-12T20:12:34.679+0000] {logging_mixin.py:188} INFO - [2025-12-12T20:12:34.679+0000] {dagbag.py:545} INFO - Filling up the DagBag from /opt/airflow/dags/venv/Lib/site-packages/airflow/example_dags/example_kubernetes_executor.py
[2025-12-12T20:12:34.686+0000] {logging_mixin.py:188} INFO - [2025-12-12T20:12:34.684+0000] {dagbag.py:355} ERROR - Failed to import: /opt/airflow/dags/venv/Lib/site-packages/airflow/example_dags/example_kubernetes_executor.py
Traceback (most recent call last):
  File "/home/airflow/.local/lib/python3.11/site-packages/airflow/models/dagbag.py", line 351, in parse
    loader.exec_module(new_module)
  File "<frozen importlib._bootstrap_external>", line 940, in exec_module
  File "<frozen importlib._bootstrap>", line 241, in _call_with_frames_removed
  File "/opt/airflow/dags/venv/Lib/site-packages/airflow/example_dags/example_kubernetes_executor.py", line 31, in <module>
    from airflow.sdk import DAG, task
ModuleNotFoundError: No module named 'airflow.sdk'
[2025-12-12T20:12:34.687+0000] {processor.py:842} WARNING - No viable dags retrieved from /opt/airflow/dags/venv/Lib/site-packages/airflow/example_dags/example_kubernetes_executor.py
[2025-12-12T20:12:34.728+0000] {processor.py:183} INFO - Processing /opt/airflow/dags/venv/Lib/site-packages/airflow/example_dags/example_kubernetes_executor.py took 0.068 seconds
[2025-12-12T20:13:09.060+0000] {processor.py:161} INFO - Started process (PID=10591) to work on /opt/airflow/dags/venv/Lib/site-packages/airflow/example_dags/example_kubernetes_executor.py
[2025-12-12T20:13:09.064+0000] {processor.py:830} INFO - Processing file /opt/airflow/dags/venv/Lib/site-packages/airflow/example_dags/example_kubernetes_executor.py for tasks to queue
[2025-12-12T20:13:09.066+0000] {logging_mixin.py:188} INFO - [2025-12-12T20:13:09.065+0000] {dagbag.py:545} INFO - Filling up the DagBag from /opt/airflow/dags/venv/Lib/site-packages/airflow/example_dags/example_kubernetes_executor.py
[2025-12-12T20:13:09.073+0000] {logging_mixin.py:188} INFO - [2025-12-12T20:13:09.070+0000] {dagbag.py:355} ERROR - Failed to import: /opt/airflow/dags/venv/Lib/site-packages/airflow/example_dags/example_kubernetes_executor.py
Traceback (most recent call last):
  File "/home/airflow/.local/lib/python3.11/site-packages/airflow/models/dagbag.py", line 351, in parse
    loader.exec_module(new_module)
  File "<frozen importlib._bootstrap_external>", line 940, in exec_module
  File "<frozen importlib._bootstrap>", line 241, in _call_with_frames_removed
  File "/opt/airflow/dags/venv/Lib/site-packages/airflow/example_dags/example_kubernetes_executor.py", line 31, in <module>
    from airflow.sdk import DAG, task
ModuleNotFoundError: No module named 'airflow.sdk'
[2025-12-12T20:13:09.074+0000] {processor.py:842} WARNING - No viable dags retrieved from /opt/airflow/dags/venv/Lib/site-packages/airflow/example_dags/example_kubernetes_executor.py
[2025-12-12T20:13:09.115+0000] {processor.py:183} INFO - Processing /opt/airflow/dags/venv/Lib/site-packages/airflow/example_dags/example_kubernetes_executor.py took 0.069 seconds
[2025-12-12T20:13:42.388+0000] {processor.py:161} INFO - Started process (PID=11007) to work on /opt/airflow/dags/venv/Lib/site-packages/airflow/example_dags/example_kubernetes_executor.py
[2025-12-12T20:13:42.392+0000] {processor.py:830} INFO - Processing file /opt/airflow/dags/venv/Lib/site-packages/airflow/example_dags/example_kubernetes_executor.py for tasks to queue
[2025-12-12T20:13:42.394+0000] {logging_mixin.py:188} INFO - [2025-12-12T20:13:42.393+0000] {dagbag.py:545} INFO - Filling up the DagBag from /opt/airflow/dags/venv/Lib/site-packages/airflow/example_dags/example_kubernetes_executor.py
[2025-12-12T20:13:42.401+0000] {logging_mixin.py:188} INFO - [2025-12-12T20:13:42.399+0000] {dagbag.py:355} ERROR - Failed to import: /opt/airflow/dags/venv/Lib/site-packages/airflow/example_dags/example_kubernetes_executor.py
Traceback (most recent call last):
  File "/home/airflow/.local/lib/python3.11/site-packages/airflow/models/dagbag.py", line 351, in parse
    loader.exec_module(new_module)
  File "<frozen importlib._bootstrap_external>", line 940, in exec_module
  File "<frozen importlib._bootstrap>", line 241, in _call_with_frames_removed
  File "/opt/airflow/dags/venv/Lib/site-packages/airflow/example_dags/example_kubernetes_executor.py", line 31, in <module>
    from airflow.sdk import DAG, task
ModuleNotFoundError: No module named 'airflow.sdk'
[2025-12-12T20:13:42.402+0000] {processor.py:842} WARNING - No viable dags retrieved from /opt/airflow/dags/venv/Lib/site-packages/airflow/example_dags/example_kubernetes_executor.py
[2025-12-12T20:13:42.447+0000] {processor.py:183} INFO - Processing /opt/airflow/dags/venv/Lib/site-packages/airflow/example_dags/example_kubernetes_executor.py took 0.073 seconds
[2025-12-12T20:14:19.334+0000] {processor.py:161} INFO - Started process (PID=11440) to work on /opt/airflow/dags/venv/Lib/site-packages/airflow/example_dags/example_kubernetes_executor.py
[2025-12-12T20:14:19.337+0000] {processor.py:830} INFO - Processing file /opt/airflow/dags/venv/Lib/site-packages/airflow/example_dags/example_kubernetes_executor.py for tasks to queue
[2025-12-12T20:14:19.338+0000] {logging_mixin.py:188} INFO - [2025-12-12T20:14:19.337+0000] {dagbag.py:545} INFO - Filling up the DagBag from /opt/airflow/dags/venv/Lib/site-packages/airflow/example_dags/example_kubernetes_executor.py
[2025-12-12T20:14:19.345+0000] {logging_mixin.py:188} INFO - [2025-12-12T20:14:19.343+0000] {dagbag.py:355} ERROR - Failed to import: /opt/airflow/dags/venv/Lib/site-packages/airflow/example_dags/example_kubernetes_executor.py
Traceback (most recent call last):
  File "/home/airflow/.local/lib/python3.11/site-packages/airflow/models/dagbag.py", line 351, in parse
    loader.exec_module(new_module)
  File "<frozen importlib._bootstrap_external>", line 940, in exec_module
  File "<frozen importlib._bootstrap>", line 241, in _call_with_frames_removed
  File "/opt/airflow/dags/venv/Lib/site-packages/airflow/example_dags/example_kubernetes_executor.py", line 31, in <module>
    from airflow.sdk import DAG, task
ModuleNotFoundError: No module named 'airflow.sdk'
[2025-12-12T20:14:19.347+0000] {processor.py:842} WARNING - No viable dags retrieved from /opt/airflow/dags/venv/Lib/site-packages/airflow/example_dags/example_kubernetes_executor.py
[2025-12-12T20:14:19.393+0000] {processor.py:183} INFO - Processing /opt/airflow/dags/venv/Lib/site-packages/airflow/example_dags/example_kubernetes_executor.py took 0.076 seconds
[2025-12-12T20:14:53.578+0000] {processor.py:161} INFO - Started process (PID=11868) to work on /opt/airflow/dags/venv/Lib/site-packages/airflow/example_dags/example_kubernetes_executor.py
[2025-12-12T20:14:53.581+0000] {processor.py:830} INFO - Processing file /opt/airflow/dags/venv/Lib/site-packages/airflow/example_dags/example_kubernetes_executor.py for tasks to queue
[2025-12-12T20:14:53.582+0000] {logging_mixin.py:188} INFO - [2025-12-12T20:14:53.582+0000] {dagbag.py:545} INFO - Filling up the DagBag from /opt/airflow/dags/venv/Lib/site-packages/airflow/example_dags/example_kubernetes_executor.py
[2025-12-12T20:14:53.589+0000] {logging_mixin.py:188} INFO - [2025-12-12T20:14:53.587+0000] {dagbag.py:355} ERROR - Failed to import: /opt/airflow/dags/venv/Lib/site-packages/airflow/example_dags/example_kubernetes_executor.py
Traceback (most recent call last):
  File "/home/airflow/.local/lib/python3.11/site-packages/airflow/models/dagbag.py", line 351, in parse
    loader.exec_module(new_module)
  File "<frozen importlib._bootstrap_external>", line 940, in exec_module
  File "<frozen importlib._bootstrap>", line 241, in _call_with_frames_removed
  File "/opt/airflow/dags/venv/Lib/site-packages/airflow/example_dags/example_kubernetes_executor.py", line 31, in <module>
    from airflow.sdk import DAG, task
ModuleNotFoundError: No module named 'airflow.sdk'
[2025-12-12T20:14:53.590+0000] {processor.py:842} WARNING - No viable dags retrieved from /opt/airflow/dags/venv/Lib/site-packages/airflow/example_dags/example_kubernetes_executor.py
[2025-12-12T20:14:53.632+0000] {processor.py:183} INFO - Processing /opt/airflow/dags/venv/Lib/site-packages/airflow/example_dags/example_kubernetes_executor.py took 0.070 seconds
[2025-12-12T20:15:26.135+0000] {processor.py:161} INFO - Started process (PID=12279) to work on /opt/airflow/dags/venv/Lib/site-packages/airflow/example_dags/example_kubernetes_executor.py
[2025-12-12T20:15:26.139+0000] {processor.py:830} INFO - Processing file /opt/airflow/dags/venv/Lib/site-packages/airflow/example_dags/example_kubernetes_executor.py for tasks to queue
[2025-12-12T20:15:26.140+0000] {logging_mixin.py:188} INFO - [2025-12-12T20:15:26.140+0000] {dagbag.py:545} INFO - Filling up the DagBag from /opt/airflow/dags/venv/Lib/site-packages/airflow/example_dags/example_kubernetes_executor.py
[2025-12-12T20:15:26.147+0000] {logging_mixin.py:188} INFO - [2025-12-12T20:15:26.145+0000] {dagbag.py:355} ERROR - Failed to import: /opt/airflow/dags/venv/Lib/site-packages/airflow/example_dags/example_kubernetes_executor.py
Traceback (most recent call last):
  File "/home/airflow/.local/lib/python3.11/site-packages/airflow/models/dagbag.py", line 351, in parse
    loader.exec_module(new_module)
  File "<frozen importlib._bootstrap_external>", line 940, in exec_module
  File "<frozen importlib._bootstrap>", line 241, in _call_with_frames_removed
  File "/opt/airflow/dags/venv/Lib/site-packages/airflow/example_dags/example_kubernetes_executor.py", line 31, in <module>
    from airflow.sdk import DAG, task
ModuleNotFoundError: No module named 'airflow.sdk'
[2025-12-12T20:15:26.148+0000] {processor.py:842} WARNING - No viable dags retrieved from /opt/airflow/dags/venv/Lib/site-packages/airflow/example_dags/example_kubernetes_executor.py
[2025-12-12T20:15:26.186+0000] {processor.py:183} INFO - Processing /opt/airflow/dags/venv/Lib/site-packages/airflow/example_dags/example_kubernetes_executor.py took 0.065 seconds
[2025-12-12T20:16:00.796+0000] {processor.py:161} INFO - Started process (PID=12665) to work on /opt/airflow/dags/venv/Lib/site-packages/airflow/example_dags/example_kubernetes_executor.py
[2025-12-12T20:16:00.800+0000] {processor.py:830} INFO - Processing file /opt/airflow/dags/venv/Lib/site-packages/airflow/example_dags/example_kubernetes_executor.py for tasks to queue
[2025-12-12T20:16:00.801+0000] {logging_mixin.py:188} INFO - [2025-12-12T20:16:00.801+0000] {dagbag.py:545} INFO - Filling up the DagBag from /opt/airflow/dags/venv/Lib/site-packages/airflow/example_dags/example_kubernetes_executor.py
[2025-12-12T20:16:00.809+0000] {logging_mixin.py:188} INFO - [2025-12-12T20:16:00.807+0000] {dagbag.py:355} ERROR - Failed to import: /opt/airflow/dags/venv/Lib/site-packages/airflow/example_dags/example_kubernetes_executor.py
Traceback (most recent call last):
  File "/home/airflow/.local/lib/python3.11/site-packages/airflow/models/dagbag.py", line 351, in parse
    loader.exec_module(new_module)
  File "<frozen importlib._bootstrap_external>", line 940, in exec_module
  File "<frozen importlib._bootstrap>", line 241, in _call_with_frames_removed
  File "/opt/airflow/dags/venv/Lib/site-packages/airflow/example_dags/example_kubernetes_executor.py", line 31, in <module>
    from airflow.sdk import DAG, task
ModuleNotFoundError: No module named 'airflow.sdk'
[2025-12-12T20:16:00.809+0000] {processor.py:842} WARNING - No viable dags retrieved from /opt/airflow/dags/venv/Lib/site-packages/airflow/example_dags/example_kubernetes_executor.py
[2025-12-12T20:16:00.849+0000] {processor.py:183} INFO - Processing /opt/airflow/dags/venv/Lib/site-packages/airflow/example_dags/example_kubernetes_executor.py took 0.067 seconds
[2025-12-12T20:16:34.947+0000] {processor.py:161} INFO - Started process (PID=13109) to work on /opt/airflow/dags/venv/Lib/site-packages/airflow/example_dags/example_kubernetes_executor.py
[2025-12-12T20:16:34.950+0000] {processor.py:830} INFO - Processing file /opt/airflow/dags/venv/Lib/site-packages/airflow/example_dags/example_kubernetes_executor.py for tasks to queue
[2025-12-12T20:16:34.952+0000] {logging_mixin.py:188} INFO - [2025-12-12T20:16:34.951+0000] {dagbag.py:545} INFO - Filling up the DagBag from /opt/airflow/dags/venv/Lib/site-packages/airflow/example_dags/example_kubernetes_executor.py
[2025-12-12T20:16:34.960+0000] {logging_mixin.py:188} INFO - [2025-12-12T20:16:34.958+0000] {dagbag.py:355} ERROR - Failed to import: /opt/airflow/dags/venv/Lib/site-packages/airflow/example_dags/example_kubernetes_executor.py
Traceback (most recent call last):
  File "/home/airflow/.local/lib/python3.11/site-packages/airflow/models/dagbag.py", line 351, in parse
    loader.exec_module(new_module)
  File "<frozen importlib._bootstrap_external>", line 940, in exec_module
  File "<frozen importlib._bootstrap>", line 241, in _call_with_frames_removed
  File "/opt/airflow/dags/venv/Lib/site-packages/airflow/example_dags/example_kubernetes_executor.py", line 31, in <module>
    from airflow.sdk import DAG, task
ModuleNotFoundError: No module named 'airflow.sdk'
[2025-12-12T20:16:34.961+0000] {processor.py:842} WARNING - No viable dags retrieved from /opt/airflow/dags/venv/Lib/site-packages/airflow/example_dags/example_kubernetes_executor.py
[2025-12-12T20:16:35.003+0000] {processor.py:183} INFO - Processing /opt/airflow/dags/venv/Lib/site-packages/airflow/example_dags/example_kubernetes_executor.py took 0.071 seconds
[2025-12-12T20:17:11.140+0000] {processor.py:161} INFO - Started process (PID=13585) to work on /opt/airflow/dags/venv/Lib/site-packages/airflow/example_dags/example_kubernetes_executor.py
[2025-12-12T20:17:11.144+0000] {processor.py:830} INFO - Processing file /opt/airflow/dags/venv/Lib/site-packages/airflow/example_dags/example_kubernetes_executor.py for tasks to queue
[2025-12-12T20:17:11.145+0000] {logging_mixin.py:188} INFO - [2025-12-12T20:17:11.145+0000] {dagbag.py:545} INFO - Filling up the DagBag from /opt/airflow/dags/venv/Lib/site-packages/airflow/example_dags/example_kubernetes_executor.py
[2025-12-12T20:17:11.152+0000] {logging_mixin.py:188} INFO - [2025-12-12T20:17:11.150+0000] {dagbag.py:355} ERROR - Failed to import: /opt/airflow/dags/venv/Lib/site-packages/airflow/example_dags/example_kubernetes_executor.py
Traceback (most recent call last):
  File "/home/airflow/.local/lib/python3.11/site-packages/airflow/models/dagbag.py", line 351, in parse
    loader.exec_module(new_module)
  File "<frozen importlib._bootstrap_external>", line 940, in exec_module
  File "<frozen importlib._bootstrap>", line 241, in _call_with_frames_removed
  File "/opt/airflow/dags/venv/Lib/site-packages/airflow/example_dags/example_kubernetes_executor.py", line 31, in <module>
    from airflow.sdk import DAG, task
ModuleNotFoundError: No module named 'airflow.sdk'
[2025-12-12T20:17:11.153+0000] {processor.py:842} WARNING - No viable dags retrieved from /opt/airflow/dags/venv/Lib/site-packages/airflow/example_dags/example_kubernetes_executor.py
[2025-12-12T20:17:11.192+0000] {processor.py:183} INFO - Processing /opt/airflow/dags/venv/Lib/site-packages/airflow/example_dags/example_kubernetes_executor.py took 0.067 seconds
[2025-12-12T20:17:45.773+0000] {processor.py:161} INFO - Started process (PID=14048) to work on /opt/airflow/dags/venv/Lib/site-packages/airflow/example_dags/example_kubernetes_executor.py
[2025-12-12T20:17:45.776+0000] {processor.py:830} INFO - Processing file /opt/airflow/dags/venv/Lib/site-packages/airflow/example_dags/example_kubernetes_executor.py for tasks to queue
[2025-12-12T20:17:45.778+0000] {logging_mixin.py:188} INFO - [2025-12-12T20:17:45.777+0000] {dagbag.py:545} INFO - Filling up the DagBag from /opt/airflow/dags/venv/Lib/site-packages/airflow/example_dags/example_kubernetes_executor.py
[2025-12-12T20:17:45.785+0000] {logging_mixin.py:188} INFO - [2025-12-12T20:17:45.783+0000] {dagbag.py:355} ERROR - Failed to import: /opt/airflow/dags/venv/Lib/site-packages/airflow/example_dags/example_kubernetes_executor.py
Traceback (most recent call last):
  File "/home/airflow/.local/lib/python3.11/site-packages/airflow/models/dagbag.py", line 351, in parse
    loader.exec_module(new_module)
  File "<frozen importlib._bootstrap_external>", line 940, in exec_module
  File "<frozen importlib._bootstrap>", line 241, in _call_with_frames_removed
  File "/opt/airflow/dags/venv/Lib/site-packages/airflow/example_dags/example_kubernetes_executor.py", line 31, in <module>
    from airflow.sdk import DAG, task
ModuleNotFoundError: No module named 'airflow.sdk'
[2025-12-12T20:17:45.786+0000] {processor.py:842} WARNING - No viable dags retrieved from /opt/airflow/dags/venv/Lib/site-packages/airflow/example_dags/example_kubernetes_executor.py
[2025-12-12T20:17:45.826+0000] {processor.py:183} INFO - Processing /opt/airflow/dags/venv/Lib/site-packages/airflow/example_dags/example_kubernetes_executor.py took 0.067 seconds
[2025-12-12T20:18:19.279+0000] {processor.py:161} INFO - Started process (PID=14493) to work on /opt/airflow/dags/venv/Lib/site-packages/airflow/example_dags/example_kubernetes_executor.py
[2025-12-12T20:18:19.282+0000] {processor.py:830} INFO - Processing file /opt/airflow/dags/venv/Lib/site-packages/airflow/example_dags/example_kubernetes_executor.py for tasks to queue
[2025-12-12T20:18:19.283+0000] {logging_mixin.py:188} INFO - [2025-12-12T20:18:19.283+0000] {dagbag.py:545} INFO - Filling up the DagBag from /opt/airflow/dags/venv/Lib/site-packages/airflow/example_dags/example_kubernetes_executor.py
[2025-12-12T20:18:19.290+0000] {logging_mixin.py:188} INFO - [2025-12-12T20:18:19.288+0000] {dagbag.py:355} ERROR - Failed to import: /opt/airflow/dags/venv/Lib/site-packages/airflow/example_dags/example_kubernetes_executor.py
Traceback (most recent call last):
  File "/home/airflow/.local/lib/python3.11/site-packages/airflow/models/dagbag.py", line 351, in parse
    loader.exec_module(new_module)
  File "<frozen importlib._bootstrap_external>", line 940, in exec_module
  File "<frozen importlib._bootstrap>", line 241, in _call_with_frames_removed
  File "/opt/airflow/dags/venv/Lib/site-packages/airflow/example_dags/example_kubernetes_executor.py", line 31, in <module>
    from airflow.sdk import DAG, task
ModuleNotFoundError: No module named 'airflow.sdk'
[2025-12-12T20:18:19.292+0000] {processor.py:842} WARNING - No viable dags retrieved from /opt/airflow/dags/venv/Lib/site-packages/airflow/example_dags/example_kubernetes_executor.py
[2025-12-12T20:18:19.329+0000] {processor.py:183} INFO - Processing /opt/airflow/dags/venv/Lib/site-packages/airflow/example_dags/example_kubernetes_executor.py took 0.063 seconds
[2025-12-12T20:18:54.150+0000] {processor.py:161} INFO - Started process (PID=14976) to work on /opt/airflow/dags/venv/Lib/site-packages/airflow/example_dags/example_kubernetes_executor.py
[2025-12-12T20:18:54.154+0000] {processor.py:830} INFO - Processing file /opt/airflow/dags/venv/Lib/site-packages/airflow/example_dags/example_kubernetes_executor.py for tasks to queue
[2025-12-12T20:18:54.163+0000] {logging_mixin.py:188} INFO - [2025-12-12T20:18:54.155+0000] {dagbag.py:545} INFO - Filling up the DagBag from /opt/airflow/dags/venv/Lib/site-packages/airflow/example_dags/example_kubernetes_executor.py
[2025-12-12T20:18:54.172+0000] {logging_mixin.py:188} INFO - [2025-12-12T20:18:54.170+0000] {dagbag.py:355} ERROR - Failed to import: /opt/airflow/dags/venv/Lib/site-packages/airflow/example_dags/example_kubernetes_executor.py
Traceback (most recent call last):
  File "/home/airflow/.local/lib/python3.11/site-packages/airflow/models/dagbag.py", line 351, in parse
    loader.exec_module(new_module)
  File "<frozen importlib._bootstrap_external>", line 940, in exec_module
  File "<frozen importlib._bootstrap>", line 241, in _call_with_frames_removed
  File "/opt/airflow/dags/venv/Lib/site-packages/airflow/example_dags/example_kubernetes_executor.py", line 31, in <module>
    from airflow.sdk import DAG, task
ModuleNotFoundError: No module named 'airflow.sdk'
[2025-12-12T20:18:54.174+0000] {processor.py:842} WARNING - No viable dags retrieved from /opt/airflow/dags/venv/Lib/site-packages/airflow/example_dags/example_kubernetes_executor.py
[2025-12-12T20:18:54.247+0000] {processor.py:183} INFO - Processing /opt/airflow/dags/venv/Lib/site-packages/airflow/example_dags/example_kubernetes_executor.py took 0.132 seconds
[2025-12-12T20:19:29.811+0000] {processor.py:161} INFO - Started process (PID=15418) to work on /opt/airflow/dags/venv/Lib/site-packages/airflow/example_dags/example_kubernetes_executor.py
[2025-12-12T20:19:29.814+0000] {processor.py:830} INFO - Processing file /opt/airflow/dags/venv/Lib/site-packages/airflow/example_dags/example_kubernetes_executor.py for tasks to queue
[2025-12-12T20:19:29.816+0000] {logging_mixin.py:188} INFO - [2025-12-12T20:19:29.815+0000] {dagbag.py:545} INFO - Filling up the DagBag from /opt/airflow/dags/venv/Lib/site-packages/airflow/example_dags/example_kubernetes_executor.py
[2025-12-12T20:19:29.823+0000] {logging_mixin.py:188} INFO - [2025-12-12T20:19:29.821+0000] {dagbag.py:355} ERROR - Failed to import: /opt/airflow/dags/venv/Lib/site-packages/airflow/example_dags/example_kubernetes_executor.py
Traceback (most recent call last):
  File "/home/airflow/.local/lib/python3.11/site-packages/airflow/models/dagbag.py", line 351, in parse
    loader.exec_module(new_module)
  File "<frozen importlib._bootstrap_external>", line 940, in exec_module
  File "<frozen importlib._bootstrap>", line 241, in _call_with_frames_removed
  File "/opt/airflow/dags/venv/Lib/site-packages/airflow/example_dags/example_kubernetes_executor.py", line 31, in <module>
    from airflow.sdk import DAG, task
ModuleNotFoundError: No module named 'airflow.sdk'
[2025-12-12T20:19:29.824+0000] {processor.py:842} WARNING - No viable dags retrieved from /opt/airflow/dags/venv/Lib/site-packages/airflow/example_dags/example_kubernetes_executor.py
[2025-12-12T20:19:29.863+0000] {processor.py:183} INFO - Processing /opt/airflow/dags/venv/Lib/site-packages/airflow/example_dags/example_kubernetes_executor.py took 0.066 seconds
[2025-12-12T20:20:05.165+0000] {processor.py:161} INFO - Started process (PID=15845) to work on /opt/airflow/dags/venv/Lib/site-packages/airflow/example_dags/example_kubernetes_executor.py
[2025-12-12T20:20:05.168+0000] {processor.py:830} INFO - Processing file /opt/airflow/dags/venv/Lib/site-packages/airflow/example_dags/example_kubernetes_executor.py for tasks to queue
[2025-12-12T20:20:05.170+0000] {logging_mixin.py:188} INFO - [2025-12-12T20:20:05.169+0000] {dagbag.py:545} INFO - Filling up the DagBag from /opt/airflow/dags/venv/Lib/site-packages/airflow/example_dags/example_kubernetes_executor.py
[2025-12-12T20:20:05.178+0000] {logging_mixin.py:188} INFO - [2025-12-12T20:20:05.175+0000] {dagbag.py:355} ERROR - Failed to import: /opt/airflow/dags/venv/Lib/site-packages/airflow/example_dags/example_kubernetes_executor.py
Traceback (most recent call last):
  File "/home/airflow/.local/lib/python3.11/site-packages/airflow/models/dagbag.py", line 351, in parse
    loader.exec_module(new_module)
  File "<frozen importlib._bootstrap_external>", line 940, in exec_module
  File "<frozen importlib._bootstrap>", line 241, in _call_with_frames_removed
  File "/opt/airflow/dags/venv/Lib/site-packages/airflow/example_dags/example_kubernetes_executor.py", line 31, in <module>
    from airflow.sdk import DAG, task
ModuleNotFoundError: No module named 'airflow.sdk'
[2025-12-12T20:20:05.179+0000] {processor.py:842} WARNING - No viable dags retrieved from /opt/airflow/dags/venv/Lib/site-packages/airflow/example_dags/example_kubernetes_executor.py
[2025-12-12T20:20:05.223+0000] {processor.py:183} INFO - Processing /opt/airflow/dags/venv/Lib/site-packages/airflow/example_dags/example_kubernetes_executor.py took 0.073 seconds
[2025-12-12T20:20:42.064+0000] {processor.py:161} INFO - Started process (PID=16275) to work on /opt/airflow/dags/venv/Lib/site-packages/airflow/example_dags/example_kubernetes_executor.py
[2025-12-12T20:20:42.066+0000] {processor.py:830} INFO - Processing file /opt/airflow/dags/venv/Lib/site-packages/airflow/example_dags/example_kubernetes_executor.py for tasks to queue
[2025-12-12T20:20:42.068+0000] {logging_mixin.py:188} INFO - [2025-12-12T20:20:42.067+0000] {dagbag.py:545} INFO - Filling up the DagBag from /opt/airflow/dags/venv/Lib/site-packages/airflow/example_dags/example_kubernetes_executor.py
[2025-12-12T20:20:42.075+0000] {logging_mixin.py:188} INFO - [2025-12-12T20:20:42.073+0000] {dagbag.py:355} ERROR - Failed to import: /opt/airflow/dags/venv/Lib/site-packages/airflow/example_dags/example_kubernetes_executor.py
Traceback (most recent call last):
  File "/home/airflow/.local/lib/python3.11/site-packages/airflow/models/dagbag.py", line 351, in parse
    loader.exec_module(new_module)
  File "<frozen importlib._bootstrap_external>", line 940, in exec_module
  File "<frozen importlib._bootstrap>", line 241, in _call_with_frames_removed
  File "/opt/airflow/dags/venv/Lib/site-packages/airflow/example_dags/example_kubernetes_executor.py", line 31, in <module>
    from airflow.sdk import DAG, task
ModuleNotFoundError: No module named 'airflow.sdk'
[2025-12-12T20:20:42.076+0000] {processor.py:842} WARNING - No viable dags retrieved from /opt/airflow/dags/venv/Lib/site-packages/airflow/example_dags/example_kubernetes_executor.py
[2025-12-12T20:20:42.115+0000] {processor.py:183} INFO - Processing /opt/airflow/dags/venv/Lib/site-packages/airflow/example_dags/example_kubernetes_executor.py took 0.064 seconds
[2025-12-12T20:21:15.215+0000] {processor.py:161} INFO - Started process (PID=16702) to work on /opt/airflow/dags/venv/Lib/site-packages/airflow/example_dags/example_kubernetes_executor.py
[2025-12-12T20:21:15.218+0000] {processor.py:830} INFO - Processing file /opt/airflow/dags/venv/Lib/site-packages/airflow/example_dags/example_kubernetes_executor.py for tasks to queue
[2025-12-12T20:21:15.220+0000] {logging_mixin.py:188} INFO - [2025-12-12T20:21:15.219+0000] {dagbag.py:545} INFO - Filling up the DagBag from /opt/airflow/dags/venv/Lib/site-packages/airflow/example_dags/example_kubernetes_executor.py
[2025-12-12T20:21:15.227+0000] {logging_mixin.py:188} INFO - [2025-12-12T20:21:15.225+0000] {dagbag.py:355} ERROR - Failed to import: /opt/airflow/dags/venv/Lib/site-packages/airflow/example_dags/example_kubernetes_executor.py
Traceback (most recent call last):
  File "/home/airflow/.local/lib/python3.11/site-packages/airflow/models/dagbag.py", line 351, in parse
    loader.exec_module(new_module)
  File "<frozen importlib._bootstrap_external>", line 940, in exec_module
  File "<frozen importlib._bootstrap>", line 241, in _call_with_frames_removed
  File "/opt/airflow/dags/venv/Lib/site-packages/airflow/example_dags/example_kubernetes_executor.py", line 31, in <module>
    from airflow.sdk import DAG, task
ModuleNotFoundError: No module named 'airflow.sdk'
[2025-12-12T20:21:15.228+0000] {processor.py:842} WARNING - No viable dags retrieved from /opt/airflow/dags/venv/Lib/site-packages/airflow/example_dags/example_kubernetes_executor.py
[2025-12-12T20:21:15.268+0000] {processor.py:183} INFO - Processing /opt/airflow/dags/venv/Lib/site-packages/airflow/example_dags/example_kubernetes_executor.py took 0.070 seconds
[2025-12-12T20:21:49.025+0000] {processor.py:161} INFO - Started process (PID=17110) to work on /opt/airflow/dags/venv/Lib/site-packages/airflow/example_dags/example_kubernetes_executor.py
[2025-12-12T20:21:49.028+0000] {processor.py:830} INFO - Processing file /opt/airflow/dags/venv/Lib/site-packages/airflow/example_dags/example_kubernetes_executor.py for tasks to queue
[2025-12-12T20:21:49.030+0000] {logging_mixin.py:188} INFO - [2025-12-12T20:21:49.029+0000] {dagbag.py:545} INFO - Filling up the DagBag from /opt/airflow/dags/venv/Lib/site-packages/airflow/example_dags/example_kubernetes_executor.py
[2025-12-12T20:21:49.036+0000] {logging_mixin.py:188} INFO - [2025-12-12T20:21:49.034+0000] {dagbag.py:355} ERROR - Failed to import: /opt/airflow/dags/venv/Lib/site-packages/airflow/example_dags/example_kubernetes_executor.py
Traceback (most recent call last):
  File "/home/airflow/.local/lib/python3.11/site-packages/airflow/models/dagbag.py", line 351, in parse
    loader.exec_module(new_module)
  File "<frozen importlib._bootstrap_external>", line 940, in exec_module
  File "<frozen importlib._bootstrap>", line 241, in _call_with_frames_removed
  File "/opt/airflow/dags/venv/Lib/site-packages/airflow/example_dags/example_kubernetes_executor.py", line 31, in <module>
    from airflow.sdk import DAG, task
ModuleNotFoundError: No module named 'airflow.sdk'
[2025-12-12T20:21:49.037+0000] {processor.py:842} WARNING - No viable dags retrieved from /opt/airflow/dags/venv/Lib/site-packages/airflow/example_dags/example_kubernetes_executor.py
[2025-12-12T20:21:49.076+0000] {processor.py:183} INFO - Processing /opt/airflow/dags/venv/Lib/site-packages/airflow/example_dags/example_kubernetes_executor.py took 0.064 seconds
[2025-12-12T20:22:08.706+0000] {processor.py:161} INFO - Started process (PID=17302) to work on /opt/airflow/dags/venv/Lib/site-packages/airflow/example_dags/example_kubernetes_executor.py
[2025-12-12T20:22:08.709+0000] {processor.py:830} INFO - Processing file /opt/airflow/dags/venv/Lib/site-packages/airflow/example_dags/example_kubernetes_executor.py for tasks to queue
[2025-12-12T20:22:08.714+0000] {logging_mixin.py:188} INFO - [2025-12-12T20:22:08.713+0000] {dagbag.py:545} INFO - Filling up the DagBag from /opt/airflow/dags/venv/Lib/site-packages/airflow/example_dags/example_kubernetes_executor.py
[2025-12-12T20:22:08.721+0000] {logging_mixin.py:188} INFO - [2025-12-12T20:22:08.719+0000] {dagbag.py:355} ERROR - Failed to import: /opt/airflow/dags/venv/Lib/site-packages/airflow/example_dags/example_kubernetes_executor.py
Traceback (most recent call last):
  File "/home/airflow/.local/lib/python3.11/site-packages/airflow/models/dagbag.py", line 351, in parse
    loader.exec_module(new_module)
  File "<frozen importlib._bootstrap_external>", line 940, in exec_module
  File "<frozen importlib._bootstrap>", line 241, in _call_with_frames_removed
  File "/opt/airflow/dags/venv/Lib/site-packages/airflow/example_dags/example_kubernetes_executor.py", line 31, in <module>
    from airflow.sdk import DAG, task
ModuleNotFoundError: No module named 'airflow.sdk'
[2025-12-12T20:22:08.722+0000] {processor.py:842} WARNING - No viable dags retrieved from /opt/airflow/dags/venv/Lib/site-packages/airflow/example_dags/example_kubernetes_executor.py
[2025-12-12T20:22:08.763+0000] {processor.py:183} INFO - Processing /opt/airflow/dags/venv/Lib/site-packages/airflow/example_dags/example_kubernetes_executor.py took 0.071 seconds
[2025-12-12T20:22:39.200+0000] {processor.py:161} INFO - Started process (PID=17570) to work on /opt/airflow/dags/venv/Lib/site-packages/airflow/example_dags/example_kubernetes_executor.py
[2025-12-12T20:22:39.203+0000] {processor.py:830} INFO - Processing file /opt/airflow/dags/venv/Lib/site-packages/airflow/example_dags/example_kubernetes_executor.py for tasks to queue
[2025-12-12T20:22:39.205+0000] {logging_mixin.py:188} INFO - [2025-12-12T20:22:39.204+0000] {dagbag.py:545} INFO - Filling up the DagBag from /opt/airflow/dags/venv/Lib/site-packages/airflow/example_dags/example_kubernetes_executor.py
[2025-12-12T20:22:39.212+0000] {logging_mixin.py:188} INFO - [2025-12-12T20:22:39.210+0000] {dagbag.py:355} ERROR - Failed to import: /opt/airflow/dags/venv/Lib/site-packages/airflow/example_dags/example_kubernetes_executor.py
Traceback (most recent call last):
  File "/home/airflow/.local/lib/python3.11/site-packages/airflow/models/dagbag.py", line 351, in parse
    loader.exec_module(new_module)
  File "<frozen importlib._bootstrap_external>", line 940, in exec_module
  File "<frozen importlib._bootstrap>", line 241, in _call_with_frames_removed
  File "/opt/airflow/dags/venv/Lib/site-packages/airflow/example_dags/example_kubernetes_executor.py", line 31, in <module>
    from airflow.sdk import DAG, task
ModuleNotFoundError: No module named 'airflow.sdk'
[2025-12-12T20:22:39.212+0000] {processor.py:842} WARNING - No viable dags retrieved from /opt/airflow/dags/venv/Lib/site-packages/airflow/example_dags/example_kubernetes_executor.py
[2025-12-12T20:22:39.250+0000] {processor.py:183} INFO - Processing /opt/airflow/dags/venv/Lib/site-packages/airflow/example_dags/example_kubernetes_executor.py took 0.062 seconds
